<?xml version="1.0" encoding="UTF-8"?>
<coverage generated="1749545171980" clover="3.2.0">
  <project timestamp="1749545171980" name="All files">
    <metrics statements="154" coveredstatements="140" conditionals="42" coveredconditionals="35" methods="32" coveredmethods="29" elements="228" coveredelements="204" complexity="0" loc="154" ncloc="154" packages="1" files="1" classes="1"/>
    <file name="tenants.service.ts" path="/Users/Dev/AuthCakes/authcakes-api-nest/src/modules/tenants/services/tenants.service.ts">
      <metrics statements="154" coveredstatements="140" conditionals="42" coveredconditionals="35" methods="32" coveredmethods="29"/>
      <line num="1" count="1" type="stmt"/>
      <line num="8" count="1" type="stmt"/>
      <line num="9" count="1" type="stmt"/>
      <line num="10" count="1" type="stmt"/>
      <line num="11" count="1" type="stmt"/>
      <line num="12" count="1" type="stmt"/>
      <line num="13" count="1" type="stmt"/>
      <line num="14" count="1" type="stmt"/>
      <line num="72" count="1" type="stmt"/>
      <line num="73" count="57" type="stmt"/>
      <line num="77" count="57" type="stmt"/>
      <line num="79" count="57" type="stmt"/>
      <line num="81" count="57" type="stmt"/>
      <line num="92" count="3" type="cond" truecount="1" falsecount="0"/>
      <line num="93" count="2" type="stmt"/>
      <line num="97" count="2" type="cond" truecount="1" falsecount="0"/>
      <line num="98" count="1" type="stmt"/>
      <line num="102" count="2" type="stmt"/>
      <line num="103" count="2" type="stmt"/>
      <line num="107" count="1" type="stmt"/>
      <line num="113" count="2" type="stmt"/>
      <line num="117" count="2" type="cond" truecount="1" falsecount="0"/>
      <line num="118" count="1" type="stmt"/>
      <line num="121" count="1" type="stmt"/>
      <line num="125" count="2" type="stmt"/>
      <line num="129" count="2" type="cond" truecount="1" falsecount="0"/>
      <line num="130" count="1" type="stmt"/>
      <line num="133" count="1" type="stmt"/>
      <line num="145" count="3" type="stmt"/>
      <line num="148" count="3" type="cond" truecount="3" falsecount="0"/>
      <line num="149" count="1" type="stmt"/>
      <line num="153" count="1" type="cond" truecount="1" falsecount="0"/>
      <line num="154" count="1" type="stmt"/>
      <line num="158" count="2" type="stmt"/>
      <line num="159" count="2" type="stmt"/>
      <line num="163" count="1" type="stmt"/>
      <line num="164" count="1" type="stmt"/>
      <line num="168" count="1" type="stmt"/>
      <line num="169" count="1" type="stmt"/>
      <line num="170" count="1" type="stmt"/>
      <line num="189" count="2" type="stmt"/>
      <line num="193" count="2" type="cond" truecount="1" falsecount="0"/>
      <line num="194" count="1" type="stmt"/>
      <line num="198" count="1" type="stmt"/>
      <line num="200" count="1" type="stmt"/>
      <line num="206" count="1" type="stmt"/>
      <line num="213" count="3" type="cond" truecount="1" falsecount="0"/>
      <line num="214" count="1" type="stmt"/>
      <line num="217" count="1" type="stmt"/>
      <line num="219" count="2" type="stmt"/>
      <line num="226" count="1" type="stmt"/>
      <line num="246" count="3" type="cond" truecount="1" falsecount="0"/>
      <line num="247" count="1" type="stmt"/>
      <line num="250" count="1" type="stmt"/>
      <line num="252" count="2" type="stmt"/>
      <line num="256" count="2" type="cond" truecount="1" falsecount="0"/>
      <line num="257" count="1" type="stmt"/>
      <line num="260" count="1" type="stmt"/>
      <line num="261" count="1" type="stmt"/>
      <line num="265" count="3" type="cond" truecount="1" falsecount="0"/>
      <line num="266" count="1" type="stmt"/>
      <line num="269" count="1" type="stmt"/>
      <line num="271" count="2" type="stmt"/>
      <line num="275" count="2" type="cond" truecount="1" falsecount="0"/>
      <line num="276" count="1" type="stmt"/>
      <line num="279" count="1" type="stmt"/>
      <line num="283" count="2" type="cond" truecount="1" falsecount="0"/>
      <line num="284" count="1" type="stmt"/>
      <line num="287" count="1" type="stmt"/>
      <line num="289" count="1" type="stmt"/>
      <line num="313" count="2" type="stmt"/>
      <line num="316" count="2" type="stmt"/>
      <line num="324" count="2" type="cond" truecount="1" falsecount="0"/>
      <line num="325" count="1" type="stmt"/>
      <line num="331" count="1" type="stmt"/>
      <line num="332" count="1" type="stmt"/>
      <line num="333" count="1" type="stmt"/>
      <line num="335" count="1" type="stmt"/>
      <line num="344" count="1" type="stmt"/>
      <line num="348" count="4" type="stmt"/>
      <line num="353" count="4" type="cond" truecount="1" falsecount="0"/>
      <line num="354" count="1" type="stmt"/>
      <line num="358" count="3" type="cond" truecount="1" falsecount="0"/>
      <line num="359" count="1" type="stmt"/>
      <line num="363" count="2" type="cond" truecount="1" falsecount="0"/>
      <line num="364" count="1" type="stmt"/>
      <line num="367" count="1" type="stmt"/>
      <line num="383" count="2" type="stmt"/>
      <line num="386" count="2" type="stmt"/>
      <line num="390" count="2" type="cond" truecount="1" falsecount="0"/>
      <line num="391" count="1" type="stmt"/>
      <line num="395" count="1" type="stmt"/>
      <line num="396" count="1" type="stmt"/>
      <line num="397" count="1" type="stmt"/>
      <line num="400" count="1" type="stmt"/>
      <line num="404" count="2" type="cond" truecount="1" falsecount="0"/>
      <line num="405" count="1" type="stmt"/>
      <line num="408" count="1" type="stmt"/>
      <line num="410" count="1" type="stmt"/>
      <line num="417" count="2" type="stmt"/>
      <line num="421" count="2" type="cond" truecount="1" falsecount="0"/>
      <line num="422" count="1" type="stmt"/>
      <line num="425" count="1" type="stmt"/>
      <line num="434" count="1" type="stmt"/>
      <line num="438" count="1" type="stmt"/>
      <line num="442" count="3" type="cond" truecount="2" falsecount="0"/>
      <line num="443" count="3" type="cond" truecount="2" falsecount="0"/>
      <line num="444" count="3" type="stmt"/>
      <line num="445" count="3" type="stmt"/>
      <line num="448" count="3" type="cond" truecount="1" falsecount="0"/>
      <line num="449" count="1" type="stmt"/>
      <line num="453" count="3" type="stmt"/>
      <line num="454" count="3" type="stmt"/>
      <line num="464" count="1" type="stmt"/>
      <line num="468" count="1" type="stmt"/>
      <line num="472" count="2" type="cond" truecount="1" falsecount="0"/>
      <line num="473" count="1" type="stmt"/>
      <line num="476" count="1" type="stmt"/>
      <line num="478" count="1" type="stmt"/>
      <line num="482" count="2" type="cond" truecount="1" falsecount="0"/>
      <line num="483" count="1" type="stmt"/>
      <line num="486" count="1" type="stmt"/>
      <line num="488" count="1" type="stmt"/>
      <line num="502" count="2" type="stmt"/>
      <line num="505" count="2" type="cond" truecount="1" falsecount="0"/>
      <line num="506" count="1" type="stmt"/>
      <line num="508" count="1" type="stmt"/>
      <line num="509" count="1" type="stmt"/>
      <line num="523" count="2" type="cond" truecount="1" falsecount="0"/>
      <line num="524" count="1" type="stmt"/>
      <line num="527" count="1" type="stmt"/>
      <line num="529" count="1" type="stmt"/>
      <line num="551" count="3" type="cond" truecount="1" falsecount="0"/>
      <line num="552" count="1" type="stmt"/>
      <line num="555" count="1" type="stmt"/>
      <line num="557" count="2" type="stmt"/>
      <line num="558" count="2" type="cond" truecount="1" falsecount="0"/>
      <line num="559" count="1" type="stmt"/>
      <line num="561" count="1" type="stmt"/>
      <line num="562" count="1" type="stmt"/>
      <line num="566" count="0" type="cond" truecount="0" falsecount="1"/>
      <line num="567" count="0" type="stmt"/>
      <line num="570" count="0" type="stmt"/>
      <line num="572" count="0" type="stmt"/>
      <line num="587" count="0" type="stmt"/>
      <line num="588" count="0" type="cond" truecount="0" falsecount="1"/>
      <line num="589" count="0" type="stmt"/>
      <line num="591" count="0" type="cond" truecount="0" falsecount="2"/>
      <line num="611" count="0" type="stmt"/>
      <line num="612" count="0" type="cond" truecount="0" falsecount="1"/>
      <line num="613" count="0" type="stmt"/>
      <line num="615" count="0" type="stmt"/>
      <line num="619" count="0" type="stmt"/>
      <line num="620" count="0" type="stmt"/>
    </file>
  </project>
</coverage>
