{"/Users/Dev/AuthCakes/authcakes-api-nest/src/modules/tenants/services/tenants.service.ts": {"path":"/Users/Dev/AuthCakes/authcakes-api-nest/src/modules/tenants/services/tenants.service.ts","statementMap":{"0":{"start":{"line":1,"column":0},"end":{"line":1,"column":null}},"1":{"start":{"line":8,"column":0},"end":{"line":8,"column":51}},"2":{"start":{"line":9,"column":0},"end":{"line":9,"column":45}},"3":{"start":{"line":10,"column":0},"end":{"line":10,"column":33}},"4":{"start":{"line":11,"column":0},"end":{"line":11,"column":51}},"5":{"start":{"line":12,"column":0},"end":{"line":12,"column":72}},"6":{"start":{"line":13,"column":0},"end":{"line":13,"column":72}},"7":{"start":{"line":14,"column":0},"end":{"line":14,"column":58}},"8":{"start":{"line":72,"column":27},"end":{"line":622,"column":null}},"9":{"start":{"line":73,"column":28},"end":{"line":73,"column":59}},"10":{"start":{"line":77,"column":21},"end":{"line":77,"column":39}},"11":{"start":{"line":79,"column":21},"end":{"line":79,"column":49}},"12":{"start":{"line":81,"column":21},"end":{"line":81,"column":49}},"13":{"start":{"line":92,"column":4},"end":{"line":100,"column":5}},"14":{"start":{"line":93,"column":29},"end":{"line":95,"column":8}},"15":{"start":{"line":97,"column":6},"end":{"line":99,"column":7}},"16":{"start":{"line":98,"column":8},"end":{"line":98,"column":78}},"17":{"start":{"line":102,"column":19},"end":{"line":102,"column":53}},"18":{"start":{"line":103,"column":4},"end":{"line":103,"column":46}},"19":{"start":{"line":107,"column":4},"end":{"line":109,"column":7}},"20":{"start":{"line":113,"column":19},"end":{"line":115,"column":6}},"21":{"start":{"line":117,"column":4},"end":{"line":119,"column":5}},"22":{"start":{"line":118,"column":6},"end":{"line":118,"column":54}},"23":{"start":{"line":121,"column":4},"end":{"line":121,"column":18}},"24":{"start":{"line":125,"column":19},"end":{"line":127,"column":6}},"25":{"start":{"line":129,"column":4},"end":{"line":131,"column":5}},"26":{"start":{"line":130,"column":6},"end":{"line":130,"column":54}},"27":{"start":{"line":133,"column":4},"end":{"line":133,"column":18}},"28":{"start":{"line":145,"column":19},"end":{"line":145,"column":42}},"29":{"start":{"line":148,"column":4},"end":{"line":156,"column":5}},"30":{"start":{"line":149,"column":29},"end":{"line":151,"column":8}},"31":{"start":{"line":153,"column":6},"end":{"line":155,"column":7}},"32":{"start":{"line":154,"column":8},"end":{"line":154,"column":78}},"33":{"start":{"line":158,"column":4},"end":{"line":158,"column":32}},"34":{"start":{"line":159,"column":4},"end":{"line":159,"column":46}},"35":{"start":{"line":163,"column":19},"end":{"line":163,"column":42}},"36":{"start":{"line":164,"column":4},"end":{"line":164,"column":47}},"37":{"start":{"line":168,"column":19},"end":{"line":168,"column":42}},"38":{"start":{"line":169,"column":4},"end":{"line":169,"column":26}},"39":{"start":{"line":170,"column":4},"end":{"line":170,"column":45}},"40":{"start":{"line":189,"column":31},"end":{"line":191,"column":6}},"41":{"start":{"line":193,"column":4},"end":{"line":195,"column":5}},"42":{"start":{"line":194,"column":6},"end":{"line":194,"column":77}},"43":{"start":{"line":198,"column":4},"end":{"line":198,"column":34}},"44":{"start":{"line":200,"column":23},"end":{"line":204,"column":6}},"45":{"start":{"line":206,"column":4},"end":{"line":206,"column":60}},"46":{"start":{"line":213,"column":4},"end":{"line":218,"column":5}},"47":{"start":{"line":214,"column":6},"end":{"line":216,"column":8}},"48":{"start":{"line":217,"column":6},"end":{"line":217,"column":61}},"49":{"start":{"line":219,"column":4},"end":{"line":222,"column":7}},"50":{"start":{"line":226,"column":4},"end":{"line":229,"column":7}},"51":{"start":{"line":246,"column":4},"end":{"line":251,"column":5}},"52":{"start":{"line":247,"column":6},"end":{"line":249,"column":8}},"53":{"start":{"line":250,"column":6},"end":{"line":250,"column":61}},"54":{"start":{"line":252,"column":23},"end":{"line":254,"column":6}},"55":{"start":{"line":256,"column":4},"end":{"line":258,"column":5}},"56":{"start":{"line":257,"column":6},"end":{"line":257,"column":65}},"57":{"start":{"line":260,"column":4},"end":{"line":260,"column":27}},"58":{"start":{"line":261,"column":4},"end":{"line":261,"column":60}},"59":{"start":{"line":265,"column":4},"end":{"line":270,"column":5}},"60":{"start":{"line":266,"column":6},"end":{"line":268,"column":8}},"61":{"start":{"line":269,"column":6},"end":{"line":269,"column":61}},"62":{"start":{"line":271,"column":23},"end":{"line":273,"column":6}},"63":{"start":{"line":275,"column":4},"end":{"line":277,"column":5}},"64":{"start":{"line":276,"column":6},"end":{"line":276,"column":65}},"65":{"start":{"line":279,"column":4},"end":{"line":279,"column":61}},"66":{"start":{"line":283,"column":4},"end":{"line":288,"column":5}},"67":{"start":{"line":284,"column":6},"end":{"line":286,"column":8}},"68":{"start":{"line":287,"column":6},"end":{"line":287,"column":61}},"69":{"start":{"line":289,"column":4},"end":{"line":292,"column":7}},"70":{"start":{"line":313,"column":4},"end":{"line":313,"column":34}},"71":{"start":{"line":316,"column":31},"end":{"line":322,"column":6}},"72":{"start":{"line":324,"column":4},"end":{"line":328,"column":5}},"73":{"start":{"line":325,"column":6},"end":{"line":327,"column":8}},"74":{"start":{"line":331,"column":18},"end":{"line":331,"column":56}},"75":{"start":{"line":332,"column":22},"end":{"line":332,"column":32}},"76":{"start":{"line":333,"column":4},"end":{"line":333,"column":47}},"77":{"start":{"line":335,"column":23},"end":{"line":342,"column":6}},"78":{"start":{"line":344,"column":4},"end":{"line":344,"column":60}},"79":{"start":{"line":348,"column":23},"end":{"line":351,"column":6}},"80":{"start":{"line":353,"column":4},"end":{"line":355,"column":5}},"81":{"start":{"line":354,"column":6},"end":{"line":354,"column":58}},"82":{"start":{"line":358,"column":4},"end":{"line":360,"column":5}},"83":{"start":{"line":359,"column":6},"end":{"line":359,"column":62}},"84":{"start":{"line":363,"column":4},"end":{"line":365,"column":5}},"85":{"start":{"line":364,"column":6},"end":{"line":364,"column":76}},"86":{"start":{"line":367,"column":4},"end":{"line":367,"column":22}},"87":{"start":{"line":383,"column":23},"end":{"line":383,"column":61}},"88":{"start":{"line":386,"column":31},"end":{"line":388,"column":6}},"89":{"start":{"line":390,"column":4},"end":{"line":392,"column":5}},"90":{"start":{"line":391,"column":6},"end":{"line":391,"column":77}},"91":{"start":{"line":395,"column":4},"end":{"line":395,"column":39}},"92":{"start":{"line":396,"column":4},"end":{"line":396,"column":35}},"93":{"start":{"line":397,"column":4},"end":{"line":397,"column":59}},"94":{"start":{"line":400,"column":4},"end":{"line":400,"column":78}},"95":{"start":{"line":404,"column":4},"end":{"line":409,"column":5}},"96":{"start":{"line":405,"column":6},"end":{"line":407,"column":8}},"97":{"start":{"line":408,"column":6},"end":{"line":408,"column":61}},"98":{"start":{"line":410,"column":4},"end":{"line":413,"column":7}},"99":{"start":{"line":417,"column":23},"end":{"line":419,"column":6}},"100":{"start":{"line":421,"column":4},"end":{"line":423,"column":5}},"101":{"start":{"line":422,"column":6},"end":{"line":422,"column":58}},"102":{"start":{"line":425,"column":4},"end":{"line":425,"column":61}},"103":{"start":{"line":434,"column":4},"end":{"line":434,"column":29}},"104":{"start":{"line":438,"column":4},"end":{"line":438,"column":29}},"105":{"start":{"line":442,"column":17},"end":{"line":442,"column":34}},"106":{"start":{"line":443,"column":18},"end":{"line":443,"column":37}},"107":{"start":{"line":444,"column":19},"end":{"line":444,"column":33}},"108":{"start":{"line":445,"column":18},"end":{"line":447,"column":57}},"109":{"start":{"line":448,"column":4},"end":{"line":452,"column":5}},"110":{"start":{"line":449,"column":6},"end":{"line":451,"column":9}},"111":{"start":{"line":453,"column":4},"end":{"line":453,"column":47}},"112":{"start":{"line":454,"column":4},"end":{"line":454,"column":27}},"113":{"start":{"line":464,"column":4},"end":{"line":464,"column":33}},"114":{"start":{"line":468,"column":4},"end":{"line":468,"column":27}},"115":{"start":{"line":472,"column":4},"end":{"line":477,"column":5}},"116":{"start":{"line":473,"column":6},"end":{"line":475,"column":8}},"117":{"start":{"line":476,"column":6},"end":{"line":476,"column":61}},"118":{"start":{"line":478,"column":4},"end":{"line":478,"column":43}},"119":{"start":{"line":482,"column":4},"end":{"line":487,"column":5}},"120":{"start":{"line":483,"column":6},"end":{"line":485,"column":8}},"121":{"start":{"line":486,"column":6},"end":{"line":486,"column":61}},"122":{"start":{"line":488,"column":4},"end":{"line":488,"column":43}},"123":{"start":{"line":502,"column":23},"end":{"line":504,"column":6}},"124":{"start":{"line":505,"column":4},"end":{"line":507,"column":5}},"125":{"start":{"line":506,"column":6},"end":{"line":506,"column":65}},"126":{"start":{"line":508,"column":4},"end":{"line":508,"column":27}},"127":{"start":{"line":509,"column":4},"end":{"line":509,"column":60}},"128":{"start":{"line":523,"column":4},"end":{"line":528,"column":5}},"129":{"start":{"line":524,"column":6},"end":{"line":526,"column":8}},"130":{"start":{"line":527,"column":6},"end":{"line":527,"column":61}},"131":{"start":{"line":529,"column":4},"end":{"line":534,"column":6}},"132":{"start":{"line":551,"column":4},"end":{"line":556,"column":5}},"133":{"start":{"line":552,"column":6},"end":{"line":554,"column":8}},"134":{"start":{"line":555,"column":6},"end":{"line":555,"column":61}},"135":{"start":{"line":557,"column":23},"end":{"line":557,"column":75}},"136":{"start":{"line":558,"column":4},"end":{"line":560,"column":5}},"137":{"start":{"line":559,"column":6},"end":{"line":559,"column":65}},"138":{"start":{"line":561,"column":4},"end":{"line":561,"column":31}},"139":{"start":{"line":562,"column":4},"end":{"line":562,"column":60}},"140":{"start":{"line":566,"column":4},"end":{"line":571,"column":5}},"141":{"start":{"line":567,"column":6},"end":{"line":569,"column":8}},"142":{"start":{"line":570,"column":6},"end":{"line":570,"column":61}},"143":{"start":{"line":572,"column":4},"end":{"line":572,"column":55}},"144":{"start":{"line":587,"column":19},"end":{"line":587,"column":42}},"145":{"start":{"line":588,"column":4},"end":{"line":590,"column":5}},"146":{"start":{"line":589,"column":6},"end":{"line":589,"column":68}},"147":{"start":{"line":591,"column":4},"end":{"line":591,"column":33}},"148":{"start":{"line":611,"column":19},"end":{"line":611,"column":42}},"149":{"start":{"line":612,"column":4},"end":{"line":614,"column":5}},"150":{"start":{"line":613,"column":6},"end":{"line":613,"column":68}},"151":{"start":{"line":615,"column":4},"end":{"line":618,"column":6}},"152":{"start":{"line":619,"column":4},"end":{"line":619,"column":45}},"153":{"start":{"line":620,"column":4},"end":{"line":620,"column":27}},"154":{"start":{"line":72,"column":13},"end":{"line":72,"column":27}},"155":{"start":{"line":72,"column":13},"end":{"line":622,"column":null}}},"fnMap":{"0":{"name":"(anonymous_4)","decl":{"start":{"line":75,"column":2},"end":{"line":75,"column":null}},"loc":{"start":{"line":81,"column":77},"end":{"line":82,"column":6}}},"1":{"name":"(anonymous_5)","decl":{"start":{"line":90,"column":2},"end":{"line":90,"column":7}},"loc":{"start":{"line":90,"column":36},"end":{"line":104,"column":3}}},"2":{"name":"(anonymous_6)","decl":{"start":{"line":106,"column":2},"end":{"line":106,"column":7}},"loc":{"start":{"line":106,"column":15},"end":{"line":110,"column":3}}},"3":{"name":"(anonymous_7)","decl":{"start":{"line":112,"column":2},"end":{"line":112,"column":7}},"loc":{"start":{"line":112,"column":27},"end":{"line":122,"column":3}}},"4":{"name":"(anonymous_8)","decl":{"start":{"line":124,"column":2},"end":{"line":124,"column":7}},"loc":{"start":{"line":124,"column":31},"end":{"line":134,"column":3}}},"5":{"name":"(anonymous_9)","decl":{"start":{"line":144,"column":2},"end":{"line":144,"column":7}},"loc":{"start":{"line":144,"column":48},"end":{"line":160,"column":3}}},"6":{"name":"(anonymous_10)","decl":{"start":{"line":162,"column":2},"end":{"line":162,"column":7}},"loc":{"start":{"line":162,"column":25},"end":{"line":165,"column":3}}},"7":{"name":"(anonymous_11)","decl":{"start":{"line":167,"column":2},"end":{"line":167,"column":7}},"loc":{"start":{"line":167,"column":29},"end":{"line":171,"column":3}}},"8":{"name":"(anonymous_12)","decl":{"start":{"line":183,"column":2},"end":{"line":183,"column":7}},"loc":{"start":{"line":186,"column":40},"end":{"line":207,"column":3}}},"9":{"name":"(anonymous_13)","decl":{"start":{"line":209,"column":2},"end":{"line":209,"column":7}},"loc":{"start":{"line":211,"column":20},"end":{"line":223,"column":3}}},"10":{"name":"(anonymous_14)","decl":{"start":{"line":225,"column":2},"end":{"line":225,"column":7}},"loc":{"start":{"line":225,"column":47},"end":{"line":230,"column":3}}},"11":{"name":"(anonymous_15)","decl":{"start":{"line":241,"column":2},"end":{"line":241,"column":7}},"loc":{"start":{"line":244,"column":20},"end":{"line":262,"column":3}}},"12":{"name":"(anonymous_16)","decl":{"start":{"line":264,"column":2},"end":{"line":264,"column":7}},"loc":{"start":{"line":264,"column":61},"end":{"line":280,"column":3}}},"13":{"name":"(anonymous_17)","decl":{"start":{"line":282,"column":2},"end":{"line":282,"column":7}},"loc":{"start":{"line":282,"column":41},"end":{"line":293,"column":3}}},"14":{"name":"(anonymous_18)","decl":{"start":{"line":306,"column":2},"end":{"line":306,"column":7}},"loc":{"start":{"line":310,"column":40},"end":{"line":345,"column":3}}},"15":{"name":"(anonymous_19)","decl":{"start":{"line":347,"column":2},"end":{"line":347,"column":7}},"loc":{"start":{"line":347,"column":42},"end":{"line":368,"column":3}}},"16":{"name":"(anonymous_20)","decl":{"start":{"line":379,"column":2},"end":{"line":379,"column":7}},"loc":{"start":{"line":381,"column":18},"end":{"line":401,"column":3}}},"17":{"name":"(anonymous_21)","decl":{"start":{"line":403,"column":2},"end":{"line":403,"column":7}},"loc":{"start":{"line":403,"column":45},"end":{"line":414,"column":3}}},"18":{"name":"(anonymous_22)","decl":{"start":{"line":416,"column":2},"end":{"line":416,"column":7}},"loc":{"start":{"line":416,"column":35},"end":{"line":426,"column":3}}},"19":{"name":"(anonymous_23)","decl":{"start":{"line":433,"column":2},"end":{"line":433,"column":7}},"loc":{"start":{"line":433,"column":42},"end":{"line":435,"column":3}}},"20":{"name":"(anonymous_24)","decl":{"start":{"line":437,"column":2},"end":{"line":437,"column":7}},"loc":{"start":{"line":437,"column":32},"end":{"line":439,"column":3}}},"21":{"name":"(anonymous_25)","decl":{"start":{"line":441,"column":2},"end":{"line":441,"column":7}},"loc":{"start":{"line":441,"column":46},"end":{"line":455,"column":3}}},"22":{"name":"(anonymous_26)","decl":{"start":{"line":463,"column":2},"end":{"line":463,"column":7}},"loc":{"start":{"line":463,"column":54},"end":{"line":465,"column":3}}},"23":{"name":"(anonymous_27)","decl":{"start":{"line":467,"column":2},"end":{"line":467,"column":7}},"loc":{"start":{"line":467,"column":31},"end":{"line":469,"column":3}}},"24":{"name":"(anonymous_28)","decl":{"start":{"line":471,"column":2},"end":{"line":471,"column":7}},"loc":{"start":{"line":471,"column":35},"end":{"line":479,"column":3}}},"25":{"name":"(anonymous_29)","decl":{"start":{"line":481,"column":2},"end":{"line":481,"column":7}},"loc":{"start":{"line":481,"column":46},"end":{"line":489,"column":3}}},"26":{"name":"(anonymous_30)","decl":{"start":{"line":498,"column":2},"end":{"line":498,"column":7}},"loc":{"start":{"line":500,"column":20},"end":{"line":510,"column":3}}},"27":{"name":"(anonymous_31)","decl":{"start":{"line":519,"column":2},"end":{"line":519,"column":7}},"loc":{"start":{"line":521,"column":24},"end":{"line":535,"column":3}}},"28":{"name":"(anonymous_32)","decl":{"start":{"line":546,"column":2},"end":{"line":546,"column":7}},"loc":{"start":{"line":549,"column":28},"end":{"line":563,"column":3}}},"29":{"name":"(anonymous_33)","decl":{"start":{"line":565,"column":2},"end":{"line":565,"column":7}},"loc":{"start":{"line":565,"column":53},"end":{"line":573,"column":3}}},"30":{"name":"(anonymous_34)","decl":{"start":{"line":586,"column":2},"end":{"line":586,"column":7}},"loc":{"start":{"line":586,"column":36},"end":{"line":592,"column":3}}},"31":{"name":"(anonymous_35)","decl":{"start":{"line":607,"column":2},"end":{"line":607,"column":7}},"loc":{"start":{"line":609,"column":37},"end":{"line":621,"column":3}}}},"branchMap":{"0":{"loc":{"start":{"line":92,"column":4},"end":{"line":100,"column":5}},"type":"if","locations":[{"start":{"line":92,"column":4},"end":{"line":100,"column":5}}]},"1":{"loc":{"start":{"line":97,"column":6},"end":{"line":99,"column":7}},"type":"if","locations":[{"start":{"line":97,"column":6},"end":{"line":99,"column":7}}]},"2":{"loc":{"start":{"line":117,"column":4},"end":{"line":119,"column":5}},"type":"if","locations":[{"start":{"line":117,"column":4},"end":{"line":119,"column":5}}]},"3":{"loc":{"start":{"line":129,"column":4},"end":{"line":131,"column":5}},"type":"if","locations":[{"start":{"line":129,"column":4},"end":{"line":131,"column":5}}]},"4":{"loc":{"start":{"line":148,"column":4},"end":{"line":156,"column":5}},"type":"if","locations":[{"start":{"line":148,"column":4},"end":{"line":156,"column":5}}]},"5":{"loc":{"start":{"line":148,"column":8},"end":{"line":148,"column":46}},"type":"binary-expr","locations":[{"start":{"line":148,"column":8},"end":{"line":148,"column":17}},{"start":{"line":148,"column":21},"end":{"line":148,"column":46}}]},"6":{"loc":{"start":{"line":153,"column":6},"end":{"line":155,"column":7}},"type":"if","locations":[{"start":{"line":153,"column":6},"end":{"line":155,"column":7}}]},"7":{"loc":{"start":{"line":186,"column":4},"end":{"line":186,"column":40}},"type":"default-arg","locations":[{"start":{"line":186,"column":23},"end":{"line":186,"column":40}}]},"8":{"loc":{"start":{"line":193,"column":4},"end":{"line":195,"column":5}},"type":"if","locations":[{"start":{"line":193,"column":4},"end":{"line":195,"column":5}}]},"9":{"loc":{"start":{"line":213,"column":4},"end":{"line":218,"column":5}},"type":"if","locations":[{"start":{"line":213,"column":4},"end":{"line":218,"column":5}}]},"10":{"loc":{"start":{"line":246,"column":4},"end":{"line":251,"column":5}},"type":"if","locations":[{"start":{"line":246,"column":4},"end":{"line":251,"column":5}}]},"11":{"loc":{"start":{"line":256,"column":4},"end":{"line":258,"column":5}},"type":"if","locations":[{"start":{"line":256,"column":4},"end":{"line":258,"column":5}}]},"12":{"loc":{"start":{"line":265,"column":4},"end":{"line":270,"column":5}},"type":"if","locations":[{"start":{"line":265,"column":4},"end":{"line":270,"column":5}}]},"13":{"loc":{"start":{"line":275,"column":4},"end":{"line":277,"column":5}},"type":"if","locations":[{"start":{"line":275,"column":4},"end":{"line":277,"column":5}}]},"14":{"loc":{"start":{"line":283,"column":4},"end":{"line":288,"column":5}},"type":"if","locations":[{"start":{"line":283,"column":4},"end":{"line":288,"column":5}}]},"15":{"loc":{"start":{"line":310,"column":4},"end":{"line":310,"column":40}},"type":"default-arg","locations":[{"start":{"line":310,"column":23},"end":{"line":310,"column":40}}]},"16":{"loc":{"start":{"line":324,"column":4},"end":{"line":328,"column":5}},"type":"if","locations":[{"start":{"line":324,"column":4},"end":{"line":328,"column":5}}]},"17":{"loc":{"start":{"line":353,"column":4},"end":{"line":355,"column":5}},"type":"if","locations":[{"start":{"line":353,"column":4},"end":{"line":355,"column":5}}]},"18":{"loc":{"start":{"line":358,"column":4},"end":{"line":360,"column":5}},"type":"if","locations":[{"start":{"line":358,"column":4},"end":{"line":360,"column":5}}]},"19":{"loc":{"start":{"line":363,"column":4},"end":{"line":365,"column":5}},"type":"if","locations":[{"start":{"line":363,"column":4},"end":{"line":365,"column":5}}]},"20":{"loc":{"start":{"line":390,"column":4},"end":{"line":392,"column":5}},"type":"if","locations":[{"start":{"line":390,"column":4},"end":{"line":392,"column":5}}]},"21":{"loc":{"start":{"line":404,"column":4},"end":{"line":409,"column":5}},"type":"if","locations":[{"start":{"line":404,"column":4},"end":{"line":409,"column":5}}]},"22":{"loc":{"start":{"line":421,"column":4},"end":{"line":423,"column":5}},"type":"if","locations":[{"start":{"line":421,"column":4},"end":{"line":423,"column":5}}]},"23":{"loc":{"start":{"line":442,"column":17},"end":{"line":442,"column":34}},"type":"binary-expr","locations":[{"start":{"line":442,"column":17},"end":{"line":442,"column":29}},{"start":{"line":442,"column":33},"end":{"line":442,"column":34}}]},"24":{"loc":{"start":{"line":443,"column":18},"end":{"line":443,"column":37}},"type":"binary-expr","locations":[{"start":{"line":443,"column":18},"end":{"line":443,"column":31}},{"start":{"line":443,"column":35},"end":{"line":443,"column":37}}]},"25":{"loc":{"start":{"line":448,"column":4},"end":{"line":452,"column":5}},"type":"if","locations":[{"start":{"line":448,"column":4},"end":{"line":452,"column":5}}]},"26":{"loc":{"start":{"line":472,"column":4},"end":{"line":477,"column":5}},"type":"if","locations":[{"start":{"line":472,"column":4},"end":{"line":477,"column":5}}]},"27":{"loc":{"start":{"line":482,"column":4},"end":{"line":487,"column":5}},"type":"if","locations":[{"start":{"line":482,"column":4},"end":{"line":487,"column":5}}]},"28":{"loc":{"start":{"line":505,"column":4},"end":{"line":507,"column":5}},"type":"if","locations":[{"start":{"line":505,"column":4},"end":{"line":507,"column":5}}]},"29":{"loc":{"start":{"line":523,"column":4},"end":{"line":528,"column":5}},"type":"if","locations":[{"start":{"line":523,"column":4},"end":{"line":528,"column":5}}]},"30":{"loc":{"start":{"line":551,"column":4},"end":{"line":556,"column":5}},"type":"if","locations":[{"start":{"line":551,"column":4},"end":{"line":556,"column":5}}]},"31":{"loc":{"start":{"line":558,"column":4},"end":{"line":560,"column":5}},"type":"if","locations":[{"start":{"line":558,"column":4},"end":{"line":560,"column":5}}]},"32":{"loc":{"start":{"line":566,"column":4},"end":{"line":571,"column":5}},"type":"if","locations":[{"start":{"line":566,"column":4},"end":{"line":571,"column":5}}]},"33":{"loc":{"start":{"line":588,"column":4},"end":{"line":590,"column":5}},"type":"if","locations":[{"start":{"line":588,"column":4},"end":{"line":590,"column":5}}]},"34":{"loc":{"start":{"line":591,"column":11},"end":{"line":591,"column":32}},"type":"binary-expr","locations":[{"start":{"line":591,"column":11},"end":{"line":591,"column":26}},{"start":{"line":591,"column":30},"end":{"line":591,"column":32}}]},"35":{"loc":{"start":{"line":612,"column":4},"end":{"line":614,"column":5}},"type":"if","locations":[{"start":{"line":612,"column":4},"end":{"line":614,"column":5}}]},"36":{"loc":{"start":{"line":616,"column":10},"end":{"line":616,"column":31}},"type":"binary-expr","locations":[{"start":{"line":616,"column":10},"end":{"line":616,"column":25}},{"start":{"line":616,"column":29},"end":{"line":616,"column":31}}]}},"s":{"0":1,"1":1,"2":1,"3":1,"4":1,"5":1,"6":1,"7":1,"8":1,"9":57,"10":57,"11":57,"12":57,"13":3,"14":2,"15":2,"16":1,"17":2,"18":2,"19":1,"20":2,"21":2,"22":1,"23":1,"24":2,"25":2,"26":1,"27":1,"28":3,"29":3,"30":1,"31":1,"32":1,"33":2,"34":2,"35":1,"36":1,"37":1,"38":1,"39":1,"40":2,"41":2,"42":1,"43":1,"44":1,"45":1,"46":3,"47":1,"48":1,"49":2,"50":1,"51":3,"52":1,"53":1,"54":2,"55":2,"56":1,"57":1,"58":1,"59":3,"60":1,"61":1,"62":2,"63":2,"64":1,"65":1,"66":2,"67":1,"68":1,"69":1,"70":2,"71":2,"72":2,"73":1,"74":1,"75":1,"76":1,"77":1,"78":1,"79":4,"80":4,"81":1,"82":3,"83":1,"84":2,"85":1,"86":1,"87":2,"88":2,"89":2,"90":1,"91":1,"92":1,"93":1,"94":1,"95":2,"96":1,"97":1,"98":1,"99":2,"100":2,"101":1,"102":1,"103":1,"104":1,"105":3,"106":3,"107":3,"108":3,"109":3,"110":1,"111":3,"112":3,"113":1,"114":1,"115":2,"116":1,"117":1,"118":1,"119":2,"120":1,"121":1,"122":1,"123":2,"124":2,"125":1,"126":1,"127":1,"128":2,"129":1,"130":1,"131":1,"132":3,"133":1,"134":1,"135":2,"136":2,"137":1,"138":1,"139":1,"140":0,"141":0,"142":0,"143":0,"144":0,"145":0,"146":0,"147":0,"148":0,"149":0,"150":0,"151":0,"152":0,"153":0,"154":1,"155":1},"f":{"0":57,"1":3,"2":1,"3":2,"4":2,"5":3,"6":1,"7":1,"8":2,"9":3,"10":1,"11":3,"12":3,"13":2,"14":2,"15":4,"16":2,"17":2,"18":2,"19":1,"20":1,"21":3,"22":1,"23":1,"24":2,"25":2,"26":2,"27":2,"28":3,"29":0,"30":0,"31":0},"b":{"0":[2],"1":[1],"2":[1],"3":[1],"4":[1],"5":[3,2],"6":[1],"7":[1],"8":[1],"9":[1],"10":[1],"11":[1],"12":[1],"13":[1],"14":[1],"15":[1],"16":[1],"17":[1],"18":[1],"19":[1],"20":[1],"21":[1],"22":[1],"23":[3,2],"24":[3,2],"25":[1],"26":[1],"27":[1],"28":[1],"29":[1],"30":[1],"31":[1],"32":[0],"33":[0],"34":[0,0],"35":[0],"36":[0,0]}}
}
