TN:
SF:src/modules/tenants/services/tenants.service.ts
FN:75,(anonymous_4)
FN:90,(anonymous_5)
FN:106,(anonymous_6)
FN:112,(anonymous_7)
FN:124,(anonymous_8)
FN:144,(anonymous_9)
FN:162,(anonymous_10)
FN:167,(anonymous_11)
FN:183,(anonymous_12)
FN:209,(anonymous_13)
FN:225,(anonymous_14)
FN:241,(anonymous_15)
FN:264,(anonymous_16)
FN:282,(anonymous_17)
FN:306,(anonymous_18)
FN:347,(anonymous_19)
FN:379,(anonymous_20)
FN:403,(anonymous_21)
FN:416,(anonymous_22)
FN:433,(anonymous_23)
FN:437,(anonymous_24)
FN:441,(anonymous_25)
FN:463,(anonymous_26)
FN:467,(anonymous_27)
FN:471,(anonymous_28)
FN:481,(anonymous_29)
FN:498,(anonymous_30)
FN:519,(anonymous_31)
FN:546,(anonymous_32)
FN:565,(anonymous_33)
FN:586,(anonymous_34)
FN:607,(anonymous_35)
FNF:32
FNH:29
FNDA:57,(anonymous_4)
FNDA:3,(anonymous_5)
FNDA:1,(anonymous_6)
FNDA:2,(anonymous_7)
FNDA:2,(anonymous_8)
FNDA:3,(anonymous_9)
FNDA:1,(anonymous_10)
FNDA:1,(anonymous_11)
FNDA:2,(anonymous_12)
FNDA:3,(anonymous_13)
FNDA:1,(anonymous_14)
FNDA:3,(anonymous_15)
FNDA:3,(anonymous_16)
FNDA:2,(anonymous_17)
FNDA:2,(anonymous_18)
FNDA:4,(anonymous_19)
FNDA:2,(anonymous_20)
FNDA:2,(anonymous_21)
FNDA:2,(anonymous_22)
FNDA:1,(anonymous_23)
FNDA:1,(anonymous_24)
FNDA:3,(anonymous_25)
FNDA:1,(anonymous_26)
FNDA:1,(anonymous_27)
FNDA:2,(anonymous_28)
FNDA:2,(anonymous_29)
FNDA:2,(anonymous_30)
FNDA:2,(anonymous_31)
FNDA:3,(anonymous_32)
FNDA:0,(anonymous_33)
FNDA:0,(anonymous_34)
FNDA:0,(anonymous_35)
DA:1,1
DA:8,1
DA:9,1
DA:10,1
DA:11,1
DA:12,1
DA:13,1
DA:14,1
DA:72,1
DA:73,57
DA:77,57
DA:79,57
DA:81,57
DA:92,3
DA:93,2
DA:97,2
DA:98,1
DA:102,2
DA:103,2
DA:107,1
DA:113,2
DA:117,2
DA:118,1
DA:121,1
DA:125,2
DA:129,2
DA:130,1
DA:133,1
DA:145,3
DA:148,3
DA:149,1
DA:153,1
DA:154,1
DA:158,2
DA:159,2
DA:163,1
DA:164,1
DA:168,1
DA:169,1
DA:170,1
DA:189,2
DA:193,2
DA:194,1
DA:198,1
DA:200,1
DA:206,1
DA:213,3
DA:214,1
DA:217,1
DA:219,2
DA:226,1
DA:246,3
DA:247,1
DA:250,1
DA:252,2
DA:256,2
DA:257,1
DA:260,1
DA:261,1
DA:265,3
DA:266,1
DA:269,1
DA:271,2
DA:275,2
DA:276,1
DA:279,1
DA:283,2
DA:284,1
DA:287,1
DA:289,1
DA:313,2
DA:316,2
DA:324,2
DA:325,1
DA:331,1
DA:332,1
DA:333,1
DA:335,1
DA:344,1
DA:348,4
DA:353,4
DA:354,1
DA:358,3
DA:359,1
DA:363,2
DA:364,1
DA:367,1
DA:383,2
DA:386,2
DA:390,2
DA:391,1
DA:395,1
DA:396,1
DA:397,1
DA:400,1
DA:404,2
DA:405,1
DA:408,1
DA:410,1
DA:417,2
DA:421,2
DA:422,1
DA:425,1
DA:434,1
DA:438,1
DA:442,3
DA:443,3
DA:444,3
DA:445,3
DA:448,3
DA:449,1
DA:453,3
DA:454,3
DA:464,1
DA:468,1
DA:472,2
DA:473,1
DA:476,1
DA:478,1
DA:482,2
DA:483,1
DA:486,1
DA:488,1
DA:502,2
DA:505,2
DA:506,1
DA:508,1
DA:509,1
DA:523,2
DA:524,1
DA:527,1
DA:529,1
DA:551,3
DA:552,1
DA:555,1
DA:557,2
DA:558,2
DA:559,1
DA:561,1
DA:562,1
DA:566,0
DA:567,0
DA:570,0
DA:572,0
DA:587,0
DA:588,0
DA:589,0
DA:591,0
DA:611,0
DA:612,0
DA:613,0
DA:615,0
DA:619,0
DA:620,0
LF:154
LH:140
BRDA:92,0,0,2
BRDA:97,1,0,1
BRDA:117,2,0,1
BRDA:129,3,0,1
BRDA:148,4,0,1
BRDA:148,5,0,3
BRDA:148,5,1,2
BRDA:153,6,0,1
BRDA:186,7,0,1
BRDA:193,8,0,1
BRDA:213,9,0,1
BRDA:246,10,0,1
BRDA:256,11,0,1
BRDA:265,12,0,1
BRDA:275,13,0,1
BRDA:283,14,0,1
BRDA:310,15,0,1
BRDA:324,16,0,1
BRDA:353,17,0,1
BRDA:358,18,0,1
BRDA:363,19,0,1
BRDA:390,20,0,1
BRDA:404,21,0,1
BRDA:421,22,0,1
BRDA:442,23,0,3
BRDA:442,23,1,2
BRDA:443,24,0,3
BRDA:443,24,1,2
BRDA:448,25,0,1
BRDA:472,26,0,1
BRDA:482,27,0,1
BRDA:505,28,0,1
BRDA:523,29,0,1
BRDA:551,30,0,1
BRDA:558,31,0,1
BRDA:566,32,0,0
BRDA:588,33,0,0
BRDA:591,34,0,0
BRDA:591,34,1,0
BRDA:612,35,0,0
BRDA:616,36,0,0
BRDA:616,36,1,0
BRF:42
BRH:35
end_of_record
