{"/Users/Dev/AuthCakes/authcakes-api-nest/src/app.controller.ts": {"path":"/Users/Dev/AuthCakes/authcakes-api-nest/src/app.controller.ts","statementMap":{"0":{"start":{"line":1,"column":0},"end":{"line":1,"column":49}},"1":{"start":{"line":2,"column":0},"end":{"line":2,"column":43}},"2":{"start":{"line":3,"column":0},"end":{"line":3,"column":49}},"3":{"start":{"line":4,"column":0},"end":{"line":4,"column":62}},"4":{"start":{"line":5,"column":0},"end":{"line":5,"column":93}},"5":{"start":{"line":6,"column":0},"end":{"line":6,"column":48}},"6":{"start":{"line":7,"column":0},"end":{"line":7,"column":56}},"7":{"start":{"line":8,"column":0},"end":{"line":8,"column":72}},"8":{"start":{"line":11,"column":7},"end":{"line":48,"column":null}},"9":{"start":{"line":12,"column":31},"end":{"line":12,"column":43}},"10":{"start":{"line":16,"column":4},"end":{"line":16,"column":38}},"11":{"start":{"line":24,"column":4},"end":{"line":30,"column":6}},"12":{"start":{"line":38,"column":4},"end":{"line":46,"column":6}},"13":{"start":{"line":11,"column":13},"end":{"line":11,"column":26}},"14":{"start":{"line":15,"column":2},"end":{"line":17,"column":null}},"15":{"start":{"line":23,"column":2},"end":{"line":31,"column":null}},"16":{"start":{"line":37,"column":2},"end":{"line":47,"column":null}},"17":{"start":{"line":11,"column":13},"end":{"line":48,"column":null}}},"fnMap":{"0":{"name":"(anonymous_2)","decl":{"start":{"line":12,"column":2},"end":{"line":12,"column":31}},"loc":{"start":{"line":12,"column":53},"end":{"line":12,"column":57}}},"1":{"name":"(anonymous_3)","decl":{"start":{"line":15,"column":2},"end":{"line":15,"column":10}},"loc":{"start":{"line":15,"column":10},"end":{"line":17,"column":3}}},"2":{"name":"(anonymous_4)","decl":{"start":{"line":23,"column":2},"end":{"line":23,"column":13}},"loc":{"start":{"line":23,"column":13},"end":{"line":31,"column":3}}},"3":{"name":"(anonymous_5)","decl":{"start":{"line":37,"column":2},"end":{"line":37,"column":12}},"loc":{"start":{"line":37,"column":12},"end":{"line":47,"column":3}}}},"branchMap":{},"s":{"0":1,"1":1,"2":1,"3":1,"4":1,"5":1,"6":1,"7":1,"8":1,"9":1,"10":1,"11":0,"12":0,"13":1,"14":1,"15":1,"16":1,"17":1},"f":{"0":1,"1":1,"2":0,"3":0},"b":{}}
,"/Users/Dev/AuthCakes/authcakes-api-nest/src/app.module.ts": {"path":"/Users/Dev/AuthCakes/authcakes-api-nest/src/app.module.ts","statementMap":{"0":{"start":{"line":3,"column":0},"end":{"line":3,"column":null}},"1":{"start":{"line":10,"column":0},"end":{"line":10,"column":61}},"2":{"start":{"line":11,"column":0},"end":{"line":11,"column":48}},"3":{"start":{"line":12,"column":0},"end":{"line":12,"column":52}},"4":{"start":{"line":13,"column":0},"end":{"line":13,"column":51}},"5":{"start":{"line":14,"column":0},"end":{"line":14,"column":41}},"6":{"start":{"line":17,"column":0},"end":{"line":17,"column":49}},"7":{"start":{"line":18,"column":0},"end":{"line":18,"column":43}},"8":{"start":{"line":20,"column":0},"end":{"line":20,"column":44}},"9":{"start":{"line":21,"column":0},"end":{"line":21,"column":46}},"10":{"start":{"line":22,"column":0},"end":{"line":22,"column":54}},"11":{"start":{"line":23,"column":0},"end":{"line":23,"column":56}},"12":{"start":{"line":24,"column":0},"end":{"line":24,"column":62}},"13":{"start":{"line":26,"column":0},"end":{"line":26,"column":56}},"14":{"start":{"line":27,"column":0},"end":{"line":27,"column":59}},"15":{"start":{"line":28,"column":0},"end":{"line":28,"column":65}},"16":{"start":{"line":29,"column":0},"end":{"line":29,"column":68}},"17":{"start":{"line":31,"column":0},"end":{"line":31,"column":70}},"18":{"start":{"line":32,"column":0},"end":{"line":32,"column":68}},"19":{"start":{"line":33,"column":0},"end":{"line":33,"column":92}},"20":{"start":{"line":34,"column":0},"end":{"line":34,"column":77}},"21":{"start":{"line":35,"column":0},"end":{"line":35,"column":57}},"22":{"start":{"line":36,"column":0},"end":{"line":36,"column":75}},"23":{"start":{"line":37,"column":0},"end":{"line":37,"column":92}},"24":{"start":{"line":38,"column":0},"end":{"line":38,"column":69}},"25":{"start":{"line":39,"column":0},"end":{"line":39,"column":87}},"26":{"start":{"line":141,"column":7},"end":{"line":158,"column":null}},"27":{"start":{"line":143,"column":4},"end":{"line":156,"column":22}},"28":{"start":{"line":141,"column":13},"end":{"line":141,"column":22}},"29":{"start":{"line":141,"column":13},"end":{"line":158,"column":null}},"30":{"start":{"line":58,"column":53},"end":{"line":68,"column":8}},"31":{"start":{"line":75,"column":53},"end":{"line":95,"column":8}},"32":{"start":{"line":86,"column":10},"end":{"line":91,"column":11}},"33":{"start":{"line":90,"column":12},"end":{"line":90,"column":24}},"34":{"start":{"line":92,"column":26},"end":{"line":92,"column":70}},"35":{"start":{"line":93,"column":10},"end":{"line":93,"column":47}}},"fnMap":{"0":{"name":"(anonymous_1)","decl":{"start":{"line":142,"column":2},"end":{"line":142,"column":11}},"loc":{"start":{"line":142,"column":40},"end":{"line":157,"column":3}}},"1":{"name":"(anonymous_2)","decl":{"start":{"line":58,"column":18},"end":{"line":58,"column":19}},"loc":{"start":{"line":58,"column":53},"end":{"line":68,"column":8}}},"2":{"name":"(anonymous_3)","decl":{"start":{"line":75,"column":18},"end":{"line":75,"column":19}},"loc":{"start":{"line":75,"column":53},"end":{"line":95,"column":8}}},"3":{"name":"(anonymous_4)","decl":{"start":{"line":84,"column":16},"end":{"line":84,"column":17}},"loc":{"start":{"line":84,"column":55},"end":{"line":94,"column":9}}}},"branchMap":{"0":{"loc":{"start":{"line":86,"column":10},"end":{"line":91,"column":11}},"type":"if","locations":[{"start":{"line":86,"column":10},"end":{"line":91,"column":11}}]},"1":{"loc":{"start":{"line":87,"column":12},"end":{"line":88,"column":48}},"type":"binary-expr","locations":[{"start":{"line":87,"column":12},"end":{"line":87,"column":43}},{"start":{"line":88,"column":12},"end":{"line":88,"column":48}}]}},"s":{"0":0,"1":0,"2":0,"3":0,"4":0,"5":0,"6":0,"7":0,"8":0,"9":0,"10":0,"11":0,"12":0,"13":0,"14":0,"15":0,"16":0,"17":0,"18":0,"19":0,"20":0,"21":0,"22":0,"23":0,"24":0,"25":0,"26":0,"27":0,"28":0,"29":0,"30":0,"31":0,"32":0,"33":0,"34":0,"35":0},"f":{"0":0,"1":0,"2":0,"3":0},"b":{"0":[0],"1":[0,0]}}
,"/Users/Dev/AuthCakes/authcakes-api-nest/src/app.service.ts": {"path":"/Users/Dev/AuthCakes/authcakes-api-nest/src/app.service.ts","statementMap":{"0":{"start":{"line":1,"column":0},"end":{"line":1,"column":44}},"1":{"start":{"line":4,"column":7},"end":{"line":8,"column":null}},"2":{"start":{"line":6,"column":4},"end":{"line":6,"column":26}},"3":{"start":{"line":4,"column":13},"end":{"line":4,"column":23}},"4":{"start":{"line":4,"column":13},"end":{"line":8,"column":null}}},"fnMap":{"0":{"name":"(anonymous_1)","decl":{"start":{"line":5,"column":2},"end":{"line":5,"column":10}},"loc":{"start":{"line":5,"column":10},"end":{"line":7,"column":3}}}},"branchMap":{},"s":{"0":1,"1":1,"2":1,"3":1,"4":1},"f":{"0":1},"b":{}}
,"/Users/Dev/AuthCakes/authcakes-api-nest/src/cli.module.ts": {"path":"/Users/Dev/AuthCakes/authcakes-api-nest/src/cli.module.ts","statementMap":{"0":{"start":{"line":1,"column":0},"end":{"line":1,"column":40}},"1":{"start":{"line":2,"column":0},"end":{"line":2,"column":68}},"2":{"start":{"line":3,"column":0},"end":{"line":3,"column":61}},"3":{"start":{"line":4,"column":0},"end":{"line":4,"column":48}},"4":{"start":{"line":5,"column":0},"end":{"line":5,"column":54}},"5":{"start":{"line":6,"column":0},"end":{"line":6,"column":75}},"6":{"start":{"line":7,"column":0},"end":{"line":7,"column":73}},"7":{"start":{"line":8,"column":0},"end":{"line":8,"column":84}},"8":{"start":{"line":11,"column":0},"end":{"line":11,"column":44}},"9":{"start":{"line":12,"column":0},"end":{"line":12,"column":46}},"10":{"start":{"line":13,"column":0},"end":{"line":13,"column":54}},"11":{"start":{"line":14,"column":0},"end":{"line":14,"column":56}},"12":{"start":{"line":15,"column":0},"end":{"line":15,"column":62}},"13":{"start":{"line":56,"column":7},"end":{"line":56,"column":null}},"14":{"start":{"line":56,"column":13},"end":{"line":56,"column":22}},"15":{"start":{"line":56,"column":13},"end":{"line":56,"column":null}},"16":{"start":{"line":34,"column":53},"end":{"line":44,"column":8}}},"fnMap":{"0":{"name":"(anonymous_1)","decl":{"start":{"line":34,"column":18},"end":{"line":34,"column":19}},"loc":{"start":{"line":34,"column":53},"end":{"line":44,"column":8}}}},"branchMap":{},"s":{"0":0,"1":0,"2":0,"3":0,"4":0,"5":0,"6":0,"7":0,"8":0,"9":0,"10":0,"11":0,"12":0,"13":0,"14":0,"15":0,"16":0},"f":{"0":0},"b":{}}
,"/Users/Dev/AuthCakes/authcakes-api-nest/src/cli.ts": {"path":"/Users/Dev/AuthCakes/authcakes-api-nest/src/cli.ts","statementMap":{"0":{"start":{"line":1,"column":0},"end":{"line":1,"column":48}},"1":{"start":{"line":2,"column":0},"end":{"line":2,"column":41}},"2":{"start":{"line":3,"column":0},"end":{"line":3,"column":40}},"3":{"start":{"line":5,"column":0},"end":{"line":5,"column":40}},"4":{"start":{"line":8,"column":2},"end":{"line":27,"column":3}},"5":{"start":{"line":9,"column":4},"end":{"line":9,"column":76}},"6":{"start":{"line":10,"column":4},"end":{"line":10,"column":54}},"7":{"start":{"line":12,"column":19},"end":{"line":15,"column":6}},"8":{"start":{"line":17,"column":4},"end":{"line":17,"column":61}},"9":{"start":{"line":18,"column":4},"end":{"line":18,"column":62}},"10":{"start":{"line":20,"column":4},"end":{"line":24,"column":5}},"11":{"start":{"line":21,"column":6},"end":{"line":21,"column":63}},"12":{"start":{"line":23,"column":6},"end":{"line":23,"column":62}},"13":{"start":{"line":25,"column":4},"end":{"line":25,"column":51}},"14":{"start":{"line":26,"column":4},"end":{"line":26,"column":20}},"15":{"start":{"line":30,"column":0},"end":{"line":33,"column":3}},"16":{"start":{"line":31,"column":2},"end":{"line":31,"column":51}},"17":{"start":{"line":32,"column":2},"end":{"line":32,"column":18}}},"fnMap":{"0":{"name":"bootstrap","decl":{"start":{"line":7,"column":15},"end":{"line":7,"column":24}},"loc":{"start":{"line":7,"column":24},"end":{"line":28,"column":1}}},"1":{"name":"(anonymous_1)","decl":{"start":{"line":30,"column":18},"end":{"line":30,"column":19}},"loc":{"start":{"line":30,"column":26},"end":{"line":33,"column":1}}}},"branchMap":{"0":{"loc":{"start":{"line":20,"column":4},"end":{"line":24,"column":5}},"type":"if","locations":[{"start":{"line":20,"column":4},"end":{"line":24,"column":5}},{"start":{"line":22,"column":11},"end":{"line":24,"column":5}}]}},"s":{"0":0,"1":0,"2":0,"3":0,"4":0,"5":0,"6":0,"7":0,"8":0,"9":0,"10":0,"11":0,"12":0,"13":0,"14":0,"15":0,"16":0,"17":0},"f":{"0":0,"1":0},"b":{"0":[0,0]}}
,"/Users/Dev/AuthCakes/authcakes-api-nest/src/fix-otp-columns.ts": {"path":"/Users/Dev/AuthCakes/authcakes-api-nest/src/fix-otp-columns.ts","statementMap":{"0":{"start":{"line":1,"column":0},"end":{"line":1,"column":43}},"1":{"start":{"line":2,"column":0},"end":{"line":2,"column":40}},"2":{"start":{"line":3,"column":0},"end":{"line":3,"column":41}},"3":{"start":{"line":4,"column":0},"end":{"line":4,"column":37}},"4":{"start":{"line":7,"column":2},"end":{"line":7,"column":77}},"5":{"start":{"line":9,"column":2},"end":{"line":101,"column":3}},"6":{"start":{"line":11,"column":23},"end":{"line":11,"column":76}},"7":{"start":{"line":14,"column":23},"end":{"line":14,"column":49}},"8":{"start":{"line":16,"column":4},"end":{"line":16,"column":50}},"9":{"start":{"line":19,"column":24},"end":{"line":19,"column":54}},"10":{"start":{"line":20,"column":19},"end":{"line":20,"column":48}},"11":{"start":{"line":21,"column":23},"end":{"line":21,"column":61}},"12":{"start":{"line":21,"column":42},"end":{"line":21,"column":60}},"13":{"start":{"line":23,"column":4},"end":{"line":26,"column":5}},"14":{"start":{"line":24,"column":6},"end":{"line":24,"column":45}},"15":{"start":{"line":25,"column":6},"end":{"line":25,"column":22}},"16":{"start":{"line":28,"column":25},"end":{"line":28,"column":73}},"17":{"start":{"line":28,"column":56},"end":{"line":28,"column":72}},"18":{"start":{"line":29,"column":31},"end":{"line":30,"column":null}},"19":{"start":{"line":30,"column":13},"end":{"line":30,"column":35}},"20":{"start":{"line":32,"column":42},"end":{"line":33,"column":null}},"21":{"start":{"line":33,"column":13},"end":{"line":33,"column":46}},"22":{"start":{"line":35,"column":48},"end":{"line":36,"column":null}},"23":{"start":{"line":36,"column":13},"end":{"line":36,"column":52}},"24":{"start":{"line":40,"column":4},"end":{"line":93,"column":5}},"25":{"start":{"line":41,"column":6},"end":{"line":41,"column":43}},"26":{"start":{"line":43,"column":6},"end":{"line":51,"column":7}},"27":{"start":{"line":44,"column":8},"end":{"line":44,"column":58}},"28":{"start":{"line":45,"column":8},"end":{"line":47,"column":10}},"29":{"start":{"line":48,"column":8},"end":{"line":48,"column":52}},"30":{"start":{"line":50,"column":8},"end":{"line":50,"column":48}},"31":{"start":{"line":53,"column":6},"end":{"line":61,"column":7}},"32":{"start":{"line":54,"column":8},"end":{"line":54,"column":64}},"33":{"start":{"line":55,"column":8},"end":{"line":57,"column":10}},"34":{"start":{"line":58,"column":8},"end":{"line":58,"column":58}},"35":{"start":{"line":60,"column":8},"end":{"line":60,"column":54}},"36":{"start":{"line":63,"column":6},"end":{"line":71,"column":7}},"37":{"start":{"line":64,"column":8},"end":{"line":64,"column":75}},"38":{"start":{"line":65,"column":8},"end":{"line":67,"column":10}},"39":{"start":{"line":68,"column":8},"end":{"line":68,"column":69}},"40":{"start":{"line":70,"column":8},"end":{"line":70,"column":65}},"41":{"start":{"line":73,"column":6},"end":{"line":83,"column":7}},"42":{"start":{"line":74,"column":8},"end":{"line":76,"column":10}},"43":{"start":{"line":77,"column":8},"end":{"line":79,"column":10}},"44":{"start":{"line":80,"column":8},"end":{"line":80,"column":75}},"45":{"start":{"line":82,"column":8},"end":{"line":82,"column":71}},"46":{"start":{"line":85,"column":6},"end":{"line":85,"column":44}},"47":{"start":{"line":86,"column":6},"end":{"line":86,"column":69}},"48":{"start":{"line":88,"column":6},"end":{"line":88,"column":46}},"49":{"start":{"line":89,"column":6},"end":{"line":89,"column":74}},"50":{"start":{"line":90,"column":6},"end":{"line":90,"column":18}},"51":{"start":{"line":92,"column":6},"end":{"line":92,"column":34}},"52":{"start":{"line":96,"column":4},"end":{"line":96,"column":29}},"53":{"start":{"line":97,"column":4},"end":{"line":97,"column":20}},"54":{"start":{"line":99,"column":4},"end":{"line":99,"column":57}},"55":{"start":{"line":100,"column":4},"end":{"line":100,"column":20}},"56":{"start":{"line":104,"column":0},"end":{"line":104,"column":12}}},"fnMap":{"0":{"name":"bootstrap","decl":{"start":{"line":6,"column":15},"end":{"line":6,"column":24}},"loc":{"start":{"line":6,"column":24},"end":{"line":102,"column":1}}},"1":{"name":"(anonymous_1)","decl":{"start":{"line":21,"column":35},"end":{"line":21,"column":36}},"loc":{"start":{"line":21,"column":42},"end":{"line":21,"column":60}}},"2":{"name":"(anonymous_2)","decl":{"start":{"line":28,"column":49},"end":{"line":28,"column":50}},"loc":{"start":{"line":28,"column":56},"end":{"line":28,"column":72}}},"3":{"name":"(anonymous_3)","decl":{"start":{"line":30,"column":6},"end":{"line":30,"column":7}},"loc":{"start":{"line":30,"column":13},"end":{"line":30,"column":35}}},"4":{"name":"(anonymous_4)","decl":{"start":{"line":33,"column":6},"end":{"line":33,"column":7}},"loc":{"start":{"line":33,"column":13},"end":{"line":33,"column":46}}},"5":{"name":"(anonymous_5)","decl":{"start":{"line":36,"column":6},"end":{"line":36,"column":7}},"loc":{"start":{"line":36,"column":13},"end":{"line":36,"column":52}}}},"branchMap":{"0":{"loc":{"start":{"line":23,"column":4},"end":{"line":26,"column":5}},"type":"if","locations":[{"start":{"line":23,"column":4},"end":{"line":26,"column":5}}]},"1":{"loc":{"start":{"line":43,"column":6},"end":{"line":51,"column":7}},"type":"if","locations":[{"start":{"line":43,"column":6},"end":{"line":51,"column":7}},{"start":{"line":49,"column":13},"end":{"line":51,"column":7}}]},"2":{"loc":{"start":{"line":53,"column":6},"end":{"line":61,"column":7}},"type":"if","locations":[{"start":{"line":53,"column":6},"end":{"line":61,"column":7}},{"start":{"line":59,"column":13},"end":{"line":61,"column":7}}]},"3":{"loc":{"start":{"line":63,"column":6},"end":{"line":71,"column":7}},"type":"if","locations":[{"start":{"line":63,"column":6},"end":{"line":71,"column":7}},{"start":{"line":69,"column":13},"end":{"line":71,"column":7}}]},"4":{"loc":{"start":{"line":73,"column":6},"end":{"line":83,"column":7}},"type":"if","locations":[{"start":{"line":73,"column":6},"end":{"line":83,"column":7}},{"start":{"line":81,"column":13},"end":{"line":83,"column":7}}]}},"s":{"0":0,"1":0,"2":0,"3":0,"4":0,"5":0,"6":0,"7":0,"8":0,"9":0,"10":0,"11":0,"12":0,"13":0,"14":0,"15":0,"16":0,"17":0,"18":0,"19":0,"20":0,"21":0,"22":0,"23":0,"24":0,"25":0,"26":0,"27":0,"28":0,"29":0,"30":0,"31":0,"32":0,"33":0,"34":0,"35":0,"36":0,"37":0,"38":0,"39":0,"40":0,"41":0,"42":0,"43":0,"44":0,"45":0,"46":0,"47":0,"48":0,"49":0,"50":0,"51":0,"52":0,"53":0,"54":0,"55":0,"56":0},"f":{"0":0,"1":0,"2":0,"3":0,"4":0,"5":0},"b":{"0":[0],"1":[0,0],"2":[0,0],"3":[0,0],"4":[0,0]}}
,"/Users/Dev/AuthCakes/authcakes-api-nest/src/main.ts": {"path":"/Users/Dev/AuthCakes/authcakes-api-nest/src/main.ts","statementMap":{"0":{"start":{"line":2,"column":0},"end":{"line":2,"column":43}},"1":{"start":{"line":3,"column":0},"end":{"line":3,"column":48}},"2":{"start":{"line":4,"column":0},"end":{"line":4,"column":47}},"3":{"start":{"line":5,"column":0},"end":{"line":5,"column":46}},"4":{"start":{"line":6,"column":0},"end":{"line":6,"column":28}},"5":{"start":{"line":7,"column":0},"end":{"line":7,"column":41}},"6":{"start":{"line":8,"column":0},"end":{"line":8,"column":65}},"7":{"start":{"line":9,"column":0},"end":{"line":9,"column":28}},"8":{"start":{"line":13,"column":14},"end":{"line":13,"column":73}},"9":{"start":{"line":15,"column":2},"end":{"line":15,"column":52}},"10":{"start":{"line":16,"column":24},"end":{"line":16,"column":46}},"11":{"start":{"line":19,"column":2},"end":{"line":34,"column":6}},"12":{"start":{"line":35,"column":2},"end":{"line":35,"column":26}},"13":{"start":{"line":38,"column":2},"end":{"line":44,"column":4}},"14":{"start":{"line":47,"column":2},"end":{"line":52,"column":5}},"15":{"start":{"line":55,"column":2},"end":{"line":55,"column":29}},"16":{"start":{"line":58,"column":15},"end":{"line":63,"column":10}},"17":{"start":{"line":64,"column":17},"end":{"line":64,"column":58}},"18":{"start":{"line":65,"column":0},"end":{"line":688,"column":3}},"19":{"start":{"line":690,"column":15},"end":{"line":690,"column":60}},"20":{"start":{"line":691,"column":2},"end":{"line":691,"column":25}},"21":{"start":{"line":692,"column":2},"end":{"line":692,"column":75}},"22":{"start":{"line":693,"column":2},"end":{"line":695,"column":4}},"23":{"start":{"line":697,"column":0},"end":{"line":697,"column":12}}},"fnMap":{"0":{"name":"bootstrap","decl":{"start":{"line":12,"column":15},"end":{"line":12,"column":24}},"loc":{"start":{"line":12,"column":24},"end":{"line":696,"column":1}}}},"branchMap":{"0":{"loc":{"start":{"line":690,"column":15},"end":{"line":690,"column":60}},"type":"binary-expr","locations":[{"start":{"line":690,"column":15},"end":{"line":690,"column":52}},{"start":{"line":690,"column":56},"end":{"line":690,"column":60}}]}},"s":{"0":0,"1":0,"2":0,"3":0,"4":0,"5":0,"6":0,"7":0,"8":0,"9":0,"10":0,"11":0,"12":0,"13":0,"14":0,"15":0,"16":0,"17":0,"18":0,"19":0,"20":0,"21":0,"22":0,"23":0},"f":{"0":0},"b":{"0":[0,0]}}
,"/Users/Dev/AuthCakes/authcakes-api-nest/src/seed.ts": {"path":"/Users/Dev/AuthCakes/authcakes-api-nest/src/seed.ts","statementMap":{"0":{"start":{"line":1,"column":0},"end":{"line":1,"column":43}},"1":{"start":{"line":2,"column":0},"end":{"line":2,"column":40}},"2":{"start":{"line":3,"column":0},"end":{"line":3,"column":41}},"3":{"start":{"line":4,"column":0},"end":{"line":4,"column":72}},"4":{"start":{"line":7,"column":2},"end":{"line":7,"column":52}},"5":{"start":{"line":9,"column":2},"end":{"line":36,"column":3}},"6":{"start":{"line":11,"column":23},"end":{"line":11,"column":76}},"7":{"start":{"line":14,"column":26},"end":{"line":14,"column":55}},"8":{"start":{"line":16,"column":4},"end":{"line":16,"column":54}},"9":{"start":{"line":19,"column":4},"end":{"line":19,"column":31}},"10":{"start":{"line":21,"column":4},"end":{"line":21,"column":59}},"11":{"start":{"line":24,"column":4},"end":{"line":24,"column":29}},"12":{"start":{"line":25,"column":4},"end":{"line":25,"column":20}},"13":{"start":{"line":27,"column":4},"end":{"line":34,"column":5}},"14":{"start":{"line":28,"column":6},"end":{"line":31,"column":8}},"15":{"start":{"line":33,"column":6},"end":{"line":33,"column":60}},"16":{"start":{"line":35,"column":4},"end":{"line":35,"column":20}},"17":{"start":{"line":39,"column":0},"end":{"line":42,"column":3}},"18":{"start":{"line":40,"column":2},"end":{"line":40,"column":42}},"19":{"start":{"line":41,"column":2},"end":{"line":41,"column":18}}},"fnMap":{"0":{"name":"bootstrap","decl":{"start":{"line":6,"column":15},"end":{"line":6,"column":24}},"loc":{"start":{"line":6,"column":24},"end":{"line":37,"column":1}}},"1":{"name":"(anonymous_1)","decl":{"start":{"line":39,"column":18},"end":{"line":39,"column":19}},"loc":{"start":{"line":39,"column":28},"end":{"line":42,"column":1}}}},"branchMap":{"0":{"loc":{"start":{"line":27,"column":4},"end":{"line":34,"column":5}},"type":"if","locations":[{"start":{"line":27,"column":4},"end":{"line":34,"column":5}},{"start":{"line":32,"column":11},"end":{"line":34,"column":5}}]}},"s":{"0":0,"1":0,"2":0,"3":0,"4":0,"5":0,"6":0,"7":0,"8":0,"9":0,"10":0,"11":0,"12":0,"13":0,"14":0,"15":0,"16":0,"17":0,"18":0,"19":0},"f":{"0":0,"1":0},"b":{"0":[0,0]}}
,"/Users/Dev/AuthCakes/authcakes-api-nest/src/commands/reset-database.command.ts": {"path":"/Users/Dev/AuthCakes/authcakes-api-nest/src/commands/reset-database.command.ts","statementMap":{"0":{"start":{"line":2,"column":0},"end":{"line":2,"column":64}},"1":{"start":{"line":3,"column":0},"end":{"line":3,"column":52}},"2":{"start":{"line":4,"column":0},"end":{"line":4,"column":51}},"3":{"start":{"line":5,"column":0},"end":{"line":5,"column":37}},"4":{"start":{"line":6,"column":0},"end":{"line":6,"column":47}},"5":{"start":{"line":7,"column":0},"end":{"line":7,"column":null}},"6":{"start":{"line":12,"column":0},"end":{"line":12,"column":69}},"7":{"start":{"line":46,"column":33},"end":{"line":243,"column":null}},"8":{"start":{"line":47,"column":28},"end":{"line":47,"column":65}},"9":{"start":{"line":53,"column":4},"end":{"line":53,"column":12}},"10":{"start":{"line":50,"column":32},"end":{"line":50,"column":44}},"11":{"start":{"line":51,"column":12},"end":{"line":51,"column":27}},"12":{"start":{"line":61,"column":4},"end":{"line":61,"column":17}},"13":{"start":{"line":69,"column":4},"end":{"line":69,"column":17}},"14":{"start":{"line":77,"column":4},"end":{"line":77,"column":17}},"15":{"start":{"line":84,"column":4},"end":{"line":241,"column":5}},"16":{"start":{"line":85,"column":21},"end":{"line":85,"column":62}},"17":{"start":{"line":86,"column":21},"end":{"line":86,"column":74}},"18":{"start":{"line":88,"column":6},"end":{"line":90,"column":7}},"19":{"start":{"line":89,"column":8},"end":{"line":89,"column":53}},"20":{"start":{"line":92,"column":6},"end":{"line":94,"column":7}},"21":{"start":{"line":93,"column":8},"end":{"line":93,"column":64}},"22":{"start":{"line":96,"column":6},"end":{"line":107,"column":7}},"23":{"start":{"line":97,"column":8},"end":{"line":99,"column":10}},"24":{"start":{"line":100,"column":8},"end":{"line":102,"column":10}},"25":{"start":{"line":103,"column":8},"end":{"line":103,"column":28}},"26":{"start":{"line":104,"column":8},"end":{"line":104,"column":34}},"27":{"start":{"line":105,"column":8},"end":{"line":105,"column":69}},"28":{"start":{"line":106,"column":8},"end":{"line":106,"column":24}},"29":{"start":{"line":109,"column":6},"end":{"line":109,"column":59}},"30":{"start":{"line":112,"column":48},"end":{"line":119,"column":8}},"31":{"start":{"line":122,"column":6},"end":{"line":122,"column":38}},"32":{"start":{"line":123,"column":6},"end":{"line":123,"column":52}},"33":{"start":{"line":128,"column":28},"end":{"line":128,"column":71}},"34":{"start":{"line":130,"column":31},"end":{"line":137,"column":8}},"35":{"start":{"line":139,"column":6},"end":{"line":139,"column":42}},"36":{"start":{"line":140,"column":6},"end":{"line":140,"column":55}},"37":{"start":{"line":143,"column":6},"end":{"line":161,"column":7}},"38":{"start":{"line":145,"column":8},"end":{"line":156,"column":9}},"39":{"start":{"line":147,"column":10},"end":{"line":152,"column":12}},"40":{"start":{"line":153,"column":10},"end":{"line":153,"column":78}},"41":{"start":{"line":154,"column":15},"end":{"line":156,"column":9}},"42":{"start":{"line":155,"column":10},"end":{"line":155,"column":80}},"43":{"start":{"line":157,"column":8},"end":{"line":157,"column":56}},"44":{"start":{"line":159,"column":8},"end":{"line":159,"column":71}},"45":{"start":{"line":160,"column":8},"end":{"line":160,"column":20}},"46":{"start":{"line":164,"column":6},"end":{"line":176,"column":7}},"47":{"start":{"line":165,"column":8},"end":{"line":171,"column":9}},"48":{"start":{"line":166,"column":10},"end":{"line":166,"column":70}},"49":{"start":{"line":167,"column":15},"end":{"line":171,"column":9}},"50":{"start":{"line":168,"column":10},"end":{"line":170,"column":12}},"51":{"start":{"line":172,"column":8},"end":{"line":172,"column":56}},"52":{"start":{"line":174,"column":8},"end":{"line":174,"column":71}},"53":{"start":{"line":175,"column":8},"end":{"line":175,"column":20}},"54":{"start":{"line":179,"column":6},"end":{"line":179,"column":39}},"55":{"start":{"line":180,"column":6},"end":{"line":180,"column":63}},"56":{"start":{"line":183,"column":6},"end":{"line":198,"column":7}},"57":{"start":{"line":184,"column":8},"end":{"line":184,"column":49}},"58":{"start":{"line":185,"column":8},"end":{"line":197,"column":9}},"59":{"start":{"line":186,"column":10},"end":{"line":190,"column":13}},"60":{"start":{"line":191,"column":10},"end":{"line":191,"column":63}},"61":{"start":{"line":193,"column":10},"end":{"line":195,"column":11}},"62":{"start":{"line":194,"column":12},"end":{"line":194,"column":67}},"63":{"start":{"line":196,"column":10},"end":{"line":196,"column":22}},"64":{"start":{"line":201,"column":6},"end":{"line":222,"column":7}},"65":{"start":{"line":202,"column":8},"end":{"line":206,"column":9}},"66":{"start":{"line":203,"column":10},"end":{"line":205,"column":12}},"67":{"start":{"line":208,"column":8},"end":{"line":208,"column":46}},"68":{"start":{"line":209,"column":8},"end":{"line":221,"column":9}},"69":{"start":{"line":210,"column":10},"end":{"line":214,"column":13}},"70":{"start":{"line":215,"column":10},"end":{"line":215,"column":60}},"71":{"start":{"line":217,"column":10},"end":{"line":219,"column":11}},"72":{"start":{"line":218,"column":12},"end":{"line":218,"column":64}},"73":{"start":{"line":220,"column":10},"end":{"line":220,"column":22}},"74":{"start":{"line":224,"column":6},"end":{"line":224,"column":58}},"75":{"start":{"line":225,"column":6},"end":{"line":225,"column":22}},"76":{"start":{"line":227,"column":6},"end":{"line":239,"column":7}},"77":{"start":{"line":228,"column":8},"end":{"line":231,"column":10}},"78":{"start":{"line":232,"column":13},"end":{"line":239,"column":7}},"79":{"start":{"line":233,"column":8},"end":{"line":236,"column":10}},"80":{"start":{"line":238,"column":8},"end":{"line":238,"column":65}},"81":{"start":{"line":240,"column":6},"end":{"line":240,"column":22}},"82":{"start":{"line":46,"column":13},"end":{"line":46,"column":33}},"83":{"start":{"line":60,"column":2},"end":{"line":62,"column":null}},"84":{"start":{"line":68,"column":2},"end":{"line":70,"column":null}},"85":{"start":{"line":76,"column":2},"end":{"line":78,"column":null}},"86":{"start":{"line":46,"column":13},"end":{"line":243,"column":null}}},"fnMap":{"0":{"name":"(anonymous_4)","decl":{"start":{"line":49,"column":2},"end":{"line":49,"column":null}},"loc":{"start":{"line":51,"column":40},"end":{"line":54,"column":3}}},"1":{"name":"(anonymous_5)","decl":{"start":{"line":60,"column":2},"end":{"line":60,"column":20}},"loc":{"start":{"line":60,"column":33},"end":{"line":62,"column":3}}},"2":{"name":"(anonymous_6)","decl":{"start":{"line":68,"column":2},"end":{"line":68,"column":20}},"loc":{"start":{"line":68,"column":33},"end":{"line":70,"column":3}}},"3":{"name":"(anonymous_7)","decl":{"start":{"line":76,"column":2},"end":{"line":76,"column":17}},"loc":{"start":{"line":76,"column":30},"end":{"line":78,"column":3}}},"4":{"name":"(anonymous_8)","decl":{"start":{"line":80,"column":2},"end":{"line":80,"column":7}},"loc":{"start":{"line":82,"column":40},"end":{"line":242,"column":3}}}},"branchMap":{"0":{"loc":{"start":{"line":88,"column":6},"end":{"line":90,"column":7}},"type":"if","locations":[{"start":{"line":88,"column":6},"end":{"line":90,"column":7}}]},"1":{"loc":{"start":{"line":92,"column":6},"end":{"line":94,"column":7}},"type":"if","locations":[{"start":{"line":92,"column":6},"end":{"line":94,"column":7}}]},"2":{"loc":{"start":{"line":96,"column":6},"end":{"line":107,"column":7}},"type":"if","locations":[{"start":{"line":96,"column":6},"end":{"line":107,"column":7}}]},"3":{"loc":{"start":{"line":128,"column":28},"end":{"line":128,"column":71}},"type":"cond-expr","locations":[{"start":{"line":128,"column":52},"end":{"line":128,"column":62}},{"start":{"line":128,"column":65},"end":{"line":128,"column":71}}]},"4":{"loc":{"start":{"line":136,"column":18},"end":{"line":136,"column":67}},"type":"cond-expr","locations":[{"start":{"line":136,"column":42},"end":{"line":136,"column":55}},{"start":{"line":136,"column":58},"end":{"line":136,"column":67}}]},"5":{"loc":{"start":{"line":145,"column":8},"end":{"line":156,"column":9}},"type":"if","locations":[{"start":{"line":145,"column":8},"end":{"line":156,"column":9}},{"start":{"line":154,"column":15},"end":{"line":156,"column":9}}]},"6":{"loc":{"start":{"line":154,"column":15},"end":{"line":156,"column":9}},"type":"if","locations":[{"start":{"line":154,"column":15},"end":{"line":156,"column":9}}]},"7":{"loc":{"start":{"line":165,"column":8},"end":{"line":171,"column":9}},"type":"if","locations":[{"start":{"line":165,"column":8},"end":{"line":171,"column":9}},{"start":{"line":167,"column":15},"end":{"line":171,"column":9}}]},"8":{"loc":{"start":{"line":167,"column":15},"end":{"line":171,"column":9}},"type":"if","locations":[{"start":{"line":167,"column":15},"end":{"line":171,"column":9}}]},"9":{"loc":{"start":{"line":183,"column":6},"end":{"line":198,"column":7}},"type":"if","locations":[{"start":{"line":183,"column":6},"end":{"line":198,"column":7}}]},"10":{"loc":{"start":{"line":193,"column":10},"end":{"line":195,"column":11}},"type":"if","locations":[{"start":{"line":193,"column":10},"end":{"line":195,"column":11}}]},"11":{"loc":{"start":{"line":201,"column":6},"end":{"line":222,"column":7}},"type":"if","locations":[{"start":{"line":201,"column":6},"end":{"line":222,"column":7}}]},"12":{"loc":{"start":{"line":202,"column":8},"end":{"line":206,"column":9}},"type":"if","locations":[{"start":{"line":202,"column":8},"end":{"line":206,"column":9}}]},"13":{"loc":{"start":{"line":217,"column":10},"end":{"line":219,"column":11}},"type":"if","locations":[{"start":{"line":217,"column":10},"end":{"line":219,"column":11}}]},"14":{"loc":{"start":{"line":227,"column":6},"end":{"line":239,"column":7}},"type":"if","locations":[{"start":{"line":227,"column":6},"end":{"line":239,"column":7}},{"start":{"line":232,"column":13},"end":{"line":239,"column":7}}]},"15":{"loc":{"start":{"line":232,"column":13},"end":{"line":239,"column":7}},"type":"if","locations":[{"start":{"line":232,"column":13},"end":{"line":239,"column":7}},{"start":{"line":237,"column":13},"end":{"line":239,"column":7}}]}},"s":{"0":0,"1":0,"2":0,"3":0,"4":0,"5":0,"6":0,"7":0,"8":0,"9":0,"10":0,"11":0,"12":0,"13":0,"14":0,"15":0,"16":0,"17":0,"18":0,"19":0,"20":0,"21":0,"22":0,"23":0,"24":0,"25":0,"26":0,"27":0,"28":0,"29":0,"30":0,"31":0,"32":0,"33":0,"34":0,"35":0,"36":0,"37":0,"38":0,"39":0,"40":0,"41":0,"42":0,"43":0,"44":0,"45":0,"46":0,"47":0,"48":0,"49":0,"50":0,"51":0,"52":0,"53":0,"54":0,"55":0,"56":0,"57":0,"58":0,"59":0,"60":0,"61":0,"62":0,"63":0,"64":0,"65":0,"66":0,"67":0,"68":0,"69":0,"70":0,"71":0,"72":0,"73":0,"74":0,"75":0,"76":0,"77":0,"78":0,"79":0,"80":0,"81":0,"82":0,"83":0,"84":0,"85":0,"86":0},"f":{"0":0,"1":0,"2":0,"3":0,"4":0},"b":{"0":[0],"1":[0],"2":[0],"3":[0,0],"4":[0,0],"5":[0,0],"6":[0],"7":[0,0],"8":[0],"9":[0],"10":[0],"11":[0],"12":[0],"13":[0],"14":[0,0],"15":[0,0]}}
,"/Users/Dev/AuthCakes/authcakes-api-nest/src/commands/seed.command.ts": {"path":"/Users/Dev/AuthCakes/authcakes-api-nest/src/commands/seed.command.ts","statementMap":{"0":{"start":{"line":2,"column":0},"end":{"line":2,"column":64}},"1":{"start":{"line":3,"column":0},"end":{"line":3,"column":40}},"2":{"start":{"line":4,"column":0},"end":{"line":4,"column":null}},"3":{"start":{"line":8,"column":0},"end":{"line":8,"column":57}},"4":{"start":{"line":38,"column":24},"end":{"line":89,"column":null}},"5":{"start":{"line":39,"column":28},"end":{"line":39,"column":56}},"6":{"start":{"line":42,"column":4},"end":{"line":42,"column":12}},"7":{"start":{"line":41,"column":31},"end":{"line":41,"column":46}},"8":{"start":{"line":50,"column":4},"end":{"line":50,"column":17}},"9":{"start":{"line":58,"column":4},"end":{"line":58,"column":15}},"10":{"start":{"line":65,"column":4},"end":{"line":87,"column":5}},"11":{"start":{"line":66,"column":26},"end":{"line":66,"column":86}},"12":{"start":{"line":67,"column":6},"end":{"line":67,"column":85}},"13":{"start":{"line":69,"column":43},"end":{"line":72,"column":8}},"14":{"start":{"line":74,"column":6},"end":{"line":74,"column":51}},"15":{"start":{"line":75,"column":6},"end":{"line":75,"column":66}},"16":{"start":{"line":76,"column":6},"end":{"line":76,"column":22}},"17":{"start":{"line":78,"column":22},"end":{"line":80,"column":53}},"18":{"start":{"line":82,"column":6},"end":{"line":85,"column":8}},"19":{"start":{"line":86,"column":6},"end":{"line":86,"column":22}},"20":{"start":{"line":38,"column":13},"end":{"line":38,"column":24}},"21":{"start":{"line":49,"column":2},"end":{"line":51,"column":null}},"22":{"start":{"line":57,"column":2},"end":{"line":59,"column":null}},"23":{"start":{"line":38,"column":13},"end":{"line":89,"column":null}}},"fnMap":{"0":{"name":"(anonymous_2)","decl":{"start":{"line":41,"column":2},"end":{"line":41,"column":31}},"loc":{"start":{"line":41,"column":59},"end":{"line":43,"column":3}}},"1":{"name":"(anonymous_3)","decl":{"start":{"line":49,"column":2},"end":{"line":49,"column":18}},"loc":{"start":{"line":49,"column":31},"end":{"line":51,"column":3}}},"2":{"name":"(anonymous_4)","decl":{"start":{"line":57,"column":2},"end":{"line":57,"column":24}},"loc":{"start":{"line":57,"column":36},"end":{"line":59,"column":3}}},"3":{"name":"(anonymous_5)","decl":{"start":{"line":61,"column":2},"end":{"line":61,"column":7}},"loc":{"start":{"line":63,"column":31},"end":{"line":88,"column":3}}}},"branchMap":{"0":{"loc":{"start":{"line":66,"column":26},"end":{"line":66,"column":86}},"type":"binary-expr","locations":[{"start":{"line":66,"column":26},"end":{"line":66,"column":45}},{"start":{"line":66,"column":49},"end":{"line":66,"column":69}},{"start":{"line":66,"column":73},"end":{"line":66,"column":86}}]},"1":{"loc":{"start":{"line":78,"column":22},"end":{"line":80,"column":53}},"type":"cond-expr","locations":[{"start":{"line":79,"column":10},"end":{"line":79,"column":15}},{"start":{"line":80,"column":10},"end":{"line":80,"column":53}}]}},"s":{"0":0,"1":0,"2":0,"3":0,"4":0,"5":0,"6":0,"7":0,"8":0,"9":0,"10":0,"11":0,"12":0,"13":0,"14":0,"15":0,"16":0,"17":0,"18":0,"19":0,"20":0,"21":0,"22":0,"23":0},"f":{"0":0,"1":0,"2":0,"3":0},"b":{"0":[0,0,0],"1":[0,0]}}
,"/Users/Dev/AuthCakes/authcakes-api-nest/src/commands/truncate-tables.command.ts": {"path":"/Users/Dev/AuthCakes/authcakes-api-nest/src/commands/truncate-tables.command.ts","statementMap":{"0":{"start":{"line":2,"column":0},"end":{"line":2,"column":64}},"1":{"start":{"line":3,"column":0},"end":{"line":3,"column":52}},"2":{"start":{"line":4,"column":0},"end":{"line":4,"column":51}},"3":{"start":{"line":5,"column":0},"end":{"line":5,"column":37}},"4":{"start":{"line":6,"column":0},"end":{"line":6,"column":null}},"5":{"start":{"line":38,"column":34},"end":{"line":212,"column":null}},"6":{"start":{"line":39,"column":28},"end":{"line":39,"column":66}},"7":{"start":{"line":40,"column":36},"end":{"line":51,"column":13}},"8":{"start":{"line":54,"column":4},"end":{"line":54,"column":12}},"9":{"start":{"line":53,"column":42},"end":{"line":53,"column":54}},"10":{"start":{"line":67,"column":4},"end":{"line":67,"column":15}},"11":{"start":{"line":75,"column":4},"end":{"line":75,"column":17}},"12":{"start":{"line":83,"column":4},"end":{"line":83,"column":17}},"13":{"start":{"line":95,"column":4},"end":{"line":151,"column":5}},"14":{"start":{"line":96,"column":39},"end":{"line":96,"column":41}},"15":{"start":{"line":98,"column":6},"end":{"line":112,"column":7}},"16":{"start":{"line":99,"column":8},"end":{"line":99,"column":52}},"17":{"start":{"line":100,"column":8},"end":{"line":102,"column":10}},"18":{"start":{"line":103,"column":13},"end":{"line":112,"column":7}},"19":{"start":{"line":104,"column":8},"end":{"line":104,"column":74}},"20":{"start":{"line":104,"column":64},"end":{"line":104,"column":72}},"21":{"start":{"line":105,"column":8},"end":{"line":107,"column":10}},"22":{"start":{"line":109,"column":8},"end":{"line":109,"column":80}},"23":{"start":{"line":110,"column":8},"end":{"line":110,"column":25}},"24":{"start":{"line":111,"column":8},"end":{"line":111,"column":24}},"25":{"start":{"line":115,"column":29},"end":{"line":115,"column":59}},"26":{"start":{"line":116,"column":32},"end":{"line":117,"column":null}},"27":{"start":{"line":117,"column":19},"end":{"line":117,"column":50}},"28":{"start":{"line":120,"column":6},"end":{"line":125,"column":7}},"29":{"start":{"line":121,"column":8},"end":{"line":123,"column":10}},"30":{"start":{"line":124,"column":8},"end":{"line":124,"column":24}},"31":{"start":{"line":127,"column":6},"end":{"line":132,"column":7}},"32":{"start":{"line":128,"column":8},"end":{"line":130,"column":10}},"33":{"start":{"line":131,"column":8},"end":{"line":131,"column":24}},"34":{"start":{"line":135,"column":6},"end":{"line":135,"column":50}},"35":{"start":{"line":137,"column":6},"end":{"line":139,"column":8}},"36":{"start":{"line":140,"column":6},"end":{"line":140,"column":22}},"37":{"start":{"line":142,"column":22},"end":{"line":144,"column":56}},"38":{"start":{"line":146,"column":6},"end":{"line":149,"column":8}},"39":{"start":{"line":150,"column":6},"end":{"line":150,"column":22}},"40":{"start":{"line":155,"column":18},"end":{"line":155,"column":53}},"41":{"start":{"line":156,"column":19},"end":{"line":156,"column":42}},"42":{"start":{"line":157,"column":4},"end":{"line":157,"column":26}},"43":{"start":{"line":158,"column":4},"end":{"line":158,"column":45}},"44":{"start":{"line":158,"column":33},"end":{"line":158,"column":43}},"45":{"start":{"line":162,"column":24},"end":{"line":162,"column":59}},"46":{"start":{"line":164,"column":4},"end":{"line":202,"column":5}},"47":{"start":{"line":165,"column":6},"end":{"line":165,"column":34}},"48":{"start":{"line":166,"column":6},"end":{"line":166,"column":43}},"49":{"start":{"line":168,"column":21},"end":{"line":168,"column":49}},"50":{"start":{"line":171,"column":6},"end":{"line":177,"column":7}},"51":{"start":{"line":172,"column":8},"end":{"line":176,"column":9}},"52":{"start":{"line":173,"column":10},"end":{"line":173,"column":66}},"53":{"start":{"line":174,"column":15},"end":{"line":176,"column":9}},"54":{"start":{"line":175,"column":10},"end":{"line":175,"column":64}},"55":{"start":{"line":179,"column":6},"end":{"line":182,"column":7}},"56":{"start":{"line":180,"column":8},"end":{"line":180,"column":54}},"57":{"start":{"line":181,"column":8},"end":{"line":181,"column":69}},"58":{"start":{"line":185,"column":6},"end":{"line":189,"column":7}},"59":{"start":{"line":186,"column":8},"end":{"line":186,"column":65}},"60":{"start":{"line":187,"column":13},"end":{"line":189,"column":7}},"61":{"start":{"line":188,"column":8},"end":{"line":188,"column":62}},"62":{"start":{"line":191,"column":6},"end":{"line":191,"column":44}},"63":{"start":{"line":192,"column":6},"end":{"line":192,"column":59}},"64":{"start":{"line":194,"column":6},"end":{"line":194,"column":46}},"65":{"start":{"line":195,"column":6},"end":{"line":199,"column":7}},"66":{"start":{"line":196,"column":8},"end":{"line":196,"column":39}},"67":{"start":{"line":198,"column":8},"end":{"line":198,"column":65}},"68":{"start":{"line":201,"column":6},"end":{"line":201,"column":34}},"69":{"start":{"line":206,"column":4},"end":{"line":206,"column":30}},"70":{"start":{"line":207,"column":4},"end":{"line":207,"column":77}},"71":{"start":{"line":208,"column":4},"end":{"line":208,"column":53}},"72":{"start":{"line":209,"column":4},"end":{"line":209,"column":52}},"73":{"start":{"line":210,"column":4},"end":{"line":210,"column":59}},"74":{"start":{"line":38,"column":13},"end":{"line":38,"column":34}},"75":{"start":{"line":66,"column":2},"end":{"line":68,"column":null}},"76":{"start":{"line":74,"column":2},"end":{"line":76,"column":null}},"77":{"start":{"line":82,"column":2},"end":{"line":84,"column":null}},"78":{"start":{"line":38,"column":13},"end":{"line":212,"column":null}}},"fnMap":{"0":{"name":"(anonymous_4)","decl":{"start":{"line":53,"column":2},"end":{"line":53,"column":15}},"loc":{"start":{"line":53,"column":64},"end":{"line":55,"column":3}}},"1":{"name":"(anonymous_5)","decl":{"start":{"line":66,"column":2},"end":{"line":66,"column":19}},"loc":{"start":{"line":66,"column":31},"end":{"line":68,"column":3}}},"2":{"name":"(anonymous_6)","decl":{"start":{"line":74,"column":2},"end":{"line":74,"column":16}},"loc":{"start":{"line":74,"column":29},"end":{"line":76,"column":3}}},"3":{"name":"(anonymous_7)","decl":{"start":{"line":82,"column":2},"end":{"line":82,"column":20}},"loc":{"start":{"line":82,"column":33},"end":{"line":84,"column":3}}},"4":{"name":"(anonymous_8)","decl":{"start":{"line":91,"column":2},"end":{"line":91,"column":7}},"loc":{"start":{"line":93,"column":41},"end":{"line":152,"column":3}}},"5":{"name":"(anonymous_9)","decl":{"start":{"line":104,"column":57},"end":{"line":104,"column":58}},"loc":{"start":{"line":104,"column":64},"end":{"line":104,"column":72}}},"6":{"name":"(anonymous_10)","decl":{"start":{"line":117,"column":8},"end":{"line":117,"column":9}},"loc":{"start":{"line":117,"column":19},"end":{"line":117,"column":50}}},"7":{"name":"(anonymous_11)","decl":{"start":{"line":154,"column":10},"end":{"line":154,"column":15}},"loc":{"start":{"line":154,"column":33},"end":{"line":159,"column":3}}},"8":{"name":"(anonymous_12)","decl":{"start":{"line":158,"column":22},"end":{"line":158,"column":23}},"loc":{"start":{"line":158,"column":33},"end":{"line":158,"column":43}}},"9":{"name":"(anonymous_13)","decl":{"start":{"line":161,"column":10},"end":{"line":161,"column":15}},"loc":{"start":{"line":161,"column":47},"end":{"line":203,"column":3}}},"10":{"name":"(anonymous_14)","decl":{"start":{"line":205,"column":10},"end":{"line":205,"column":19}},"loc":{"start":{"line":205,"column":19},"end":{"line":211,"column":3}}}},"branchMap":{"0":{"loc":{"start":{"line":98,"column":6},"end":{"line":112,"column":7}},"type":"if","locations":[{"start":{"line":98,"column":6},"end":{"line":112,"column":7}},{"start":{"line":103,"column":13},"end":{"line":112,"column":7}}]},"1":{"loc":{"start":{"line":103,"column":13},"end":{"line":112,"column":7}},"type":"if","locations":[{"start":{"line":103,"column":13},"end":{"line":112,"column":7}},{"start":{"line":108,"column":13},"end":{"line":112,"column":7}}]},"2":{"loc":{"start":{"line":120,"column":6},"end":{"line":125,"column":7}},"type":"if","locations":[{"start":{"line":120,"column":6},"end":{"line":125,"column":7}}]},"3":{"loc":{"start":{"line":127,"column":6},"end":{"line":132,"column":7}},"type":"if","locations":[{"start":{"line":127,"column":6},"end":{"line":132,"column":7}}]},"4":{"loc":{"start":{"line":142,"column":22},"end":{"line":144,"column":56}},"type":"cond-expr","locations":[{"start":{"line":143,"column":10},"end":{"line":143,"column":15}},{"start":{"line":144,"column":10},"end":{"line":144,"column":56}}]},"5":{"loc":{"start":{"line":171,"column":6},"end":{"line":177,"column":7}},"type":"if","locations":[{"start":{"line":171,"column":6},"end":{"line":177,"column":7}}]},"6":{"loc":{"start":{"line":172,"column":8},"end":{"line":176,"column":9}},"type":"if","locations":[{"start":{"line":172,"column":8},"end":{"line":176,"column":9}},{"start":{"line":174,"column":15},"end":{"line":176,"column":9}}]},"7":{"loc":{"start":{"line":174,"column":15},"end":{"line":176,"column":9}},"type":"if","locations":[{"start":{"line":174,"column":15},"end":{"line":176,"column":9}}]},"8":{"loc":{"start":{"line":185,"column":6},"end":{"line":189,"column":7}},"type":"if","locations":[{"start":{"line":185,"column":6},"end":{"line":189,"column":7}},{"start":{"line":187,"column":13},"end":{"line":189,"column":7}}]},"9":{"loc":{"start":{"line":187,"column":13},"end":{"line":189,"column":7}},"type":"if","locations":[{"start":{"line":187,"column":13},"end":{"line":189,"column":7}}]},"10":{"loc":{"start":{"line":195,"column":6},"end":{"line":199,"column":7}},"type":"if","locations":[{"start":{"line":195,"column":6},"end":{"line":199,"column":7}},{"start":{"line":197,"column":13},"end":{"line":199,"column":7}}]}},"s":{"0":0,"1":0,"2":0,"3":0,"4":0,"5":0,"6":0,"7":0,"8":0,"9":0,"10":0,"11":0,"12":0,"13":0,"14":0,"15":0,"16":0,"17":0,"18":0,"19":0,"20":0,"21":0,"22":0,"23":0,"24":0,"25":0,"26":0,"27":0,"28":0,"29":0,"30":0,"31":0,"32":0,"33":0,"34":0,"35":0,"36":0,"37":0,"38":0,"39":0,"40":0,"41":0,"42":0,"43":0,"44":0,"45":0,"46":0,"47":0,"48":0,"49":0,"50":0,"51":0,"52":0,"53":0,"54":0,"55":0,"56":0,"57":0,"58":0,"59":0,"60":0,"61":0,"62":0,"63":0,"64":0,"65":0,"66":0,"67":0,"68":0,"69":0,"70":0,"71":0,"72":0,"73":0,"74":0,"75":0,"76":0,"77":0,"78":0},"f":{"0":0,"1":0,"2":0,"3":0,"4":0,"5":0,"6":0,"7":0,"8":0,"9":0,"10":0},"b":{"0":[0,0],"1":[0,0],"2":[0],"3":[0],"4":[0,0],"5":[0],"6":[0,0],"7":[0],"8":[0,0],"9":[0],"10":[0,0]}}
,"/Users/Dev/AuthCakes/authcakes-api-nest/src/commands/verify-db-connection.command.ts": {"path":"/Users/Dev/AuthCakes/authcakes-api-nest/src/commands/verify-db-connection.command.ts","statementMap":{"0":{"start":{"line":2,"column":0},"end":{"line":2,"column":56}},"1":{"start":{"line":3,"column":0},"end":{"line":3,"column":52}},"2":{"start":{"line":4,"column":0},"end":{"line":4,"column":37}},"3":{"start":{"line":6,"column":0},"end":{"line":6,"column":47}},"4":{"start":{"line":24,"column":2},"end":{"line":29,"column":4}},"5":{"start":{"line":52,"column":38},"end":{"line":209,"column":null}},"6":{"start":{"line":53,"column":28},"end":{"line":53,"column":70}},"7":{"start":{"line":56,"column":4},"end":{"line":56,"column":12}},"8":{"start":{"line":55,"column":22},"end":{"line":55,"column":37}},"9":{"start":{"line":73,"column":4},"end":{"line":207,"column":5}},"10":{"start":{"line":74,"column":6},"end":{"line":74,"column":58}},"11":{"start":{"line":77,"column":39},"end":{"line":84,"column":8}},"12":{"start":{"line":87,"column":26},"end":{"line":89,"column":28}},"13":{"start":{"line":88,"column":32},"end":{"line":88,"column":38}},"14":{"start":{"line":89,"column":24},"end":{"line":89,"column":27}},"15":{"start":{"line":91,"column":6},"end":{"line":99,"column":7}},"16":{"start":{"line":92,"column":8},"end":{"line":94,"column":10}},"17":{"start":{"line":95,"column":8},"end":{"line":97,"column":10}},"18":{"start":{"line":98,"column":8},"end":{"line":98,"column":24}},"19":{"start":{"line":101,"column":6},"end":{"line":103,"column":8}},"20":{"start":{"line":106,"column":25},"end":{"line":113,"column":37}},"21":{"start":{"line":116,"column":6},"end":{"line":116,"column":36}},"22":{"start":{"line":117,"column":6},"end":{"line":117,"column":59}},"23":{"start":{"line":120,"column":26},"end":{"line":120,"column":56}},"24":{"start":{"line":121,"column":21},"end":{"line":121,"column":50}},"25":{"start":{"line":122,"column":6},"end":{"line":122,"column":34}},"26":{"start":{"line":124,"column":25},"end":{"line":124,"column":69}},"27":{"start":{"line":124,"column":47},"end":{"line":124,"column":57}},"28":{"start":{"line":126,"column":6},"end":{"line":164,"column":7}},"29":{"start":{"line":127,"column":8},"end":{"line":129,"column":10}},"30":{"start":{"line":131,"column":8},"end":{"line":131,"column":72}},"31":{"start":{"line":134,"column":31},"end":{"line":134,"column":79}},"32":{"start":{"line":135,"column":30},"end":{"line":136,"column":null}},"33":{"start":{"line":136,"column":21},"end":{"line":136,"column":58}},"34":{"start":{"line":136,"column":41},"end":{"line":136,"column":57}},"35":{"start":{"line":139,"column":8},"end":{"line":163,"column":9}},"36":{"start":{"line":140,"column":10},"end":{"line":142,"column":12}},"37":{"start":{"line":144,"column":10},"end":{"line":144,"column":57}},"38":{"start":{"line":147,"column":10},"end":{"line":162,"column":11}},"39":{"start":{"line":148,"column":26},"end":{"line":149,"column":null}},"40":{"start":{"line":151,"column":32},"end":{"line":151,"column":60}},"41":{"start":{"line":153,"column":12},"end":{"line":161,"column":13}},"42":{"start":{"line":154,"column":14},"end":{"line":156,"column":16}},"43":{"start":{"line":158,"column":14},"end":{"line":160,"column":16}},"44":{"start":{"line":167,"column":6},"end":{"line":167,"column":33}},"45":{"start":{"line":169,"column":6},"end":{"line":169,"column":57}},"46":{"start":{"line":170,"column":6},"end":{"line":170,"column":22}},"47":{"start":{"line":172,"column":22},"end":{"line":174,"column":64}},"48":{"start":{"line":176,"column":6},"end":{"line":176,"column":74}},"49":{"start":{"line":177,"column":6},"end":{"line":179,"column":8}},"50":{"start":{"line":182,"column":6},"end":{"line":204,"column":7}},"51":{"start":{"line":183,"column":8},"end":{"line":185,"column":10}},"52":{"start":{"line":186,"column":8},"end":{"line":188,"column":10}},"53":{"start":{"line":189,"column":13},"end":{"line":204,"column":7}},"54":{"start":{"line":193,"column":8},"end":{"line":195,"column":10}},"55":{"start":{"line":196,"column":13},"end":{"line":204,"column":7}},"56":{"start":{"line":200,"column":8},"end":{"line":202,"column":10}},"57":{"start":{"line":203,"column":8},"end":{"line":203,"column":71}},"58":{"start":{"line":206,"column":6},"end":{"line":206,"column":22}},"59":{"start":{"line":52,"column":13},"end":{"line":52,"column":38}},"60":{"start":{"line":52,"column":13},"end":{"line":209,"column":null}}},"fnMap":{"0":{"name":"isDatabaseError","decl":{"start":{"line":23,"column":9},"end":{"line":23,"column":24}},"loc":{"start":{"line":23,"column":39},"end":{"line":30,"column":1}}},"1":{"name":"(anonymous_3)","decl":{"start":{"line":55,"column":2},"end":{"line":55,"column":22}},"loc":{"start":{"line":55,"column":50},"end":{"line":57,"column":3}}},"2":{"name":"(anonymous_4)","decl":{"start":{"line":72,"column":2},"end":{"line":72,"column":7}},"loc":{"start":{"line":72,"column":11},"end":{"line":208,"column":3}}},"3":{"name":"(anonymous_5)","decl":{"start":{"line":88,"column":16},"end":{"line":88,"column":17}},"loc":{"start":{"line":88,"column":32},"end":{"line":88,"column":38}}},"4":{"name":"(anonymous_6)","decl":{"start":{"line":89,"column":13},"end":{"line":89,"column":14}},"loc":{"start":{"line":89,"column":24},"end":{"line":89,"column":27}}},"5":{"name":"(anonymous_7)","decl":{"start":{"line":124,"column":36},"end":{"line":124,"column":37}},"loc":{"start":{"line":124,"column":47},"end":{"line":124,"column":57}}},"6":{"name":"(anonymous_8)","decl":{"start":{"line":136,"column":10},"end":{"line":136,"column":11}},"loc":{"start":{"line":136,"column":21},"end":{"line":136,"column":58}}},"7":{"name":"(anonymous_9)","decl":{"start":{"line":136,"column":34},"end":{"line":136,"column":35}},"loc":{"start":{"line":136,"column":41},"end":{"line":136,"column":57}}}},"branchMap":{"0":{"loc":{"start":{"line":25,"column":4},"end":{"line":28,"column":56}},"type":"binary-expr","locations":[{"start":{"line":25,"column":4},"end":{"line":25,"column":29}},{"start":{"line":26,"column":4},"end":{"line":26,"column":18}},{"start":{"line":27,"column":4},"end":{"line":27,"column":22}},{"start":{"line":28,"column":4},"end":{"line":28,"column":56}}]},"1":{"loc":{"start":{"line":91,"column":6},"end":{"line":99,"column":7}},"type":"if","locations":[{"start":{"line":91,"column":6},"end":{"line":99,"column":7}}]},"2":{"loc":{"start":{"line":126,"column":6},"end":{"line":164,"column":7}},"type":"if","locations":[{"start":{"line":126,"column":6},"end":{"line":164,"column":7}},{"start":{"line":130,"column":13},"end":{"line":164,"column":7}}]},"3":{"loc":{"start":{"line":139,"column":8},"end":{"line":163,"column":9}},"type":"if","locations":[{"start":{"line":139,"column":8},"end":{"line":163,"column":9}},{"start":{"line":143,"column":15},"end":{"line":163,"column":9}}]},"4":{"loc":{"start":{"line":153,"column":12},"end":{"line":161,"column":13}},"type":"if","locations":[{"start":{"line":153,"column":12},"end":{"line":161,"column":13}},{"start":{"line":157,"column":19},"end":{"line":161,"column":13}}]},"5":{"loc":{"start":{"line":172,"column":22},"end":{"line":174,"column":64}},"type":"cond-expr","locations":[{"start":{"line":173,"column":10},"end":{"line":173,"column":15}},{"start":{"line":174,"column":10},"end":{"line":174,"column":64}}]},"6":{"loc":{"start":{"line":182,"column":6},"end":{"line":204,"column":7}},"type":"if","locations":[{"start":{"line":182,"column":6},"end":{"line":204,"column":7}},{"start":{"line":189,"column":13},"end":{"line":204,"column":7}}]},"7":{"loc":{"start":{"line":189,"column":13},"end":{"line":204,"column":7}},"type":"if","locations":[{"start":{"line":189,"column":13},"end":{"line":204,"column":7}},{"start":{"line":196,"column":13},"end":{"line":204,"column":7}}]},"8":{"loc":{"start":{"line":190,"column":8},"end":{"line":191,"column":32}},"type":"binary-expr","locations":[{"start":{"line":190,"column":8},"end":{"line":190,"column":49}},{"start":{"line":191,"column":8},"end":{"line":191,"column":32}}]},"9":{"loc":{"start":{"line":196,"column":13},"end":{"line":204,"column":7}},"type":"if","locations":[{"start":{"line":196,"column":13},"end":{"line":204,"column":7}}]},"10":{"loc":{"start":{"line":197,"column":8},"end":{"line":198,"column":32}},"type":"binary-expr","locations":[{"start":{"line":197,"column":8},"end":{"line":197,"column":42}},{"start":{"line":198,"column":8},"end":{"line":198,"column":32}}]}},"s":{"0":0,"1":0,"2":0,"3":0,"4":0,"5":0,"6":0,"7":0,"8":0,"9":0,"10":0,"11":0,"12":0,"13":0,"14":0,"15":0,"16":0,"17":0,"18":0,"19":0,"20":0,"21":0,"22":0,"23":0,"24":0,"25":0,"26":0,"27":0,"28":0,"29":0,"30":0,"31":0,"32":0,"33":0,"34":0,"35":0,"36":0,"37":0,"38":0,"39":0,"40":0,"41":0,"42":0,"43":0,"44":0,"45":0,"46":0,"47":0,"48":0,"49":0,"50":0,"51":0,"52":0,"53":0,"54":0,"55":0,"56":0,"57":0,"58":0,"59":0,"60":0},"f":{"0":0,"1":0,"2":0,"3":0,"4":0,"5":0,"6":0,"7":0},"b":{"0":[0,0,0,0],"1":[0],"2":[0,0],"3":[0,0],"4":[0,0],"5":[0,0],"6":[0,0],"7":[0,0],"8":[0,0],"9":[0],"10":[0,0]}}
,"/Users/Dev/AuthCakes/authcakes-api-nest/src/commands/types/database.types.ts": {"path":"/Users/Dev/AuthCakes/authcakes-api-nest/src/commands/types/database.types.ts","statementMap":{"0":{"start":{"line":13,"column":0},"end":{"line":13,"column":16}},"1":{"start":{"line":36,"column":0},"end":{"line":36,"column":16}},"2":{"start":{"line":14,"column":2},"end":{"line":19,"column":4}},"3":{"start":{"line":37,"column":2},"end":{"line":37,"column":46}}},"fnMap":{"0":{"name":"isDatabaseError","decl":{"start":{"line":13,"column":16},"end":{"line":13,"column":31}},"loc":{"start":{"line":13,"column":46},"end":{"line":20,"column":1}}},"1":{"name":"isSupportedDatabase","decl":{"start":{"line":36,"column":16},"end":{"line":36,"column":35}},"loc":{"start":{"line":36,"column":48},"end":{"line":38,"column":1}}}},"branchMap":{"0":{"loc":{"start":{"line":15,"column":4},"end":{"line":18,"column":56}},"type":"binary-expr","locations":[{"start":{"line":15,"column":4},"end":{"line":15,"column":29}},{"start":{"line":16,"column":4},"end":{"line":16,"column":18}},{"start":{"line":17,"column":4},"end":{"line":17,"column":22}},{"start":{"line":18,"column":4},"end":{"line":18,"column":56}}]}},"s":{"0":0,"1":0,"2":0,"3":0},"f":{"0":0,"1":0},"b":{"0":[0,0,0,0]}}
,"/Users/Dev/AuthCakes/authcakes-api-nest/src/commands/utils/process.utils.ts": {"path":"/Users/Dev/AuthCakes/authcakes-api-nest/src/commands/utils/process.utils.ts","statementMap":{"0":{"start":{"line":46,"column":0},"end":{"line":46,"column":7}},"1":{"start":{"line":5,"column":0},"end":{"line":5,"column":52}},"2":{"start":{"line":15,"column":4},"end":{"line":15,"column":19}},"3":{"start":{"line":12,"column":20},"end":{"line":12,"column":32}},"4":{"start":{"line":13,"column":20},"end":{"line":13,"column":35}},"5":{"start":{"line":16,"column":4},"end":{"line":16,"column":31}},"6":{"start":{"line":9,"column":0},"end":{"line":9,"column":13}},"7":{"start":{"line":49,"column":53},"end":{"line":49,"column":60}},"8":{"start":{"line":51,"column":2},"end":{"line":74,"column":5}},"9":{"start":{"line":52,"column":25},"end":{"line":56,"column":6}},"10":{"start":{"line":58,"column":4},"end":{"line":61,"column":7}},"11":{"start":{"line":59,"column":6},"end":{"line":59,"column":55}},"12":{"start":{"line":60,"column":6},"end":{"line":60,"column":59}},"13":{"start":{"line":63,"column":4},"end":{"line":73,"column":7}},"14":{"start":{"line":64,"column":23},"end":{"line":64,"column":33}},"15":{"start":{"line":65,"column":6},"end":{"line":72,"column":7}},"16":{"start":{"line":66,"column":8},"end":{"line":66,"column":66}},"17":{"start":{"line":67,"column":8},"end":{"line":67,"column":18}},"18":{"start":{"line":69,"column":24},"end":{"line":69,"column":79}},"19":{"start":{"line":70,"column":8},"end":{"line":70,"column":31}},"20":{"start":{"line":71,"column":8},"end":{"line":71,"column":61}}},"fnMap":{"0":{"name":"(anonymous_0)","decl":{"start":{"line":10,"column":2},"end":{"line":10,"column":null}},"loc":{"start":{"line":13,"column":35},"end":{"line":17,"column":3}}},"1":{"name":"executeProcess","decl":{"start":{"line":46,"column":22},"end":{"line":46,"column":36}},"loc":{"start":{"line":47,"column":34},"end":{"line":75,"column":1}}},"2":{"name":"(anonymous_2)","decl":{"start":{"line":51,"column":27},"end":{"line":51,"column":28}},"loc":{"start":{"line":51,"column":47},"end":{"line":74,"column":3}}},"3":{"name":"(anonymous_3)","decl":{"start":{"line":58,"column":29},"end":{"line":58,"column":30}},"loc":{"start":{"line":58,"column":46},"end":{"line":61,"column":5}}},"4":{"name":"(anonymous_4)","decl":{"start":{"line":63,"column":29},"end":{"line":63,"column":30}},"loc":{"start":{"line":63,"column":53},"end":{"line":73,"column":5}}}},"branchMap":{"0":{"loc":{"start":{"line":64,"column":23},"end":{"line":64,"column":33}},"type":"binary-expr","locations":[{"start":{"line":64,"column":23},"end":{"line":64,"column":27}},{"start":{"line":64,"column":31},"end":{"line":64,"column":33}}]},"1":{"loc":{"start":{"line":65,"column":6},"end":{"line":72,"column":7}},"type":"if","locations":[{"start":{"line":65,"column":6},"end":{"line":72,"column":7}},{"start":{"line":68,"column":13},"end":{"line":72,"column":7}}]}},"s":{"0":0,"1":0,"2":0,"3":0,"4":0,"5":0,"6":0,"7":0,"8":0,"9":0,"10":0,"11":0,"12":0,"13":0,"14":0,"15":0,"16":0,"17":0,"18":0,"19":0,"20":0},"f":{"0":0,"1":0,"2":0,"3":0,"4":0},"b":{"0":[0,0],"1":[0,0]}}
,"/Users/Dev/AuthCakes/authcakes-api-nest/src/common/decorators/current-user.decorator.ts": {"path":"/Users/Dev/AuthCakes/authcakes-api-nest/src/common/decorators/current-user.decorator.ts","statementMap":{"0":{"start":{"line":1,"column":0},"end":{"line":1,"column":95}},"1":{"start":{"line":11,"column":13},"end":{"line":28,"column":2}},"2":{"start":{"line":13,"column":20},"end":{"line":13,"column":60}},"3":{"start":{"line":14,"column":17},"end":{"line":14,"column":43}},"4":{"start":{"line":17,"column":4},"end":{"line":19,"column":5}},"5":{"start":{"line":18,"column":6},"end":{"line":18,"column":62}},"6":{"start":{"line":22,"column":4},"end":{"line":24,"column":5}},"7":{"start":{"line":23,"column":6},"end":{"line":23,"column":64}},"8":{"start":{"line":26,"column":4},"end":{"line":26,"column":16}}},"fnMap":{"0":{"name":"(anonymous_0)","decl":{"start":{"line":12,"column":2},"end":{"line":12,"column":3}},"loc":{"start":{"line":12,"column":56},"end":{"line":27,"column":3}}}},"branchMap":{"0":{"loc":{"start":{"line":17,"column":4},"end":{"line":19,"column":5}},"type":"if","locations":[{"start":{"line":17,"column":4},"end":{"line":19,"column":5}}]},"1":{"loc":{"start":{"line":17,"column":8},"end":{"line":17,"column":41}},"type":"binary-expr","locations":[{"start":{"line":17,"column":8},"end":{"line":17,"column":13}},{"start":{"line":17,"column":17},"end":{"line":17,"column":26}},{"start":{"line":17,"column":30},"end":{"line":17,"column":41}}]},"2":{"loc":{"start":{"line":22,"column":4},"end":{"line":24,"column":5}},"type":"if","locations":[{"start":{"line":22,"column":4},"end":{"line":24,"column":5}}]},"3":{"loc":{"start":{"line":22,"column":8},"end":{"line":22,"column":70}},"type":"binary-expr","locations":[{"start":{"line":22,"column":8},"end":{"line":22,"column":36}},{"start":{"line":22,"column":40},"end":{"line":22,"column":70}}]}},"s":{"0":0,"1":0,"2":0,"3":0,"4":0,"5":0,"6":0,"7":0,"8":0},"f":{"0":0},"b":{"0":[0],"1":[0,0,0],"2":[0],"3":[0,0]}}
,"/Users/Dev/AuthCakes/authcakes-api-nest/src/common/decorators/is-admin-route.decorator.ts": {"path":"/Users/Dev/AuthCakes/authcakes-api-nest/src/common/decorators/is-admin-route.decorator.ts","statementMap":{"0":{"start":{"line":1,"column":0},"end":{"line":1,"column":45}},"1":{"start":{"line":7,"column":28},"end":{"line":7,"column":67}},"2":{"start":{"line":7,"column":34},"end":{"line":7,"column":67}},"3":{"start":{"line":7,"column":13},"end":{"line":7,"column":28}}},"fnMap":{"0":{"name":"(anonymous_0)","decl":{"start":{"line":7,"column":28},"end":{"line":7,"column":31}},"loc":{"start":{"line":7,"column":34},"end":{"line":7,"column":67}}}},"branchMap":{},"s":{"0":0,"1":0,"2":0,"3":0},"f":{"0":0},"b":{}}
,"/Users/Dev/AuthCakes/authcakes-api-nest/src/common/decorators/public.decorator.ts": {"path":"/Users/Dev/AuthCakes/authcakes-api-nest/src/common/decorators/public.decorator.ts","statementMap":{"0":{"start":{"line":1,"column":0},"end":{"line":1,"column":45}},"1":{"start":{"line":3,"column":13},"end":{"line":3,"column":40}},"2":{"start":{"line":4,"column":22},"end":{"line":4,"column":60}},"3":{"start":{"line":4,"column":28},"end":{"line":4,"column":60}},"4":{"start":{"line":4,"column":13},"end":{"line":4,"column":22}}},"fnMap":{"0":{"name":"(anonymous_0)","decl":{"start":{"line":4,"column":22},"end":{"line":4,"column":25}},"loc":{"start":{"line":4,"column":28},"end":{"line":4,"column":60}}}},"branchMap":{},"s":{"0":1,"1":1,"2":1,"3":2,"4":1},"f":{"0":2},"b":{}}
,"/Users/Dev/AuthCakes/authcakes-api-nest/src/common/decorators/roles.decorator.ts": {"path":"/Users/Dev/AuthCakes/authcakes-api-nest/src/common/decorators/roles.decorator.ts","statementMap":{"0":{"start":{"line":1,"column":0},"end":{"line":1,"column":45}},"1":{"start":{"line":3,"column":13},"end":{"line":3,"column":33}},"2":{"start":{"line":4,"column":21},"end":{"line":4,"column":74}},"3":{"start":{"line":4,"column":45},"end":{"line":4,"column":74}},"4":{"start":{"line":4,"column":13},"end":{"line":4,"column":21}}},"fnMap":{"0":{"name":"(anonymous_0)","decl":{"start":{"line":4,"column":21},"end":{"line":4,"column":22}},"loc":{"start":{"line":4,"column":45},"end":{"line":4,"column":74}}}},"branchMap":{},"s":{"0":0,"1":0,"2":0,"3":0,"4":0},"f":{"0":0},"b":{}}
,"/Users/Dev/AuthCakes/authcakes-api-nest/src/common/decorators/swagger-generic-response.decorator.ts": {"path":"/Users/Dev/AuthCakes/authcakes-api-nest/src/common/decorators/swagger-generic-response.decorator.ts","statementMap":{"0":{"start":{"line":1,"column":0},"end":{"line":1,"column":55}},"1":{"start":{"line":2,"column":0},"end":{"line":2,"column":79}},"2":{"start":{"line":3,"column":0},"end":{"line":3,"column":76}},"3":{"start":{"line":9,"column":35},"end":{"line":29,"column":1}},"4":{"start":{"line":12,"column":2},"end":{"line":28,"column":4}},"5":{"start":{"line":9,"column":13},"end":{"line":9,"column":35}}},"fnMap":{"0":{"name":"(anonymous_0)","decl":{"start":{"line":9,"column":35},"end":{"line":9,"column":null}},"loc":{"start":{"line":11,"column":4},"end":{"line":29,"column":1}}}},"branchMap":{},"s":{"0":1,"1":1,"2":1,"3":1,"4":2,"5":1},"f":{"0":2},"b":{}}
,"/Users/Dev/AuthCakes/authcakes-api-nest/src/common/decorators/tenant-roles.decorator.ts": {"path":"/Users/Dev/AuthCakes/authcakes-api-nest/src/common/decorators/tenant-roles.decorator.ts","statementMap":{"0":{"start":{"line":2,"column":0},"end":{"line":2,"column":45}},"1":{"start":{"line":4,"column":13},"end":{"line":4,"column":63}},"2":{"start":{"line":5,"column":27},"end":{"line":6,"column":47}},"3":{"start":{"line":6,"column":2},"end":{"line":6,"column":47}},"4":{"start":{"line":5,"column":13},"end":{"line":5,"column":27}}},"fnMap":{"0":{"name":"(anonymous_0)","decl":{"start":{"line":5,"column":27},"end":{"line":5,"column":28}},"loc":{"start":{"line":6,"column":2},"end":{"line":6,"column":47}}}},"branchMap":{},"s":{"0":0,"1":0,"2":0,"3":0,"4":0},"f":{"0":0},"b":{}}
,"/Users/Dev/AuthCakes/authcakes-api-nest/src/common/decorators/throttle.decorator.ts": {"path":"/Users/Dev/AuthCakes/authcakes-api-nest/src/common/decorators/throttle.decorator.ts","statementMap":{"0":{"start":{"line":1,"column":0},"end":{"line":1,"column":45}},"1":{"start":{"line":2,"column":0},"end":{"line":2,"column":45}},"2":{"start":{"line":9,"column":29},"end":{"line":10,"column":47}},"3":{"start":{"line":10,"column":2},"end":{"line":10,"column":47}},"4":{"start":{"line":9,"column":13},"end":{"line":9,"column":29}},"5":{"start":{"line":15,"column":32},"end":{"line":16,"column":48}},"6":{"start":{"line":16,"column":2},"end":{"line":16,"column":48}},"7":{"start":{"line":15,"column":13},"end":{"line":15,"column":32}},"8":{"start":{"line":21,"column":37},"end":{"line":22,"column":48}},"9":{"start":{"line":22,"column":2},"end":{"line":22,"column":48}},"10":{"start":{"line":21,"column":13},"end":{"line":21,"column":37}},"11":{"start":{"line":27,"column":31},"end":{"line":28,"column":47}},"12":{"start":{"line":28,"column":2},"end":{"line":28,"column":47}},"13":{"start":{"line":27,"column":13},"end":{"line":27,"column":31}},"14":{"start":{"line":33,"column":31},"end":{"line":34,"column":48}},"15":{"start":{"line":34,"column":2},"end":{"line":34,"column":48}},"16":{"start":{"line":33,"column":13},"end":{"line":33,"column":31}},"17":{"start":{"line":39,"column":32},"end":{"line":40,"column":47}},"18":{"start":{"line":40,"column":2},"end":{"line":40,"column":47}},"19":{"start":{"line":39,"column":13},"end":{"line":39,"column":32}},"20":{"start":{"line":45,"column":28},"end":{"line":45,"column":67}},"21":{"start":{"line":45,"column":34},"end":{"line":45,"column":67}},"22":{"start":{"line":45,"column":13},"end":{"line":45,"column":28}}},"fnMap":{"0":{"name":"(anonymous_0)","decl":{"start":{"line":9,"column":29},"end":{"line":9,"column":32}},"loc":{"start":{"line":10,"column":2},"end":{"line":10,"column":47}}},"1":{"name":"(anonymous_1)","decl":{"start":{"line":15,"column":32},"end":{"line":15,"column":35}},"loc":{"start":{"line":16,"column":2},"end":{"line":16,"column":48}}},"2":{"name":"(anonymous_2)","decl":{"start":{"line":21,"column":37},"end":{"line":21,"column":40}},"loc":{"start":{"line":22,"column":2},"end":{"line":22,"column":48}}},"3":{"name":"(anonymous_3)","decl":{"start":{"line":27,"column":31},"end":{"line":27,"column":34}},"loc":{"start":{"line":28,"column":2},"end":{"line":28,"column":47}}},"4":{"name":"(anonymous_4)","decl":{"start":{"line":33,"column":31},"end":{"line":33,"column":34}},"loc":{"start":{"line":34,"column":2},"end":{"line":34,"column":48}}},"5":{"name":"(anonymous_5)","decl":{"start":{"line":39,"column":32},"end":{"line":39,"column":35}},"loc":{"start":{"line":40,"column":2},"end":{"line":40,"column":47}}},"6":{"name":"(anonymous_6)","decl":{"start":{"line":45,"column":28},"end":{"line":45,"column":31}},"loc":{"start":{"line":45,"column":34},"end":{"line":45,"column":67}}}},"branchMap":{},"s":{"0":0,"1":0,"2":0,"3":0,"4":0,"5":0,"6":0,"7":0,"8":0,"9":0,"10":0,"11":0,"12":0,"13":0,"14":0,"15":0,"16":0,"17":0,"18":0,"19":0,"20":0,"21":0,"22":0},"f":{"0":0,"1":0,"2":0,"3":0,"4":0,"5":0,"6":0},"b":{}}
,"/Users/Dev/AuthCakes/authcakes-api-nest/src/common/exceptions/authentication.exception.ts": {"path":"/Users/Dev/AuthCakes/authcakes-api-nest/src/common/exceptions/authentication.exception.ts","statementMap":{"0":{"start":{"line":1,"column":0},"end":{"line":1,"column":59}},"1":{"start":{"line":5,"column":4},"end":{"line":5,"column":59}},"2":{"start":{"line":3,"column":0},"end":{"line":3,"column":13}}},"fnMap":{"0":{"name":"(anonymous_0)","decl":{"start":{"line":4,"column":2},"end":{"line":4,"column":14}},"loc":{"start":{"line":4,"column":73},"end":{"line":6,"column":3}}}},"branchMap":{"0":{"loc":{"start":{"line":4,"column":14},"end":{"line":4,"column":47}},"type":"default-arg","locations":[{"start":{"line":4,"column":24},"end":{"line":4,"column":47}}]},"1":{"loc":{"start":{"line":4,"column":49},"end":{"line":4,"column":73}},"type":"default-arg","locations":[{"start":{"line":4,"column":61},"end":{"line":4,"column":73}}]}},"s":{"0":0,"1":0,"2":0},"f":{"0":0},"b":{"0":[0],"1":[0]}}
,"/Users/Dev/AuthCakes/authcakes-api-nest/src/common/exceptions/tenant-access.exception.ts": {"path":"/Users/Dev/AuthCakes/authcakes-api-nest/src/common/exceptions/tenant-access.exception.ts","statementMap":{"0":{"start":{"line":1,"column":0},"end":{"line":1,"column":59}},"1":{"start":{"line":8,"column":4},"end":{"line":8,"column":56}},"2":{"start":{"line":3,"column":0},"end":{"line":3,"column":13}}},"fnMap":{"0":{"name":"(anonymous_0)","decl":{"start":{"line":4,"column":2},"end":{"line":4,"column":null}},"loc":{"start":{"line":6,"column":38},"end":{"line":9,"column":3}}}},"branchMap":{"0":{"loc":{"start":{"line":5,"column":4},"end":{"line":5,"column":39}},"type":"default-arg","locations":[{"start":{"line":5,"column":14},"end":{"line":5,"column":39}}]},"1":{"loc":{"start":{"line":6,"column":4},"end":{"line":6,"column":38}},"type":"default-arg","locations":[{"start":{"line":6,"column":16},"end":{"line":6,"column":38}}]}},"s":{"0":0,"1":0,"2":0},"f":{"0":0},"b":{"0":[0],"1":[0]}}
,"/Users/Dev/AuthCakes/authcakes-api-nest/src/common/exceptions/validation.exception.ts": {"path":"/Users/Dev/AuthCakes/authcakes-api-nest/src/common/exceptions/validation.exception.ts","statementMap":{"0":{"start":{"line":1,"column":0},"end":{"line":1,"column":59}},"1":{"start":{"line":9,"column":4},"end":{"line":9,"column":42}},"2":{"start":{"line":3,"column":0},"end":{"line":3,"column":13}}},"fnMap":{"0":{"name":"(anonymous_0)","decl":{"start":{"line":4,"column":2},"end":{"line":4,"column":null}},"loc":{"start":{"line":7,"column":35},"end":{"line":10,"column":3}}}},"branchMap":{"0":{"loc":{"start":{"line":5,"column":4},"end":{"line":5,"column":33}},"type":"default-arg","locations":[{"start":{"line":5,"column":14},"end":{"line":5,"column":33}}]},"1":{"loc":{"start":{"line":6,"column":4},"end":{"line":6,"column":34}},"type":"default-arg","locations":[{"start":{"line":6,"column":16},"end":{"line":6,"column":34}}]},"2":{"loc":{"start":{"line":7,"column":4},"end":{"line":7,"column":35}},"type":"default-arg","locations":[{"start":{"line":7,"column":13},"end":{"line":7,"column":35}}]}},"s":{"0":0,"1":0,"2":0},"f":{"0":0},"b":{"0":[0],"1":[0],"2":[0]}}
,"/Users/Dev/AuthCakes/authcakes-api-nest/src/common/filters/all-exceptions.filter.ts": {"path":"/Users/Dev/AuthCakes/authcakes-api-nest/src/common/filters/all-exceptions.filter.ts","statementMap":{"0":{"start":{"line":1,"column":0},"end":{"line":1,"column":null}},"1":{"start":{"line":12,"column":0},"end":{"line":12,"column":47}},"2":{"start":{"line":34,"column":32},"end":{"line":138,"column":null}},"3":{"start":{"line":35,"column":28},"end":{"line":35,"column":64}},"4":{"start":{"line":37,"column":31},"end":{"line":37,"column":48}},"5":{"start":{"line":40,"column":28},"end":{"line":40,"column":48}},"6":{"start":{"line":41,"column":16},"end":{"line":41,"column":35}},"7":{"start":{"line":42,"column":20},"end":{"line":42,"column":45}},"8":{"start":{"line":43,"column":21},"end":{"line":43,"column":48}},"9":{"start":{"line":45,"column":25},"end":{"line":45,"column":57}},"10":{"start":{"line":46,"column":37},"end":{"line":46,"column":60}},"11":{"start":{"line":47,"column":35},"end":{"line":47,"column":56}},"12":{"start":{"line":51,"column":4},"end":{"line":93,"column":5}},"13":{"start":{"line":52,"column":6},"end":{"line":52,"column":37}},"14":{"start":{"line":53,"column":23},"end":{"line":53,"column":71}},"15":{"start":{"line":55,"column":6},"end":{"line":66,"column":7}},"16":{"start":{"line":56,"column":8},"end":{"line":56,"column":27}},"17":{"start":{"line":57,"column":8},"end":{"line":57,"column":31}},"18":{"start":{"line":58,"column":13},"end":{"line":66,"column":7}},"19":{"start":{"line":59,"column":28},"end":{"line":59,"column":36}},"20":{"start":{"line":60,"column":8},"end":{"line":61,"column":74}},"21":{"start":{"line":62,"column":8},"end":{"line":62,"column":64}},"22":{"start":{"line":63,"column":8},"end":{"line":65,"column":9}},"23":{"start":{"line":64,"column":10},"end":{"line":64,"column":67}},"24":{"start":{"line":68,"column":6},"end":{"line":75,"column":7}},"25":{"start":{"line":69,"column":25},"end":{"line":69,"column":75}},"26":{"start":{"line":70,"column":8},"end":{"line":74,"column":9}},"27":{"start":{"line":71,"column":10},"end":{"line":71,"column":36}},"28":{"start":{"line":72,"column":10},"end":{"line":72,"column":37}},"29":{"start":{"line":73,"column":10},"end":{"line":73,"column":37}},"30":{"start":{"line":77,"column":6},"end":{"line":80,"column":7}},"31":{"start":{"line":78,"column":8},"end":{"line":78,"column":31}},"32":{"start":{"line":79,"column":8},"end":{"line":79,"column":44}},"33":{"start":{"line":81,"column":6},"end":{"line":84,"column":7}},"34":{"start":{"line":82,"column":8},"end":{"line":82,"column":28}},"35":{"start":{"line":83,"column":8},"end":{"line":83,"column":71}},"36":{"start":{"line":85,"column":11},"end":{"line":93,"column":5}},"37":{"start":{"line":86,"column":6},"end":{"line":86,"column":38}},"38":{"start":{"line":87,"column":6},"end":{"line":87,"column":32}},"39":{"start":{"line":88,"column":6},"end":{"line":88,"column":57}},"40":{"start":{"line":89,"column":6},"end":{"line":89,"column":34}},"41":{"start":{"line":90,"column":11},"end":{"line":93,"column":5}},"42":{"start":{"line":91,"column":6},"end":{"line":91,"column":34}},"43":{"start":{"line":92,"column":6},"end":{"line":92,"column":29}},"44":{"start":{"line":96,"column":4},"end":{"line":105,"column":5}},"45":{"start":{"line":97,"column":6},"end":{"line":100,"column":8}},"46":{"start":{"line":102,"column":6},"end":{"line":104,"column":8}},"47":{"start":{"line":108,"column":40},"end":{"line":114,"column":6}},"48":{"start":{"line":116,"column":4},"end":{"line":120,"column":5}},"49":{"start":{"line":117,"column":6},"end":{"line":119,"column":7}},"50":{"start":{"line":118,"column":8},"end":{"line":118,"column":45}},"51":{"start":{"line":123,"column":4},"end":{"line":125,"column":5}},"52":{"start":{"line":124,"column":6},"end":{"line":124,"column":37}},"53":{"start":{"line":127,"column":4},"end":{"line":127,"column":54}},"54":{"start":{"line":135,"column":16},"end":{"line":135,"column":46}},"55":{"start":{"line":136,"column":4},"end":{"line":136,"column":43}},"56":{"start":{"line":34,"column":13},"end":{"line":34,"column":32}},"57":{"start":{"line":34,"column":13},"end":{"line":138,"column":null}}},"fnMap":{"0":{"name":"(anonymous_2)","decl":{"start":{"line":37,"column":2},"end":{"line":37,"column":31}},"loc":{"start":{"line":37,"column":63},"end":{"line":37,"column":67}}},"1":{"name":"(anonymous_3)","decl":{"start":{"line":39,"column":2},"end":{"line":39,"column":7}},"loc":{"start":{"line":39,"column":47},"end":{"line":128,"column":3}}},"2":{"name":"(anonymous_4)","decl":{"start":{"line":130,"column":10},"end":{"line":130,"column":27}},"loc":{"start":{"line":130,"column":46},"end":{"line":137,"column":3}}}},"branchMap":{"0":{"loc":{"start":{"line":51,"column":4},"end":{"line":93,"column":5}},"type":"if","locations":[{"start":{"line":51,"column":4},"end":{"line":93,"column":5}},{"start":{"line":85,"column":11},"end":{"line":93,"column":5}}]},"1":{"loc":{"start":{"line":55,"column":6},"end":{"line":66,"column":7}},"type":"if","locations":[{"start":{"line":55,"column":6},"end":{"line":66,"column":7}},{"start":{"line":58,"column":13},"end":{"line":66,"column":7}}]},"2":{"loc":{"start":{"line":58,"column":13},"end":{"line":66,"column":7}},"type":"if","locations":[{"start":{"line":58,"column":13},"end":{"line":66,"column":7}}]},"3":{"loc":{"start":{"line":61,"column":11},"end":{"line":61,"column":73}},"type":"binary-expr","locations":[{"start":{"line":61,"column":11},"end":{"line":61,"column":41}},{"start":{"line":61,"column":45},"end":{"line":61,"column":62}},{"start":{"line":61,"column":66},"end":{"line":61,"column":73}}]},"4":{"loc":{"start":{"line":62,"column":17},"end":{"line":62,"column":63}},"type":"binary-expr","locations":[{"start":{"line":62,"column":17},"end":{"line":62,"column":45}},{"start":{"line":62,"column":49},"end":{"line":62,"column":63}}]},"5":{"loc":{"start":{"line":63,"column":8},"end":{"line":65,"column":9}},"type":"if","locations":[{"start":{"line":63,"column":8},"end":{"line":65,"column":9}}]},"6":{"loc":{"start":{"line":68,"column":6},"end":{"line":75,"column":7}},"type":"if","locations":[{"start":{"line":68,"column":6},"end":{"line":75,"column":7}}]},"7":{"loc":{"start":{"line":70,"column":8},"end":{"line":74,"column":9}},"type":"if","locations":[{"start":{"line":70,"column":8},"end":{"line":74,"column":9}}]},"8":{"loc":{"start":{"line":77,"column":6},"end":{"line":80,"column":7}},"type":"if","locations":[{"start":{"line":77,"column":6},"end":{"line":80,"column":7}}]},"9":{"loc":{"start":{"line":81,"column":6},"end":{"line":84,"column":7}},"type":"if","locations":[{"start":{"line":81,"column":6},"end":{"line":84,"column":7}}]},"10":{"loc":{"start":{"line":85,"column":11},"end":{"line":93,"column":5}},"type":"if","locations":[{"start":{"line":85,"column":11},"end":{"line":93,"column":5}},{"start":{"line":90,"column":11},"end":{"line":93,"column":5}}]},"11":{"loc":{"start":{"line":88,"column":16},"end":{"line":88,"column":56}},"type":"binary-expr","locations":[{"start":{"line":88,"column":16},"end":{"line":88,"column":33}},{"start":{"line":88,"column":37},"end":{"line":88,"column":56}}]},"12":{"loc":{"start":{"line":90,"column":11},"end":{"line":93,"column":5}},"type":"if","locations":[{"start":{"line":90,"column":11},"end":{"line":93,"column":5}}]},"13":{"loc":{"start":{"line":96,"column":4},"end":{"line":105,"column":5}},"type":"if","locations":[{"start":{"line":96,"column":4},"end":{"line":105,"column":5}},{"start":{"line":101,"column":11},"end":{"line":105,"column":5}}]},"14":{"loc":{"start":{"line":98,"column":58},"end":{"line":98,"column":111}},"type":"cond-expr","locations":[{"start":{"line":98,"column":83},"end":{"line":98,"column":101}},{"start":{"line":98,"column":10
[...]
":464,"column":33}},"142":{"start":{"line":465,"column":4},"end":{"line":465,"column":28}},"143":{"start":{"line":466,"column":4},"end":{"line":466,"column":20}},"144":{"start":{"line":467,"column":4},"end":{"line":467,"column":26}},"145":{"start":{"line":468,"column":4},"end":{"line":470,"column":7}},"146":{"start":{"line":471,"column":4},"end":{"line":471,"column":42}},"147":{"start":{"line":475,"column":23},"end":{"line":477,"column":null}},"148":{"start":{"line":479,"column":4},"end":{"line":479,"column":45}},"149":{"start":{"line":483,"column":4},"end":{"line":489,"column":7}},"150":{"start":{"line":493,"column":19},"end":{"line":493,"column":55}},"151":{"start":{"line":494,"column":4},"end":{"line":496,"column":5}},"152":{"start":{"line":495,"column":6},"end":{"line":495,"column":66}},"153":{"start":{"line":500,"column":17},"end":{"line":502,"column":6}},"154":{"start":{"line":503,"column":4},"end":{"line":505,"column":5}},"155":{"start":{"line":504,"column":6},"end":{"line":504,"column":64}},"156":{"start":{"line":506,"column":4},"end":{"line":506,"column":30}},"157":{"start":{"line":507,"column":4},"end":{"line":507,"column":37}},"158":{"start":{"line":508,"column":4},"end":{"line":508,"column":42}},"159":{"start":{"line":513,"column":4},"end":{"line":513,"column":57}},"160":{"start":{"line":518,"column":20},"end":{"line":518,"column":71}},"161":{"start":{"line":519,"column":4},"end":{"line":521,"column":5}},"162":{"start":{"line":520,"column":6},"end":{"line":520,"column":76}},"163":{"start":{"line":522,"column":4},"end":{"line":522,"column":78}},"164":{"start":{"line":529,"column":4},"end":{"line":529,"column":74}},"165":{"start":{"line":532,"column":17},"end":{"line":534,"column":6}},"166":{"start":{"line":536,"column":4},"end":{"line":543,"column":5}},"167":{"start":{"line":538,"column":6},"end":{"line":541,"column":9}},"168":{"start":{"line":542,"column":6},"end":{"line":542,"column":62}},"169":{"start":{"line":545,"column":4},"end":{"line":555,"column":5}},"170":{"start":{"line":550,"column":6},"end":{"line":553,"column":9}},"171":{"start":{"line":554,"column":6},"end":{"line":554,"column":66}},"172":{"start":{"line":557,"column":4},"end":{"line":563,"column":5}},"173":{"start":{"line":558,"column":6},"end":{"line":561,"column":9}},"174":{"start":{"line":562,"column":6},"end":{"line":562,"column":62}},"175":{"start":{"line":566,"column":24},"end":{"line":566,"column":82}},"176":{"start":{"line":567,"column":4},"end":{"line":567,"column":32}},"177":{"start":{"line":568,"column":4},"end":{"line":568,"column":41}},"178":{"start":{"line":570,"column":4},"end":{"line":591,"column":5}},"179":{"start":{"line":572,"column":6},"end":{"line":572,"column":59}},"180":{"start":{"line":573,"column":6},"end":{"line":573,"column":39}},"181":{"start":{"line":574,"column":6},"end":{"line":574,"column":45}},"182":{"start":{"line":575,"column":6},"end":{"line":575,"column":35}},"183":{"start":{"line":576,"column":6},"end":{"line":576,"column":30}},"184":{"start":{"line":578,"column":26},"end":{"line":578,"column":62}},"185":{"start":{"line":580,"column":6},"end":{"line":582,"column":9}},"186":{"start":{"line":584,"column":6},"end":{"line":584,"column":44}},"187":{"start":{"line":585,"column":6},"end":{"line":585,"column":25}},"188":{"start":{"line":587,"column":6},"end":{"line":587,"column":46}},"189":{"start":{"line":588,"column":6},"end":{"line":588,"column":18}},"190":{"start":{"line":590,"column":6},"end":{"line":590,"column":34}},"191":{"start":{"line":601,"column":4},"end":{"line":601,"column":60}},"192":{"start":{"line":604,"column":4},"end":{"line":623,"column":5}},"193":{"start":{"line":605,"column":26},"end":{"line":605,"column":95}},"194":{"start":{"line":606,"column":6},"end":{"line":606,"column":34}},"195":{"start":{"line":607,"column":6},"end":{"line":607,"column":43}},"196":{"start":{"line":609,"column":6},"end":{"line":622,"column":7}},"197":{"start":{"line":610,"column":8},"end":{"line":615,"column":9}},"198":{"start":{"line":611,"column":10},"end":{"line":614,"column":12}},"199":{"start":{"line":616,"column":8},"end":{"line":616,"column":46}},"200":{"start":{"line":618,"column":8},"end":{"line":618,"column":48}},"201":{"start":{"line":619,"column":8},"end":{"line":619,"column":20}},"202":{"start":{"line":621,"column":8},"end":{"line":621,"column":36}},"203":{"start":{"line":631,"column":4},"end":{"line":637,"column":6}},"204":{"start":{"line":51,"column":13},"end":{"line":51,"column":25}},"205":{"start":{"line":51,"column":13},"end":{"line":639,"column":null}}},"fnMap":{"0":{"name":"(anonymous_4)","decl":{"start":{"line":54,"column":2},"end":{"line":54,"column":null}},"loc":{"start":{"line":62,"column":53},"end":{"line":63,"column":6}}},"1":{"name":"(anonymous_5)","decl":{"start":{"line":65,"column":2},"end":{"line":65,"column":7}},"loc":{"start":{"line":65,"column":15},"end":{"line":67,"column":3}}},"2":{"name":"(anonymous_6)","decl":{"start":{"line":75,"column":2},"end":{"line":75,"column":7}},"loc":{"start":{"line":75,"column":59},"end":{"line":86,"column":3}}},"3":{"name":"(anonymous_7)","decl":{"start":{"line":88,"column":2},"end":{"line":88,"column":7}},"loc":{"start":{"line":88,"column":33},"end":{"line":92,"column":3}}},"4":{"name":"(anonymous_8)","decl":{"start":{"line":99,"column":2},"end":{"line":99,"column":7}},"loc":{"start":{"line":99,"column":46},"end":{"line":103,"column":3}}},"5":{"name":"(anonymous_9)","decl":{"start":{"line":110,"column":2},"end":{"line":110,"column":7}},"loc":{"start":{"line":110,"column":41},"end":{"line":114,"column":3}}},"6":{"name":"(anonymous_10)","decl":{"start":{"line":116,"column":2},"end":{"line":116,"column":7}},"loc":{"start":{"line":116,"column":38},"end":{"line":132,"column":3}}},"7":{"name":"(anonymous_11)","decl":{"start":{"line":134,"column":2},"end":{"line":134,"column":7}},"loc":{"start":{"line":134,"column":50},"end":{"line":153,"column":3}}},"8":{"name":"(anonymous_12)","decl":{"start":{"line":163,"column":2},"end":{"line":163,"column":7}},"loc":{"start":{"line":167,"column":29},"end":{"line":262,"column":3}}},"9":{"name":"(anonymous_13)","decl":{"start":{"line":220,"column":6},"end":{"line":220,"column":7}},"loc":{"start":{"line":220,"column":14},"end":{"line":240,"column":7}}},"10":{"name":"(anonymous_14)","decl":{"start":{"line":264,"column":2},"end":{"line":264,"column":7}},"loc":{"start":{"line":264,"column":25},"end":{"line":267,"column":3}}},"11":{"name":"(anonymous_15)","decl":{"start":{"line":269,"column":2},"end":{"line":269,"column":7}},"loc":{"start":{"line":269,"column":57},"end":{"line":272,"column":3}}},"12":{"name":"(anonymous_16)","decl":{"start":{"line":274,"column":2},"end":{"line":274,"column":7}},"loc":{"start":{"line":277,"column":23},"end":{"line":292,"column":3}}},"13":{"name":"(anonymous_17)","decl":{"start":{"line":294,"column":2},"end":{"line":294,"column":7}},"loc":{"start":{"line":294,"column":54},"end":{"line":329,"column":3}}},"14":{"name":"(anonymous_18)","decl":{"start":{"line":331,"column":2},"end":{"line":331,"column":7}},"loc":{"start":{"line":331,"column":43},"end":{"line":336,"column":3}}},"15":{"name":"(anonymous_19)","decl":{"start":{"line":338,"column":2},"end":{"line":338,"column":7}},"loc":{"start":{"line":338,"column":34},"end":{"line":342,"column":3}}},"16":{"name":"(anonymous_20)","decl":{"start":{"line":344,"column":2},"end":{"line":344,"column":7}},"loc":{"start":{"line":344,"column":49},"end":{"line":352,"column":3}}},"17":{"name":"(anonymous_21)","decl":{"start":{"line":354,"column":2},"end":{"line":354,"column":7}},"loc":{"start":{"line":354,"column":33},"end":{"line":367,"column":3}}},"18":{"name":"(anonymous_22)","decl":{"start":{"line":369,"column":2},"end":{"line":369,"column":7}},"loc":{"start":{"line":369,"column":45},"end":{"line":385,"column":3}}},"19":{"name":"(anonymous_23)","decl":{"start":{"line":387,"column":2},"end":{"line":387,"column":7}},"loc":{"start":{"line":387,"column":47},"end":{"line":403,"column":3}}},"20":{"name":"(anonymous_24)","decl":{"start":{"line":405,"column":2},"end":{"line":405,"column":13}},"loc":{"start":{"line":405,"column":37},"end":{"line":410,"column":3}}},"21":{"name":"(anonymous_25)","decl":{"start":{"line":412,"column":2},"end":{"line":412,"column":7}},"loc":{"start":{"line":415,"column":16},"end":{"line":472,"column":3}}},"22":{"name":"(anonymous_26)","decl":{"start":{"line":474,"column":10},"end":{"line":474,"column":15}},"loc":{"start":{"line":474,"column":45},"end":{"line":480,"column":3}}},"23":{"name":"(anonymous_27)","decl":{"start":{"line":482,"column":2},"end":{"line":482,"column":7}},"loc":{"start":{"line":482,"column":28},"end":{"line":490,"column":3}}},"24":{"name":"(anonymous_28)","decl":{"start":{"line":492,"column":2},"end":{"line":492,"column":7}},"loc":{"start":{"line":492,"column":25},"end":{"line":497,"column":3}}},"25":{"name":"(anonymous_29)","decl":{"start":{"line":499,"column":2},"end":{"line":499,"column":7}},"loc":{"start":{"line":499,"column":33},"end":{"line":509,"column":3}}},"26":{"name":"(anonymous_30)","decl":{"start":{"line":511,"column":2},"end":{"line":511,"column":7}},"loc":{"start":{"line":511,"column":41},"end":{"line":514,"column":3}}},"27":{"name":"(anonymous_31)","decl":{"start":{"line":516,"column":2},"end":{"line":516,"column":7}},"loc":{"start":{"line":516,"column":55},"end":{"line":523,"column":3}}},"28":{"name":"(anonymous_32)","decl":{"start":{"line":525,"column":2},"end":{"line":525,"column":7}},"loc":{"start":{"line":527,"column":23},"end":{"line":592,"column":3}}},"29":{"name":"(anonymous_33)","decl":{"start":{"line":599,"column":2},"end":{"line":599,"column":7}},"loc":{"start":{"line":599,"column":57},"end":{"line":624,"column":3}}},"30":{"name":"(anonymous_34)","decl":{"start":{"line":630,"column":2},"end":{"line":630,"column":7}},"loc":{"start":{"line":630,"column":45},"end":{"line":638,"column":3}}}},"branchMap":{"0":{"loc":{"start":{"line":81,"column":4},"end":{"line":83,"column":5}},"type":"if","locations":[{"start":{"line":81,"column":4},"end":{"line":83,"column":5}}]},"1":{"loc":{"start":{"line":118,"column":4},"end":{"line":123,"column":5}},"type":"if","locations":[{"start":{"line":118,"column":4},"end":{"line":123,"column":5}}]},"2":{"loc":{"start":{"line":120,"column":6},"end":{"line":122,"column":7}},"type":"if","locations":[{"start":{"line":120,"column":6},"end":{"line":122,"column":7}}]},"3":{"loc":{"start":{"line":126,"column":4},"end":{"line":128,"column":5}},"type":"if","locations":[{"start":{"line":126,"column":4},"end":{"line":128,"column":5}}]},"4":{"loc":{"start":{"line":138,"column":4},"end":{"line":143,"column":5}},"type":"if","locations":[{"start":{"line":138,"column":4},"end":{"line":143,"column":5}}]},"5":{"loc":{"start":{"line":138,"column":8},"end":{"line":138,"column":55}},"type":"binary-expr","locations":[{"start":{"line":138,"column":8},"end":{"line":138,"column":22}},{"start":{"line":138,"column":26},"end":{"line":138,"column":55}}]},"6":{"loc":{"start":{"line":140,"column":6},"end":{"line":142,"column":7}},"type":"if","locations":[{"start":{"line":140,"column":6},"end":{"line":142,"column":7}}]},"7":{"loc":{"start":{"line":146,"column":4},"end":{"line":148,"column":5}},"type":"if","locations":[{"start":{"line":146,"column":4},"end":{"line":148,"column":5}}]},"8":{"loc":{"start":{"line":178,"column":4},"end":{"line":180,"column":5}},"type":"if","locations":[{"start":{"line":178,"column":4},"end":{"line":180,"column":5}}]},"9":{"loc":{"start":{"line":221,"column":8},"end":{"line":239,"column":9}},"type":"if","locations":[{"start":{"line":221,"column":8},"end":{"line":239,"column":9}}]},"10":{"loc":{"start":{"line":221,"column":12},"end":{"line":221,"column":73}},"type":"binary-expr","locations":[{"start":{"line":221,"column":12},"end":{"line":221,"column":39}},{"start":{"line":221,"column":43},"end":{"line":221,"column":73}}]},"11":{"loc":{"start":{"line":232,"column":10},"end":{"line":238,"column":11}},"type":"if","locations":[{"start":{"line":232,"column":10},"end":{"line":238,"column":11}}]},"12":{"loc":{"start":{"line":233,"column":12},"end":{"line":234,"column":57}},"type":"binary-expr","locations":[{"start":{"line":233,"column":12},"end":{"line":233,"column":27}},{"start":{"line":234,"column":13},"end":{"line":234,"column":38}},{"start":{"line":234,"column":42},"end":{"line":234,"column":56}}]},"13":{"loc":{"start":{"line":244,"column":4},"end":{"line":246,"column":5}},"type":"if","locations":[{"start":{"line":244,"column":4},"end":{"line":246,"column":5}}]},"14":{"loc":{"start":{"line":283,"column":4},"end":{"line":285,"column":5}},"type":"if","locations":[{"start":{"line":283,"column":4},"end":{"line":285,"column":5}}]},"15":{"loc":{"start":{"line":296,"column":18},"end":{"line":298,"column":29}},"type":"cond-expr","locations":[{"start":{"line":297,"column":8},"end":{"line":297,"column":32}},{"start":{"line":298,"column":8},"end":{"line":298,"column":29}}]},"16":{"loc":{"start":{"line":302,"column":4},"end":{"line":304,"column":5}},"type":"if","locations":[{"start":{"line":302,"column":4},"end":{"line":304,"column":5}}]},"17":{"loc":{"start":{"line":314,"column":4},"end":{"line":326,"column":5}},"type":"if","locations":[{"start":{"line":314,"column":4},"end":{"line":326,"column":5}}]},"18":{"loc":{"start":{"line":359,"column":4},"end":{"line":361,"column":5}},"type":"if","locations":[{"start":{"line":359,"column":4},"end":{"line":361,"column":5}}]},"19":{"loc":{"start":{"line":406,"column":4},"end":{"line":406,"column":51}},"type":"if","locations":[{"start":{"line":406,"column":4},"end":{"line":406,"column":51}}]},"20":{"loc":{"start":{"line":406,"column":8},"end":{"line":406,"column":36}},"type":"binary-expr","locations":[{"start":{"line":406,"column":8},"end":{"line":406,"column":17}},{"start":{"line":406,"column":21},"end":{"line":406,"column":36}}]},"21":{"loc":{"start":{"line":407,"column":4},"end":{"line":407,"column":39}},"type":"if","locations":[{"start":{"line":407,"column":4},"end":{"line":407,"column":39}}]},"22":{"loc":{"start":{"line":408,"column":4},"end":{"line":408,"column":50}},"type":"if","locations":[{"start":{"line":408,"column":4},"end":{"line":408,"column":50}}]},"23":{"loc":{"start":{"line":423,"column":4},"end":{"line":427,"column":5}},"type":"if","locations":[{"start":{"line":423,"column":4},"end":{"line":427,"column":5}}]},"24":{"loc":{"start":{"line":428,"column":4},"end":{"line":435,"column":5}},"type":"if","locations":[{"start":{"line":428,"column":4},"end":{"line":435,"column":5}}]},"25":{"loc":{"start":{"line":428,"column":8},"end":{"line":428,"column":67}},"type":"binary-expr","locations":[{"start":{"line":428,"column":8},"end":{"line":428,"column":29}},{"start":{"line":428,"column":33},"end":{"line":428,"column":67}}]},"26":{"loc":{"start":{"line":437,"column":4},"end":{"line":445,"column":5}},"type":"if","locations":[{"start":{"line":437,"column":4},"end":{"line":445,"column":5}}]},"27":{"loc":{"start":{"line":437,"column":8},"end":{"line":437,"column":34}},"type":"binary-expr","locations":[{"start":{"line":437,"column":8},"end":{"line":437,"column":16}},{"start":{"line":437,"column":20},"end":{"line":437,"column":34}}]},"28":{"loc":{"start":{"line":438,"column":6},"end":{"line":444,"column":7}},"type":"if","locations":[{"start":{"line":438,"column":6},"end":{"line":444,"column":7}}]},"29":{"loc":{"start":{"line":438,"column":10},"end":{"line":438,"column":46}},"type":"binary-expr","locations":[{"start":{"line":438,"column":10},"end":{"line":438,"column":14}},{"start":{"line":438,"column":18},"end":{"line":438,"column":46}}]},"30":{"loc":{"start":{"line":446,"column":4},"end":{"line":452,"column":5}},"type":"if","locations":[{"start":{"line":446,"column":4},"end":{"line":452,"column":5}}]},"31":{"loc":{"start":{"line":453,"column":4},"end":{"line":459,"column":5}},"type":"if","locations":[{"start":{"line":453,"column":4},"end":{"line":459,"column":5}}]},"32":{"loc":{"start":{"line":453,"column":8},"end":{"line":453,"column":57}},"type":"binary-expr","locations":[{"start":{"line":453,"column":8},"end":{"line":453,"column":24}},{"start":{"line":453,"column":28},"end":{"line":453,"column":57}}]},"33":{"loc":{"start":{"line":494,"column":4},"end":{"line":496,"column":5}},"type":"if","locations":[{"start":{"line":494,"column":4},"end":{"line":496,"column":5}}]},"34":{"loc":{"start":{"line":503,"column":4},"end":{"line":505,"column":5}},"type":"if","locations":[{"start":{"line":503,"column":4},"end":{"line":505,"column":5}}]},"35":{"loc":{"start":{"line":519,"column":4},"end":{"line":521,"column":5}},"type":"if","locations":[{"start":{"line":519,"column":4},"end":{"line":521,"column":5}}]},"36":{"loc":{"start":{"line":519,"column":8},"end":{"line":519,"column":46}},"type":"binary-expr","locations":[{"start":{"line":519,"column":8},"end":{"line":519,"column":16}},{"start":{"line":519,"column":20},"end":{"line":519,"column":46}}]},"37":{"loc":{"start":{"line":536,"column":4},"end":{"line":543,"column":5}},"type":"if","locations":[{"start":{"line":536,"column":4},"end":{"line":543,"column":5}}]},"38":{"loc":{"start":{"line":545,"column":4},"end":{"line":555,"column":5}},"type":"if","locations":[{"start":{"line":545,"column":4},"end":{"line":555,"column":5}}]},"39":{"loc":{"start":{"line":546,"column":6},"end":{"line":547,"column":50}},"type":"binary-expr","locations":[{"start":{"line":546,"column":6},"end":{"line":546,"column":37}},{"start":{"line":547,"column":6},"end":{"line":547,"column":50}}]},"40":{"loc":{"start":{"line":557,"column":4},"end":{"line":563,"column":5}},"type":"if","locations":[{"start":{"line":557,"column":4},"end":{"line":563,"column":5}}]},"41":{"loc":{"start":{"line":604,"column":4},"end":{"line":623,"column":5}},"type":"if","locations":[{"start":{"line":604,"column":4},"end":{"line":623,"column":5}}]}},"s":{"0":0,"1":0,"2":0,"3":0,"4":0,"5":0,"6":0,"7":0,"8":0,"9":0,"10":0,"11":0,"12":0,"13":0,"14":0,"15":0,"16":0,"17":0,"18":0,"19":0,"20":0,"21":0,"22":0,"23":0,"24":0,"25":0,"26":0,"27":0,"28":0,"29":0,"30":0,"31":0,"32":0,"33":0,"34":0,"35":0,"36":0,"37":0,"38":0,"39":0,"40":0,"41":0,"42":0,"43":0,"44":0,"45":0,"46":0,"47":0,"48":0,"49":0,"50":0,"51":0,"52":0,"53":0,"54":0,"55":0,"56":0,"57":0,"58":0,"59":0,"60":0,"61":0,"62":0,"63":0,"64":0,"65":0,"66":0,"67":0,"68":0,"69":0,"70":0,"71":0,"72":0,"73":0,"74":0,"75":0,"76":0,"77":0,"78":0,"79":0,"80":0,"81":0,"82":0,"83":0,"84":0,"85":0,"86":0,"87":0,"88":0,"89":0,"90":0,"91":0,"92":0,"93":0,"94":0,"95":0,"96":0,"97":0,"98":0,"99":0,"100":0,"101":0,"102":0,"103":0,"104":0,"105":0,"106":0,"107":0,"108":0,"109":0,"110":0,"111":0,"112":0,"113":0,"114":0,"115":0,"116":0,"117":0,"118":0,"119":0,"120":0,"121":0,"122":0,"123":0,"124":0,"125":0,"126":0,"127":0,"128":0,"129":0,"130":0,"131":0,"132":0,"133":0,"134":0,"135":0,"136":0,"137":0,"138":0,"139":0,"140":0,"141":0,"142":0,"143":0,"144":0,"145":0,"146":0,"147":0,"148":0,"149":0,"150":0,"151":0,"152":0,"153":0,"154":0,"155":0,"156":0,"157":0,"158":0,"159":0,"160":0,"161":0,"162":0,"163":0,"164":0,"165":0,"166":0,"167":0,"168":0,"169":0,"170":0,"171":0,"172":0,"173":0,"174":0,"175":0,"176":0,"177":0,"178":0,"179":0,"180":0,"181":0,"182":0,"183":0,"184":0,"185":0,"186":0,"187":0,"188":0,"189":0,"190":0,"191":0,"192":0,"193":0,"194":0,"195":0,"196":0,"197":0,"198":0,"199":0,"200":0,"201":0,"202":0,"203":0,"204":0,"205":0},"f":{"0":0,"1":0,"2":0,"3":0,"4":0,"5":0,"6":0,"7":0,"8":0,"9":0,"10":0,"11":0,"12":0,"13":0,"14":0,"15":0,"16":0,"17":0,"18":0,"19":0,"20":0,"21":0,"22":0,"23":0,"24":0,"25":0,"26":0,"27":0,"28":0,"29":0,"30":0},"b":{"0":[0],"1":[0],"2":[0],"3":[0],"4":[0],"5":[0,0],"6":[0],"7":[0],"8":[0],"9":[0],"10":[0,0],"11":[0],"12":[0,0,0],"13":[0],"14":[0],"15":[0,0],"16":[0],"17":[0],"18":[0],"19":[0],"20":[0,0],"21":[0],"22":[0],"23":[0],"24":[0],"25":[0,0],"26":[0],"27":[0,0],"28":[0],"29":[0,0],"30":[0],"31":[0],"32":[0,0],"33":[0],"34":[0],"35":[0],"36":[0,0],"37":[0],"38":[0],"39":[0,0],"40":[0],"41":[0]}}
}
