TN:
SF:src/app.controller.ts
FN:12,(anonymous_2)
FN:15,(anonymous_3)
FN:23,(anonymous_4)
FN:37,(anonymous_5)
FNF:4
FNH:2
FNDA:1,(anonymous_2)
FNDA:1,(anonymous_3)
FNDA:0,(anonymous_4)
FNDA:0,(anonymous_5)
DA:1,1
DA:2,1
DA:3,1
DA:4,1
DA:5,1
DA:6,1
DA:7,1
DA:8,1
DA:11,1
DA:12,1
DA:15,1
DA:16,1
DA:23,1
DA:24,0
DA:37,1
DA:38,0
LF:16
LH:14
BRF:0
BRH:0
end_of_record
TN:
SF:src/app.module.ts
FN:142,(anonymous_1)
FN:58,(anonymous_2)
FN:75,(anonymous_3)
FN:84,(anonymous_4)
FNF:4
FNH:0
FNDA:0,(anonymous_1)
FNDA:0,(anonymous_2)
FNDA:0,(anonymous_3)
FNDA:0,(anonymous_4)
DA:3,0
DA:10,0
DA:11,0
DA:12,0
DA:13,0
DA:14,0
DA:17,0
DA:18,0
DA:20,0
DA:21,0
DA:22,0
DA:23,0
DA:24,0
DA:26,0
DA:27,0
DA:28,0
DA:29,0
DA:31,0
DA:32,0
DA:33,0
DA:34,0
DA:35,0
DA:36,0
DA:37,0
DA:38,0
DA:39,0
DA:58,0
DA:75,0
DA:86,0
DA:90,0
DA:92,0
DA:93,0
DA:141,0
DA:143,0
LF:34
LH:0
BRDA:86,0,0,0
BRDA:87,1,0,0
BRDA:87,1,1,0
BRF:3
BRH:0
end_of_record
TN:
SF:src/app.service.ts
FN:5,(anonymous_1)
FNF:1
FNH:1
FNDA:1,(anonymous_1)
DA:1,1
DA:4,1
DA:6,1
LF:3
LH:3
BRF:0
BRH:0
end_of_record
TN:
SF:src/cli.module.ts
FN:34,(anonymous_1)
FNF:1
FNH:0
FNDA:0,(anonymous_1)
DA:1,0
DA:2,0
DA:3,0
DA:4,0
DA:5,0
DA:6,0
DA:7,0
DA:8,0
DA:11,0
DA:12,0
DA:13,0
DA:14,0
DA:15,0
DA:34,0
DA:56,0
LF:15
LH:0
BRF:0
BRH:0
end_of_record
TN:
SF:src/cli.ts
FN:7,bootstrap
FN:30,(anonymous_1)
FNF:2
FNH:0
FNDA:0,bootstrap
FNDA:0,(anonymous_1)
DA:1,0
DA:2,0
DA:3,0
DA:5,0
DA:8,0
DA:9,0
DA:10,0
DA:12,0
DA:17,0
DA:18,0
DA:20,0
DA:21,0
DA:23,0
DA:25,0
DA:26,0
DA:30,0
DA:31,0
DA:32,0
LF:18
LH:0
BRDA:20,0,0,0
BRDA:20,0,1,0
BRF:2
BRH:0
end_of_record
TN:
SF:src/fix-otp-columns.ts
FN:6,bootstrap
FN:21,(anonymous_1)
FN:28,(anonymous_2)
FN:30,(anonymous_3)
FN:33,(anonymous_4)
FN:36,(anonymous_5)
FNF:6
FNH:0
FNDA:0,bootstrap
FNDA:0,(anonymous_1)
FNDA:0,(anonymous_2)
FNDA:0,(anonymous_3)
FNDA:0,(anonymous_4)
FNDA:0,(anonymous_5)
DA:1,0
DA:2,0
DA:3,0
DA:4,0
DA:7,0
DA:9,0
DA:11,0
DA:14,0
DA:16,0
DA:19,0
DA:20,0
DA:21,0
DA:23,0
DA:24,0
DA:25,0
DA:28,0
DA:29,0
DA:30,0
DA:32,0
DA:33,0
DA:35,0
DA:36,0
DA:40,0
DA:41,0
DA:43,0
DA:44,0
DA:45,0
DA:48,0
DA:50,0
DA:53,0
DA:54,0
DA:55,0
DA:58,0
DA:60,0
DA:63,0
DA:64,0
DA:65,0
DA:68,0
DA:70,0
DA:73,0
DA:74,0
DA:77,0
DA:80,0
DA:82,0
DA:85,0
DA:86,0
DA:88,0
DA:89,0
DA:90,0
DA:92,0
DA:96,0
DA:97,0
DA:99,0
DA:100,0
DA:104,0
LF:55
LH:0
BRDA:23,0,0,0
BRDA:43,1,0,0
BRDA:43,1,1,0
BRDA:53,2,0,0
BRDA:53,2,1,0
BRDA:63,3,0,0
BRDA:63,3,1,0
BRDA:73,4,0,0
BRDA:73,4,1,0
BRF:9
BRH:0
end_of_record
TN:
SF:src/main.ts
FN:12,bootstrap
FNF:1
FNH:0
FNDA:0,bootstrap
DA:2,0
DA:3,0
DA:4,0
DA:5,0
DA:6,0
DA:7,0
DA:8,0
DA:9,0
DA:13,0
DA:15,0
DA:16,0
DA:19,0
DA:35,0
DA:38,0
DA:47,0
DA:55,0
DA:58,0
DA:64,0
DA:65,0
DA:690,0
DA:691,0
DA:692,0
DA:693,0
DA:697,0
LF:24
LH:0
BRDA:690,0,0,0
BRDA:690,0,1,0
BRF:2
BRH:0
end_of_record
TN:
SF:src/seed.ts
FN:6,bootstrap
FN:39,(anonymous_1)
FNF:2
FNH:0
FNDA:0,bootstrap
FNDA:0,(anonymous_1)
DA:1,0
DA:2,0
DA:3,0
DA:4,0
DA:7,0
DA:9,0
DA:11,0
DA:14,0
DA:16,0
DA:19,0
DA:21,0
DA:24,0
DA:25,0
DA:27,0
DA:28,0
DA:33,0
DA:35,0
DA:39,0
DA:40,0
DA:41,0
LF:20
LH:0
BRDA:27,0,0,0
BRDA:27,0,1,0
BRF:2
BRH:0
end_of_record
TN:
SF:src/commands/reset-database.command.ts
FN:49,(anonymous_4)
FN:60,(anonymous_5)
FN:68,(anonymous_6)
FN:76,(anonymous_7)
FN:80,(anonymous_8)
FNF:5
FNH:0
FNDA:0,(anonymous_4)
FNDA:0,(anonymous_5)
FNDA:0,(anonymous_6)
FNDA:0,(anonymous_7)
FNDA:0,(anonymous_8)
DA:2,0
DA:3,0
DA:4,0
DA:5,0
DA:6,0
DA:7,0
DA:12,0
DA:46,0
DA:47,0
DA:50,0
DA:51,0
DA:53,0
DA:60,0
DA:61,0
DA:68,0
DA:69,0
DA:76,0
DA:77,0
DA:84,0
DA:85,0
DA:86,0
DA:88,0
DA:89,0
DA:92,0
DA:93,0
DA:96,0
DA:97,0
DA:100,0
DA:103,0
DA:104,0
DA:105,0
DA:106,0
DA:109,0
DA:112,0
DA:122,0
DA:123,0
DA:128,0
DA:130,0
DA:139,0
DA:140,0
DA:143,0
DA:145,0
DA:147,0
DA:153,0
DA:154,0
DA:155,0
DA:157,0
DA:159,0
DA:160,0
DA:164,0
DA:165,0
DA:166,0
DA:167,0
DA:168,0
DA:172,0
DA:174,0
DA:175,0
DA:179,0
DA:180,0
DA:183,0
DA:184,0
DA:185,0
DA:186,0
DA:191,0
DA:193,0
DA:194,0
DA:196,0
DA:201,0
DA:202,0
DA:203,0
DA:208,0
DA:209,0
DA:210,0
DA:215,0
DA:217,0
DA:218,0
DA:220,0
DA:224,0
DA:225,0
DA:227,0
DA:228,0
DA:232,0
DA:233,0
DA:238,0
DA:240,0
LF:85
LH:0
BRDA:88,0,0,0
BRDA:92,1,0,0
BRDA:96,2,0,0
BRDA:128,3,0,0
BRDA:128,3,1,0
BRDA:136,4,0,0
BRDA:136,4,1,0
BRDA:145,5,0,0
BRDA:145,5,1,0
BRDA:154,6,0,0
BRDA:165,7,0,0
BRDA:165,7,1,0
BRDA:167,8,0,0
BRDA:183,9,0,0
BRDA:193,10,0,0
BRDA:201,11,0,0
BRDA:202,12,0,0
BRDA:217,13,0,0
BRDA:227,14,0,0
BRDA:227,14,1,0
BRDA:232,15,0,0
BRDA:232,15,1,0
BRF:22
BRH:0
end_of_record
TN:
SF:src/commands/seed.command.ts
FN:41,(anonymous_2)
FN:49,(anonymous_3)
FN:57,(anonymous_4)
FN:61,(anonymous_5)
FNF:4
FNH:0
FNDA:0,(anonymous_2)
FNDA:0,(anonymous_3)
FNDA:0,(anonymous_4)
FNDA:0,(anonymous_5)
DA:2,0
DA:3,0
DA:4,0
DA:8,0
DA:38,0
DA:39,0
DA:41,0
DA:42,0
DA:49,0
DA:50,0
DA:57,0
DA:58,0
DA:65,0
DA:66,0
DA:67,0
DA:69,0
DA:74,0
DA:75,0
DA:76,0
DA:78,0
DA:82,0
DA:86,0
LF:22
LH:0
BRDA:66,0,0,0
BRDA:66,0,1,0
BRDA:66,0,2,0
BRDA:78,1,0,0
BRDA:78,1,1,0
BRF:5
BRH:0
end_of_record
TN:
SF:src/commands/truncate-tables.command.ts
FN:53,(anonymous_4)
FN:66,(anonymous_5)
FN:74,(anonymous_6)
FN:82,(anonymous_7)
FN:91,(anonymous_8)
FN:104,(anonymous_9)
FN:117,(anonymous_10)
FN:154,(anonymous_11)
FN:158,(anonymous_12)
FN:161,(anonymous_13)
FN:205,(anonymous_14)
FNF:11
FNH:0
FNDA:0,(anonymous_4)
FNDA:0,(anonymous_5)
FNDA:0,(anonymous_6)
FNDA:0,(anonymous_7)
FNDA:0,(anonymous_8)
FNDA:0,(anonymous_9)
FNDA:0,(anonymous_10)
FNDA:0,(anonymous_11)
FNDA:0,(anonymous_12)
FNDA:0,(anonymous_13)
FNDA:0,(anonymous_14)
DA:2,0
DA:3,0
DA:4,0
DA:5,0
DA:6,0
DA:38,0
DA:39,0
DA:40,0
DA:53,0
DA:54,0
DA:66,0
DA:67,0
DA:74,0
DA:75,0
DA:82,0
DA:83,0
DA:95,0
DA:96,0
DA:98,0
DA:99,0
DA:100,0
DA:103,0
DA:104,0
DA:105,0
DA:109,0
DA:110,0
DA:111,0
DA:115,0
DA:116,0
DA:117,0
DA:120,0
DA:121,0
DA:124,0
DA:127,0
DA:128,0
DA:131,0
DA:135,0
DA:137,0
DA:140,0
DA:142,0
DA:146,0
DA:150,0
DA:155,0
DA:156,0
DA:157,0
DA:158,0
DA:162,0
DA:164,0
DA:165,0
DA:166,0
DA:168,0
DA:171,0
DA:172,0
DA:173,0
DA:174,0
DA:175,0
DA:179,0
DA:180,0
DA:181,0
DA:185,0
DA:186,0
DA:187,0
DA:188,0
DA:191,0
DA:192,0
DA:194,0
DA:195,0
DA:196,0
DA:198,0
DA:201,0
DA:206,0
DA:207,0
DA:208,0
DA:209,0
DA:210,0
LF:75
LH:0
BRDA:98,0,0,0
BRDA:98,0,1,0
BRDA:103,1,0,0
BRDA:103,1,1,0
BRDA:120,2,0,0
BRDA:127,3,0,0
BRDA:142,4,0,0
BRDA:142,4,1,0
BRDA:171,5,0,0
BRDA:172,6,0,0
BRDA:172,6,1,0
BRDA:174,7,0,0
BRDA:185,8,0,0
BRDA:185,8,1,0
BRDA:187,9,0,0
BRDA:195,10,0,0
BRDA:195,10,1,0
BRF:17
BRH:0
end_of_record
TN:
SF:src/commands/verify-db-connection.command.ts
FN:23,isDatabaseError
FN:55,(anonymous_3)
FN:72,(anonymous_4)
FN:88,(anonymous_5)
FN:89,(anonymous_6)
FN:124,(anonymous_7)
FN:136,(anonymous_8)
FN:136,(anonymous_9)
FNF:8
FNH:0
FNDA:0,isDatabaseError
FNDA:0,(anonymous_3)
FNDA:0,(anonymous_4)
FNDA:0,(anonymous_5)
FNDA:0,(anonymous_6)
FNDA:0,(anonymous_7)
FNDA:0,(anonymous_8)
FNDA:0,(anonymous_9)
DA:2,0
DA:3,0
DA:4,0
DA:6,0
DA:24,0
DA:52,0
DA:53,0
DA:55,0
DA:56,0
DA:73,0
DA:74,0
DA:77,0
DA:87,0
DA:88,0
DA:89,0
DA:91,0
DA:92,0
DA:95,0
DA:98,0
DA:101,0
DA:106,0
DA:116,0
DA:117,0
DA:120,0
DA:121,0
DA:122,0
DA:124,0
DA:126,0
DA:127,0
DA:131,0
DA:134,0
DA:135,0
DA:136,0
DA:139,0
DA:140,0
DA:144,0
DA:147,0
DA:148,0
DA:151,0
DA:153,0
DA:154,0
DA:158,0
DA:167,0
DA:169,0
DA:170,0
DA:172,0
DA:176,0
DA:177,0
DA:182,0
DA:183,0
DA:186,0
DA:189,0
DA:193,0
DA:196,0
DA:200,0
DA:203,0
DA:206,0
LF:57
LH:0
BRDA:25,0,0,0
BRDA:25,0,1,0
BRDA:25,0,2,0
BRDA:25,0,3,0
BRDA:91,1,0,0
BRDA:126,2,0,0
BRDA:126,2,1,0
BRDA:139,3,0,0
BRDA:139,3,1,0
BRDA:153,4,0,0
BRDA:153,4,1,0
BRDA:172,5,0,0
BRDA:172,5,1,0
BRDA:182,6,0,0
BRDA:182,6,1,0
BRDA:189,7,0,0
BRDA:189,7,1,0
BRDA:190,8,0,0
BRDA:190,8,1,0
BRDA:196,9,0,0
BRDA:197,10,0,0
BRDA:197,10,1,0
BRF:22
BRH:0
end_of_record
TN:
SF:src/commands/types/database.types.ts
FN:13,isDatabaseError
FN:36,isSupportedDatabase
FNF:2
FNH:0
FNDA:0,isDatabaseError
FNDA:0,isSupportedDatabase
DA:13,0
DA:14,0
DA:36,0
DA:37,0
LF:4
LH:0
BRDA:15,0,0,0
BRDA:15,0,1,0
BRDA:15,0,2,0
BRDA:15,0,3,0
BRF:4
BRH:0
end_of_record
TN:
SF:src/commands/utils/process.utils.ts
FN:10,(anonymous_0)
FN:46,executeProcess
FN:51,(anonymous_2)
FN:58,(anonymous_3)
FN:63,(anonymous_4)
FNF:5
FNH:0
FNDA:0,(anonymous_0)
FNDA:0,executeProcess
FNDA:0,(anonymous_2)
FNDA:0,(anonymous_3)
FNDA:0,(anonymous_4)
DA:5,0
DA:9,0
DA:12,0
DA:13,0
DA:15,0
DA:16,0
DA:46,0
DA:49,0
DA:51,0
DA:52,0
DA:58,0
DA:59,0
DA:60,0
DA:63,0
DA:64,0
DA:65,0
DA:66,0
DA:67,0
DA:69,0
DA:70,0
DA:71,0
LF:21
LH:0
BRDA:64,0,0,0
BRDA:64,0,1,0
BRDA:65,1,0,0
BRDA:65,1,1,0
BRF:4
BRH:0
end_of_record
TN:
SF:src/common/decorators/current-user.decorator.ts
FN:12,(anonymous_0)
FNF:1
FNH:0
FNDA:0,(anonymous_0)
DA:1,0
DA:11,0
DA:13,0
DA:14,0
DA:17,0
DA:18,0
DA:22,0
DA:23,0
DA:26,0
LF:9
LH:0
BRDA:17,0,0,0
BRDA:17,1,0,0
BRDA:17,1,1,0
BRDA:17,1,2,0
BRDA:22,2,0,0
BRDA:22,3,0,0
BRDA:22,3,1,0
BRF:7
BRH:0
end_of_record
TN:
SF:src/common/decorators/is-admin-route.decorator.ts
FN:7,(anonymous_0)
FNF:1
FNH:0
FNDA:0,(anonymous_0)
DA:1,0
DA:7,0
LF:2
LH:0
BRF:0
BRH:0
end_of_record
TN:
SF:src/common/decorators/public.decorator.ts
FN:4,(anonymous_0)
FNF:1
FNH:1
FNDA:2,(anonymous_0)
DA:1,1
DA:3,1
DA:4,2
LF:3
LH:3
BRF:0
BRH:0
end_of_record
TN:
SF:src/common/decorators/roles.decorator.ts
FN:4,(anonymous_0)
FNF:1
FNH:0
FNDA:0,(anonymous_0)
DA:1,0
DA:3,0
DA:4,0
LF:3
LH:0
BRF:0
BRH:0
end_of_record
TN:
SF:src/common/decorators/swagger-generic-response.decorator.ts
FN:9,(anonymous_0)
FNF:1
FNH:1
FNDA:2,(anonymous_0)
DA:1,1
DA:2,1
DA:3,1
DA:9,1
DA:12,2
LF:5
LH:5
BRF:0
BRH:0
end_of_record
TN:
SF:src/common/decorators/tenant-roles.decorator.ts
FN:5,(anonymous_0)
FNF:1
FNH:0
FNDA:0,(anonymous_0)
DA:2,0
DA:4,0
DA:5,0
DA:6,0
LF:4
LH:0
BRF:0
BRH:0
end_of_record
TN:
SF:src/common/decorators/throttle.decorator.ts
FN:9,(anonymous_0)
FN:15,(anonymous_1)
FN:21,(anonymous_2)
FN:27,(anonymous_3)
FN:33,(anonymous_4)
FN:39,(anonymous_5)
FN:45,(anonymous_6)
FNF:7
FNH:0
FNDA:0,(anonymous_0)
FNDA:0,(anonymous_1)
FNDA:0,(anonymous_2)
FNDA:0,(anonymous_3)
FNDA:0,(anonymous_4)
FNDA:0,(anonymous_5)
FNDA:0,(anonymous_6)
DA:1,0
DA:2,0
DA:9,0
DA:10,0
DA:15,0
DA:16,0
DA:21,0
DA:22,0
DA:27,0
DA:28,0
DA:33,0
DA:34,0
DA:39,0
DA:40,0
DA:45,0
LF:15
LH:0
BRF:0
BRH:0
end_of_record
TN:
SF:src/common/exceptions/authentication.exception.ts
FN:4,(anonymous_0)
FNF:1
FNH:0
FNDA:0,(anonymous_0)
DA:1,0
DA:3,0
DA:5,0
LF:3
LH:0
BRDA:4,0,0,0
BRDA:4,1,0,0
BRF:2
BRH:0
end_of_record
TN:
SF:src/common/exceptions/tenant-access.exception.ts
FN:4,(anonymous_0)
FNF:1
FNH:0
FNDA:0,(anonymous_0)
DA:1,0
DA:3,0
DA:8,0
LF:3
LH:0
BRDA:5,0,0,0
BRDA:6,1,0,0
BRF:2
BRH:0
end_of_record
TN:
SF:src/common/exceptions/validation.exception.ts
FN:4,(anonymous_0)
FNF:1
FNH:0
FNDA:0,(anonymous_0)
DA:1,0
DA:3,0
DA:9,0
LF:3
LH:0
BRDA:5,0,0,0
BRDA:6,1,0,0
BRDA:7,2,0,0
BRF:3
BRH:0
end_of_record
TN:
SF:src/common/filters/all-exceptions.filter.ts
FN:37,(anonymous_2)
FN:39,(anonymous_3)
FN:130,(anonymous_4)
FNF:3
FNH:0
FNDA:0,(anonymous_2)
FNDA:0,(anonymous_3)
FNDA:0,(anonymous_4)
DA:1,0
DA:12,0
DA:34,0
DA:35,0
DA:37,0
DA:40,0
DA:41,0
DA:42,0
DA:43,0
DA:45,0
DA:46,0
DA:47,0
DA:51,0
DA:52,0
DA:53,0
DA:55,0
DA:56,0
DA:57,0
DA:58,0
DA:59,0
DA:60,0
DA:62,0
DA:63,0
DA:64,0
DA:68,0
DA:69,0
DA:70,0
DA:71,0
DA:72,0
DA:73,0
DA:77,0
DA:78,0
DA:79,0
DA:81,0
DA:82,0
DA:83,0
DA:85,0
DA:86,0
DA:87,0
DA:88,0
DA:89,0
DA:90,0
DA:91,0
DA:92,0
DA:96,0
DA:97,0
DA:102,0
DA:108,0
DA:116,0
DA:117,0
DA:118,0
DA:123,0
DA:124,0
DA:127,0
DA:135,0
DA:136,0
LF:56
LH:0
BRDA:51,0,0,0
BRDA:51,0,1,0
BRDA:55,1,0,0
BRDA:55,1,1,0
BRDA:58,2,0,0
BRDA:61,3,0,0
BRDA:61,3,1,0
BRDA:61,3,2,0
BRDA:62,4,0,0
BRDA:62,4,1,0
BRDA:63,5,0,0
BRDA:68,6,0,0
BRDA:70,7,0,0
BRDA:77,8,0,0
BRDA:81,9,0,0
BRDA:85,10,0,0
BRDA:85,10,1,0
BRDA:88,11,0,0
BRDA:88,11,1,0
BRDA:90,12,0,0
BRDA:96,13,0,0
BRDA:96,13,1,0
BRDA:98,14,0,0
BRDA:98,14,1,0
BRDA:99,15,0,0
BRDA:99,15,1,0
BRDA:103,16,0,0
BRDA:103,16,1,0
BRDA:116,17,0,0
BRDA:116,18,0,0
BRDA:116,18,1,0
BRDA:117,19,0,0
BRDA:117,20,0,0
BRDA:117,20,1,0
BRDA:123,21,0,0
BRDA:123,22,0,0
BRDA:123,22,1,0
BRDA:123,22,2,0
BRF:38
BRH:0
end_of_record
TN:
SF:src/common/guards/roles.guard.ts
FN:20,(anonymous_2)
FN:22,(anonymous_3)
FN:43,(anonymous_4)
FNF:3
FNH:0
FNDA:0,(anonymous_2)
FNDA:0,(anonymous_3)
FNDA:0,(anonymous_4)
DA:2,0
DA:8,0
DA:9,0
DA:19,0
DA:20,0
DA:23,0
DA:27,0
DA:28,0
DA:30,0
DA:31,0
DA:33,0
DA:34,0
DA:38,0
DA:43,0
DA:44,0
DA:45,0
DA:49,0
LF:17
LH:0
BRDA:27,0,0,0
BRDA:33,1,0,0
BRDA:38,2,0,0
BRDA:38,2,1,0
BRDA:40,3,0,0
BRDA:40,3,1,0
BRDA:44,4,0,0
BRF:7
BRH:0
end_of_record
TN:
SF:src/common/guards/tenant-auth.guard.ts
FN:39,(anonymous_2)
FN:44,(anonymous_3)
FN:161,(anonymous_4)
FNF:3
FNH:0
FNDA:0,(anonymous_2)
FNDA:0,(anonymous_3)
FNDA:0,(anonymous_4)
DA:2,0
DA:10,0
DA:11,0
DA:12,0
DA:37,0
DA:38,0
DA:40,0
DA:41,0
DA:47,0
DA:53,0
DA:54,0
DA:55,0
DA:58,0
DA:59,0
DA:62,0
DA:63,0
DA:68,0
DA:73,0
DA:74,0
DA:75,0
DA:81,0
DA:82,0
DA:83,0
DA:87,0
DA:90,0
DA:91,0
DA:94,0
DA:95,0
DA:99,0
DA:100,0
DA:106,0
DA:107,0
DA:111,0
DA:112,0
DA:115,0
DA:116,0
DA:120,0
DA:121,0
DA:124,0
DA:125,0
DA:129,0
DA:133,0
DA:135,0
DA:136,0
DA:139,0
DA:140,0
DA:144,0
DA:145,0
DA:148,0
DA:149,0
DA:153,0
DA:156,0
DA:157,0
LF:53
LH:0
BRDA:47,0,0,0
BRDA:47,0,1,0
BRDA:53,1,0,0
BRDA:63,2,0,0
BRDA:63,2,1,0
BRDA:68,3,0,0
BRDA:68,3,1,0
BRDA:68,3,2,0
BRDA:68,3,3,0
BRDA:73,4,0,0
BRDA:73,5,0,0
BRDA:73,5,1,0
BRDA:73,5,2,0
BRDA:90,6,0,0
BRDA:99,7,0,0
BRDA:99,8,0,0
BRDA:99,8,1,0
BRDA:111,9,0,0
BRDA:120,10,0,0
BRDA:135,11,0,0
BRDA:144,12,0,0
BRF:21
BRH:0
end_of_record
TN:
SF:src/common/interceptors/enterprise-monitoring.interceptor.ts
FN:41,(anonymous_2)
FN:46,(anonymous_3)
FN:57,(anonymous_4)
FN:93,(anonymous_5)
FN:124,(anonymous_6)
FN:128,(anonymous_7)
FN:139,(anonymous_8)
FN:147,(anonymous_9)
FN:150,(anonymous_10)
FN:158,(anonymous_11)
FN:175,(anonymous_12)
FN:185,(anonymous_13)
FN:200,(anonymous_14)
FN:219,(anonymous_15)
FN:245,(anonymous_16)
FN:252,(anonymous_17)
FN:261,(anonymous_18)
FN:264,(anonymous_19)
FN:281,(anonymous_20)
FNF:19
FNH:0
FNDA:0,(anonymous_2)
FNDA:0,(anonymous_3)
FNDA:0,(anonymous_4)
FNDA:0,(anonymous_5)
FNDA:0,(anonymous_6)
FNDA:0,(anonymous_7)
FNDA:0,(anonymous_8)
FNDA:0,(anonymous_9)
FNDA:0,(anonymous_10)
FNDA:0,(anonymous_11)
FNDA:0,(anonymous_12)
FNDA:0,(anonymous_13)
FNDA:0,(anonymous_14)
FNDA:0,(anonymous_15)
FNDA:0,(anonymous_16)
FNDA:0,(anonymous_17)
FNDA:0,(anonymous_18)
FNDA:0,(anonymous_19)
FNDA:0,(anonymous_20)
DA:1,0
DA:9,0
DA:11,0
DA:36,0
DA:37,0
DA:41,0
DA:42,0
DA:43,0
DA:47,0
DA:48,0
DA:49,0
DA:50,0
DA:53,0
DA:54,0
DA:56,0
DA:58,0
DA:60,0
DA:61,0
DA:72,0
DA:73,0
DA:91,0
DA:94,0
DA:97,0
DA:98,0
DA:117,0
DA:119,0
DA:125,0
DA:129,0
DA:140,0
DA:147,0
DA:151,0
DA:152,0
DA:153,0
DA:154,0
DA:155,0
DA:160,0
DA:161,0
DA:164,0
DA:165,0
DA:168,0
DA:169,0
DA:172,0
DA:177,0
DA:187,0
DA:195,0
DA:196,0
DA:201,0
DA:203,0
DA:204,0
DA:209,0
DA:220,0
DA:223,0
DA:224,0
DA:228,0
DA:229,0
DA:247,0
DA:253,0
DA:254,0
DA:261,0
DA:272,0
DA:283,0
LF:61
LH:0
BRDA:60,0,0,0
BRDA:67,1,0,0
BRDA:67,1,1,0
BRDA:72,2,0,0
BRDA:72,3,0,0
BRDA:72,3,1,0
BRDA:78,4,0,0
BRDA:78,4,1,0
BRDA:97,5,0,0
BRDA:103,6,0,0
BRDA:103,6,1,0
BRDA:130,7,0,0
BRDA:130,7,1,0
BRDA:130,7,2,0
BRDA:130,7,3,0
BRDA:130,7,4,0
BRDA:130,7,5,0
BRDA:151,8,0,0
BRDA:152,9,0,0
BRDA:153,10,0,0
BRDA:154,11,0,0
BRDA:160,12,0,0
BRDA:160,13,0,0
BRDA:160,13,1,0
BRDA:161,14,0,0
BRDA:161,15,0,0
BRDA:161,15,1,0
BRDA:164,16,0,0
BRDA:165,17,0,0
BRDA:168,18,0,0
BRDA:169,19,0,0
BRDA:195,20,0,0
BRDA:195,21,0,0
BRDA:195,21,1,0
BRDA:203,22,0,0
BRDA:223,23,0,0
BRDA:223,24,0,0
BRDA:223,24,1,0
BRDA:228,25,0,0
BRDA:233,26,0,0
BRDA:233,26,1,0
BRDA:253,27,0,0
BRDA:253,27,1,0
BRDA:253,28,0,0
BRDA:253,28,1,0
BRDA:276,29,0,0
BRDA:276,29,1,0
BRF:47
BRH:0
end_of_record
TN:
SF:src/common/interceptors/performance.interceptor.ts
FN:25,(anonymous_1)
FN:31,(anonymous_2)
FN:32,(anonymous_3)
FN:50,(anonymous_4)
FN:59,(anonymous_5)
FNF:5
FNH:0
FNDA:0,(anonymous_1)
FNDA:0,(anonymous_2)
FNDA:0,(anonymous_3)
FNDA:0,(anonymous_4)
FNDA:0,(anonymous_5)
DA:1,0
DA:9,0
DA:20,0
DA:23,0
DA:26,0
DA:27,0
DA:29,0
DA:31,0
DA:33,0
DA:34,0
DA:35,0
DA:40,0
DA:51,0
DA:60,0
DA:61,0
LF:15
LH:0
BRDA:34,0,0,0
BRDA:34,0,1,0
BRF:2
BRH:0
end_of_record
TN:
SF:src/common/interceptors/tenant-context.interceptor.ts
FN:37,isTenantError
FN:47,(anonymous_2)
FN:83,(anonymous_3)
FNF:3
FNH:0
FNDA:0,isTenantError
FNDA:0,(anonymous_2)
FNDA:0,(anonymous_3)
DA:2,0
DA:10,0
DA:38,0
DA:42,0
DA:45,0
DA:51,0
DA:54,0
DA:56,0
DA:63,0
DA:66,0
DA:67,0
DA:68,0
DA:73,0
DA:74,0
DA:81,0
DA:84,0
DA:85,0
DA:95,0
LF:18
LH:0
BRDA:56,0,0,0
BRDA:56,0,1,0
BRDA:56,0,2,0
BRDA:56,0,3,0
BRDA:56,0,4,0
BRDA:58,1,0,0
BRDA:58,1,1,0
BRDA:66,2,0,0
BRDA:67,3,0,0
BRDA:73,4,0,0
BRDA:84,5,0,0
BRDA:84,5,1,0
BRF:12
BRH:0
end_of_record
TN:
SF:src/common/middleware/csrf.middleware.ts
FN:12,(anonymous_1)
FN:51,(anonymous_2)
FN:55,(anonymous_3)
FN:65,getCsrfToken
FNF:4
FNH:0
FNDA:0,(anonymous_1)
FNDA:0,(anonymous_2)
FNDA:0,(anonymous_3)
FNDA:0,getCsrfToken
DA:1,0
DA:3,0
DA:6,0
DA:7,0
DA:8,0
DA:9,0
DA:10,0
DA:14,0
DA:15,0
DA:19,0
DA:20,0
DA:23,0
DA:24,0
DA:27,0
DA:28,0
DA:29,0
DA:37,0
DA:40,0
DA:44,0
DA:45,0
DA:48,0
DA:52,0
DA:57,0
DA:65,0
DA:66,0
LF:25
LH:0
BRDA:14,0,0,0
BRDA:19,1,0,0
BRDA:27,2,0,0
BRDA:44,3,0,0
BRDA:44,4,0,0
BRDA:44,4,1,0
BRF:6
BRH:0
end_of_record
TN:
SF:src/common/middleware/logging.middleware.ts
FN:22,(anonymous_1)
FN:25,(anonymous_2)
FNF:2
FNH:0
FNDA:0,(anonymous_1)
FNDA:0,(anonymous_2)
DA:1,0
DA:11,0
DA:12,0
DA:23,0
DA:25,0
DA:26,0
DA:27,0
DA:30,0
LF:8
LH:0
BRF:0
BRH:0
end_of_record
TN:
SF:src/common/middleware/security-headers.middleware.ts
FN:7,(anonymous_2)
FN:9,(anonymous_3)
FN:98,(anonymous_4)
FN:106,(anonymous_5)
FNF:4
FNH:0
FNDA:0,(anonymous_2)
FNDA:0,(anonymous_3)
FNDA:0,(anonymous_4)
FNDA:0,(anonymous_5)
DA:1,0
DA:3,0
DA:6,0
DA:7,0
DA:11,0
DA:12,0
DA:15,0
DA:16,0
DA:19,0
DA:20,0
DA:21,0
DA:22,0
DA:24,0
DA:38,0
DA:41,0
DA:42,0
DA:45,0
DA:46,0
DA:49,0
DA:52,0
DA:55,0
DA:65,0
DA:68,0
DA:71,0
DA:74,0
DA:77,0
DA:78,0
DA:79,0
DA:80,0
DA:81,0
DA:85,0
DA:86,0
DA:87,0
DA:88,0
DA:89,0
DA:92,0
DA:93,0
DA:95,0
DA:99,0
DA:106,0
LF:40
LH:0
BRDA:77,0,0,0
BRF:1
BRH:0
end_of_record
TN:
SF:src/config/app.config.ts
FN:13,(anonymous_0)
FNF:1
FNH:0
FNDA:0,(anonymous_0)
DA:2,0
DA:11,0
DA:13,0
LF:3
LH:0
BRDA:14,0,0,0
BRDA:14,0,1,0
BRDA:15,1,0,0
BRDA:15,1,1,0
BRDA:16,2,0,0
BRDA:16,2,1,0
BRDA:20,3,0,0
BRDA:20,3,1,0
BRDA:21,4,0,0
BRDA:21,4,1,0
BRF:10
BRH:0
end_of_record
TN:
SF:src/config/auth.config.ts
FN:34,(anonymous_0)
FNF:1
FNH:0
FNDA:0,(anonymous_0)
DA:2,0
DA:32,0
DA:36,0
DA:37,0
DA:39,0
DA:40,0
DA:46,0
DA:47,0
DA:53,0
DA:55,0
LF:10
LH:0
BRDA:36,0,0,0
BRDA:36,0,1,0
BRDA:37,1,0,0
BRDA:37,1,1,0
BRDA:39,2,0,0
BRDA:39,3,0,0
BRDA:39,3,1,0
BRDA:46,4,0,0
BRDA:46,5,0,0
BRDA:46,5,1,0
BRDA:59,6,0,0
BRDA:59,6,1,0
BRDA:60,7,0,0
BRDA:60,7,1,0
BRDA:64,8,0,0
BRDA:64,8,1,0
BRDA:67,9,0,0
BRDA:67,9,1,0
BRDA:73,10,0,0
BRDA:73,10,1,0
BRDA:76,11,0,0
BRDA:76,11,1,0
BRDA:77,12,0,0
BRDA:77,12,1,0
BRDA:78,13,0,0
BRDA:78,13,1,0
BRDA:82,14,0,0
BRDA:82,14,1,0
BRDA:86,15,0,0
BRDA:86,15,1,0
BRF:30
BRH:0
end_of_record
TN:
SF:src/config/data-source.ts
FNF:0
FNH:0
DA:2,0
DA:4,0
DA:5,0
DA:6,0
DA:7,0
DA:30,0
DA:31,0
DA:34,0
DA:35,0
DA:36,0
DA:38,0
DA:39,0
DA:44,0
DA:48,0
DA:49,0
DA:51,0
DA:52,0
DA:56,0
DA:63,0
DA:77,0
DA:93,0
DA:96,0
DA:97,0
DA:102,0
LF:24
LH:0
BRDA:30,0,0,0
BRDA:30,0,1,0
BRDA:34,1,0,0
BRDA:34,1,1,0
BRDA:51,2,0,0
BRDA:56,3,0,0
BRDA:56,3,1,0
BRDA:56,3,2,0
BRDA:57,4,0,0
BRDA:57,4,1,0
BRDA:63,5,0,0
BRDA:63,5,1,0
BRDA:64,6,0,0
BRDA:64,6,1,0
BRDA:64,6,2,0
BRDA:65,7,0,0
BRDA:65,7,1,0
BRDA:65,7,2,0
BRDA:66,8,0,0
BRDA:66,8,1,0
BRDA:66,8,2,0
BRDA:68,9,0,0
BRDA:68,9,1,0
BRDA:79,10,0,0
BRDA:79,10,1,0
BRDA:79,10,2,0
BRDA:80,11,0,0
BRDA:80,11,1,0
BRDA:80,11,2,0
BRDA:81,12,0,0
BRDA:81,12,1,0
BRDA:81,12,2,0
BRDA:82,13,0,0
BRDA:82,13,1,0
BRDA:82,13,2,0
BRDA:89,14,0,0
BRDA:89,14,1,0
BRDA:96,15,0,0
BRDA:96,16,0,0
BRDA:96,16,1,0
BRF:40
BRH:0
end_of_record
TN:
SF:src/config/database.config.ts
FN:28,(anonymous_0)
FNF:1
FNH:0
FNDA:0,(anonymous_0)
DA:2,0
DA:26,0
DA:28,0
LF:3
LH:0
BRDA:29,0,0,0
BRDA:29,0,1,0
BRDA:31,1,0,0
BRDA:31,1,1,0
BRDA:31,1,2,0
BRDA:32,2,0,0
BRDA:32,2,1,0
BRDA:32,2,2,0
BRDA:33,3,0,0
BRDA:33,3,1,0
BRDA:33,3,2,0
BRDA:34,4,0,0
BRDA:34,4,1,0
BRDA:34,4,2,0
BRDA:35,5,0,0
BRDA:35,5,1,0
BRDA:35,5,2,0
BRF:17
BRH:0
end_of_record
TN:
SF:src/config/production.config.ts
FN:41,(anonymous_0)
FNF:1
FNH:0
FNDA:0,(anonymous_0)
DA:1,0
DA:39,0
DA:41,0
LF:3
LH:0
BRDA:47,0,0,0
BRDA:47,0,1,0
BRDA:48,1,0,0
BRDA:48,1,1,0
BRDA:52,2,0,0
BRDA:52,2,1,0
BRDA:54,3,0,0
BRDA:54,3,1,0
BRDA:62,4,0,0
BRDA:62,4,1,0
BRDA:63,5,0,0
BRDA:63,5,1,0
BRDA:64,6,0,0
BRDA:64,6,1,0
BRDA:65,7,0,0
BRDA:65,7,1,0
BRDA:70,8,0,0
BRDA:70,8,1,0
BRF:18
BRH:0
end_of_record
TN:
SF:src/config/throttler.config.ts
FN:32,(anonymous_0)
FNF:1
FNH:0
FNDA:0,(anonymous_0)
DA:1,0
DA:30,0
DA:33,0
DA:34,0
DA:37,0
DA:39,0
LF:6
LH:0
BRDA:33,0,0,0
BRDA:33,0,1,0
BRDA:37,1,0,0
BRDA:37,1,1,0
BRDA:37,2,0,0
BRDA:37,2,1,0
BRDA:87,3,0,0
BRDA:87,3,1,0
BRF:8
BRH:0
end_of_record
TN:
SF:src/config/validation.schema.ts
FNF:0
FNH:0
DA:1,0
DA:3,0
LF:2
LH:0
BRF:0
BRH:0
end_of_record
TN:
SF:src/database/fix-session-column.ts
FN:7,fixSessionColumn
FNF:1
FNH:0
FNDA:0,fixSessionColumn
DA:1,0
DA:2,0
DA:5,0
DA:9,0
DA:20,0
DA:21,0
DA:22,0
DA:25,0
DA:26,0
DA:29,0
DA:37,0
DA:38,0
DA:39,0
DA:40,0
DA:44,0
DA:53,0
DA:54,0
DA:55,0
DA:58,0
DA:61,0
DA:64,0
DA:82,0
DA:87,0
DA:89,0
DA:91,0
DA:92,0
DA:95,0
DA:98,0
DA:101,0
DA:106,0
DA:107,0
DA:108,0
DA:109,0
DA:112,0
DA:118,0
LF:35
LH:0
BRDA:10,0,0,0
BRDA:10,0,1,0
BRDA:10,0,2,0
BRDA:11,1,0,0
BRDA:11,1,1,0
BRDA:11,1,2,0
BRDA:13,2,0,0
BRDA:13,2,1,0
BRDA:17,3,0,0
BRDA:17,3,1,0
BRDA:38,4,0,0
BRDA:54,5,0,0
BRDA:93,6,0,0
BRDA:93,6,1,0
BRDA:93,6,2,0
BRDA:96,7,0,0
BRDA:96,7,1,0
BRDA:96,7,2,0
BRDA:99,8,0,0
BRDA:99,8,1,0
BRDA:99,9,0,0
BRDA:99,9,1,0
BRDA:99,9,2,0
BRDA:99,9,3,0
BRDA:102,10,0,0
BRDA:102,10,1,0
BRDA:102,10,2,0
BRDA:107,11,0,0
BRF:28
BRH:0
end_of_record
TN:
SF:src/dto/api-info.dto.ts
FNF:0
FNH:0
DA:1,1
DA:3,1
DA:5,1
DA:8,1
DA:11,1
DA:14,1
LF:6
LH:6
BRF:0
BRH:0
end_of_record
TN:
SF:src/dto/health-check.dto.ts
FNF:0
FNH:0
DA:1,1
DA:3,1
DA:5,1
DA:12,1
LF:4
LH:4
BRF:0
BRH:0
end_of_record
TN:
SF:src/migrations/1685500000000-EnablePgcryptoExtension.ts
FN:7,(anonymous_0)
FN:20,(anonymous_1)
FNF:2
FNH:0
FNDA:0,(anonymous_0)
FNDA:0,(anonymous_1)
DA:4,0
DA:8,0
DA:9,0
DA:10,0
DA:12,0
DA:15,0
LF:6
LH:0
BRF:0
BRH:0
end_of_record
TN:
SF:src/migrations/1685600000000-CreateUsersTable.ts
FN:4,(anonymous_0)
FN:44,(anonymous_1)
FNF:2
FNH:0
FNDA:0,(anonymous_0)
FNDA:0,(anonymous_1)
DA:3,0
DA:5,0
DA:45,0
LF:3
LH:0
BRF:0
BRH:0
end_of_record
TN:
SF:src/migrations/1685600100000-CreateTenantsTable.ts
FN:4,(anonymous_0)
FN:21,(anonymous_1)
FNF:2
FNH:0
FNDA:0,(anonymous_0)
FNDA:0,(anonymous_1)
DA:3,0
DA:5,0
DA:22,0
LF:3
LH:0
BRF:0
BRH:0
end_of_record
TN:
SF:src/migrations/1685600200000-CreateTenantMembershipsTable.ts
FN:6,(anonymous_0)
FN:24,(anonymous_1)
FNF:2
FNH:0
FNDA:0,(anonymous_0)
FNDA:0,(anonymous_1)
DA:3,0
DA:7,0
DA:25,0
LF:3
LH:0
BRF:0
BRH:0
end_of_record
TN:
SF:src/migrations/1685600300000-CreateSessionsTable.ts
FN:4,(anonymous_0)
FN:30,(anonymous_1)
FNF:2
FNH:0
FNDA:0,(anonymous_0)
FNDA:0,(anonymous_1)
DA:3,0
DA:5,0
DA:31,0
LF:3
LH:0
BRF:0
BRH:0
end_of_record
TN:
SF:src/migrations/1685600400000-CreateRefreshTokensTable.ts
FN:6,(anonymous_0)
FN:34,(anonymous_1)
FNF:2
FNH:0
FNDA:0,(anonymous_0)
FNDA:0,(anonymous_1)
DA:3,0
DA:7,0
DA:35,0
LF:3
LH:0
BRF:0
BRH:0
end_of_record
TN:
SF:src/migrations/1685600500000-CreateSystemSettingsTable.ts
FN:6,(anonymous_0)
FN:20,(anonymous_1)
FNF:2
FNH:0
FNDA:0,(anonymous_0)
FNDA:0,(anonymous_1)
DA:3,0
DA:7,0
DA:21,0
LF:3
LH:0
BRF:0
BRH:0
end_of_record
TN:
SF:src/migrations/1685600600000-CreateMfaRecoveryCodesTable.ts
FN:6,(anonymous_0)
FN:23,(anonymous_1)
FNF:2
FNH:0
FNDA:0,(anonymous_0)
FNDA:0,(anonymous_1)
DA:3,0
DA:7,0
DA:24,0
LF:3
LH:0
BRF:0
BRH:0
end_of_record
TN:
SF:src/migrations/1685600700000-CreateWebauthnCredentialsTable.ts
FN:6,(anonymous_0)
FN:25,(anonymous_1)
FNF:2
FNH:0
FNDA:0,(anonymous_0)
FNDA:0,(anonymous_1)
DA:3,0
DA:7,0
DA:26,0
LF:3
LH:0
BRF:0
BRH:0
end_of_record
TN:
SF:src/migrations/1685600800000-CreateUserDevicesTable.ts
FN:4,(anonymous_0)
FN:23,(anonymous_1)
FNF:2
FNH:0
FNDA:0,(anonymous_0)
FNDA:0,(anonymous_1)
DA:3,0
DA:5,0
DA:24,0
LF:3
LH:0
BRF:0
BRH:0
end_of_record
TN:
SF:src/migrations/1685600900000-CreateLogsTable.ts
FN:4,(anonymous_0)
FN:25,(anonymous_1)
FNF:2
FNH:0
FNDA:0,(anonymous_0)
FNDA:0,(anonymous_1)
DA:3,0
DA:5,0
DA:26,0
LF:3
LH:0
BRF:0
BRH:0
end_of_record
TN:
SF:src/migrations/1685601000000-CreateApiKeysTable.ts
FN:4,(anonymous_0)
FN:26,(anonymous_1)
FNF:2
FNH:0
FNDA:0,(anonymous_0)
FNDA:0,(anonymous_1)
DA:3,0
DA:5,0
DA:27,0
LF:3
LH:0
BRF:0
BRH:0
end_of_record
TN:
SF:src/migrations/1685601100000-CreateOrganizationInvitationsTable.ts
FN:6,(anonymous_0)
FN:30,(anonymous_1)
FNF:2
FNH:0
FNDA:0,(anonymous_0)
FNDA:0,(anonymous_1)
DA:3,0
DA:7,0
DA:31,0
LF:3
LH:0
BRF:0
BRH:0
end_of_record
TN:
SF:src/migrations/1685601500000-AddMissingColumnsToUserDevicesTable.ts
FN:6,(anonymous_0)
FN:19,(anonymous_1)
FNF:2
FNH:0
FNDA:0,(anonymous_0)
FNDA:0,(anonymous_1)
DA:3,0
DA:7,0
DA:20,0
LF:3
LH:0
BRF:0
BRH:0
end_of_record
TN:
SF:src/migrations/1685601600000-AddLastUsedAtToSessions.ts
FN:6,(anonymous_0)
FN:13,(anonymous_1)
FNF:2
FNH:0
FNDA:0,(anonymous_0)
FNDA:0,(anonymous_1)
DA:3,0
DA:7,0
DA:14,0
LF:3
LH:0
BRF:0
BRH:0
end_of_record
TN:
SF:src/migrations/1685601700000-AlterRefreshTokensColumnsToText.ts
FN:6,(anonymous_0)
FN:14,(anonymous_1)
FNF:2
FNH:0
FNDA:0,(anonymous_0)
FNDA:0,(anonymous_1)
DA:3,0
DA:7,0
DA:15,0
LF:3
LH:0
BRF:0
BRH:0
end_of_record
TN:
SF:src/migrations/1748058940861-AddOtpColumnsToUsers.ts
FN:6,(anonymous_0)
FN:284,(anonymous_1)
FNF:2
FNH:0
FNDA:0,(anonymous_0)
FNDA:0,(anonymous_1)
DA:3,0
DA:4,0
DA:7,0
DA:10,0
DA:13,0
DA:16,0
DA:19,0
DA:22,0
DA:25,0
DA:28,0
DA:31,0
DA:34,0
DA:37,0
DA:40,0
DA:43,0
DA:46,0
DA:49,0
DA:52,0
DA:53,0
DA:56,0
DA:59,0
DA:62,0
DA:63,0
DA:64,0
DA:65,0
DA:66,0
DA:67,0
DA:68,0
DA:69,0
DA:70,0
DA:71,0
DA:72,0
DA:75,0
DA:78,0
DA:81,0
DA:84,0
DA:85,0
DA:86,0
DA:87,0
DA:88,0
DA:89,0
DA:92,0
DA:95,0
DA:98,0
DA:101,0
DA:104,0
DA:105,0
DA:106,0
DA:109,0
DA:112,0
DA:115,0
DA:118,0
DA:121,0
DA:124,0
DA:127,0
DA:130,0
DA:133,0
DA:136,0
DA:139,0
DA:142,0
DA:145,0
DA:148,0
DA:151,0
DA:154,0
DA:155,0
DA:158,0
DA:159,0
DA:162,0
DA:165,0
DA:168,0
DA:171,0
DA:174,0
DA:177,0
DA:180,0
DA:183,0
DA:186,0
DA:189,0
DA:192,0
DA:195,0
DA:198,0
DA:201,0
DA:204,0
DA:207,0
DA:210,0
DA:213,0
DA:216,0
DA:219,0
DA:222,0
DA:225,0
DA:228,0
DA:231,0
DA:234,0
DA:237,0
DA:240,0
DA:243,0
DA:246,0
DA:249,0
DA:252,0
DA:255,0
DA:258,0
DA:261,0
DA:264,0
DA:267,0
DA:270,0
DA:273,0
DA:276,0
DA:279,0
DA:285,0
DA:288,0
DA:291,0
DA:294,0
DA:297,0
DA:300,0
DA:303,0
DA:306,0
DA:309,0
DA:312,0
DA:315,0
DA:318,0
DA:321,0
DA:324,0
DA:327,0
DA:330,0
DA:333,0
DA:336,0
DA:339,0
DA:342,0
DA:345,0
DA:348,0
DA:351,0
DA:354,0
DA:357,0
DA:360,0
DA:363,0
DA:366,0
DA:369,0
DA:372,0
DA:375,0
DA:378,0
DA:381,0
DA:384,0
DA:387,0
DA:390,0
DA:393,0
DA:396,0
DA:399,0
DA:402,0
DA:405,0
DA:406,0
DA:409,0
DA:410,0
DA:413,0
DA:416,0
DA:419,0
DA:422,0
DA:425,0
DA:428,0
DA:431,0
DA:434,0
DA:437,0
DA:440,0
DA:443,0
DA:446,0
DA:449,0
DA:452,0
DA:455,0
DA:458,0
DA:461,0
DA:464,0
DA:467,0
DA:470,0
DA:473,0
DA:476,0
DA:479,0
DA:482,0
DA:485,0
DA:488,0
DA:491,0
DA:494,0
DA:497,0
DA:500,0
DA:503,0
DA:506,0
DA:509,0
DA:512,0
DA:515,0
DA:518,0
DA:521,0
DA:524,0
DA:527,0
DA:530,0
DA:533,0
DA:536,0
DA:539,0
DA:542,0
DA:545,0
DA:548,0
DA:551,0
DA:554,0
DA:557,0
DA:560,0
DA:563,0
DA:566,0
DA:569,0
DA:572,0
DA:575,0
DA:578,0
DA:581,0
DA:584,0
DA:587,0
DA:590,0
DA:593,0
LF:212
LH:0
BRF:0
BRH:0
end_of_record
TN:
SF:src/migrations/1748065400000-AddAccountRecoveryFieldsToUsers.ts
FN:8,(anonymous_0)
FN:17,(anonymous_1)
FNF:2
FNH:0
FNDA:0,(anonymous_0)
FNDA:0,(anonymous_1)
DA:3,0
DA:6,0
DA:9,0
DA:12,0
DA:18,0
DA:21,0
LF:6
LH:0
BRF:0
BRH:0
end_of_record
TN:
SF:src/migrations/1748069000000-CreatePasswordHistoryTable.ts
FN:12,(anonymous_0)
FN:67,(anonymous_1)
FNF:2
FNH:0
FNDA:0,(anonymous_0)
FNDA:0,(anonymous_1)
DA:1,0
DA:9,0
DA:14,0
DA:46,0
DA:55,0
DA:68,0
DA:72,0
DA:76,0
LF:8
LH:0
BRF:0
BRH:0
end_of_record
TN:
SF:src/migrations/1748322700000-AddMissingOtpColumnsToUsers.ts
FN:8,(anonymous_0)
FN:26,(anonymous_1)
FNF:2
FNH:0
FNDA:0,(anonymous_0)
FNDA:0,(anonymous_1)
DA:3,0
DA:6,0
DA:10,0
DA:13,0
DA:18,0
DA:21,0
DA:27,0
DA:30,0
DA:33,0
DA:36,0
LF:10
LH:0
BRF:0
BRH:0
end_of_record
TN:
SF:src/migrations/1748325900000-AddProfileUpdateSettings.ts
FN:6,(anonymous_0)
FN:54,(anonymous_1)
FNF:2
FNH:0
FNDA:0,(anonymous_0)
FNDA:0,(anonymous_1)
DA:3,0
DA:8,0
DA:24,0
DA:39,0
DA:56,0
LF:5
LH:0
BRF:0
BRH:0
end_of_record
TN:
SF:src/modules/api/api.module.ts
FNF:0
FNH:0
DA:2,0
DA:3,0
DA:4,0
DA:5,0
DA:6,0
DA:14,0
LF:6
LH:0
BRF:0
BRH:0
end_of_record
TN:
SF:src/modules/api/controllers/api-keys.controller.ts
FN:50,(anonymous_4)
FN:55,(anonymous_5)
FN:74,(anonymous_6)
FN:91,(anonymous_7)
FN:101,(anonymous_8)
FN:112,(anonymous_9)
FN:122,(anonymous_10)
FN:134,(anonymous_11)
FNF:8
FNH:0
FNDA:0,(anonymous_4)
FNDA:0,(anonymous_5)
FNDA:0,(anonymous_6)
FNDA:0,(anonymous_7)
FNDA:0,(anonymous_8)
FNDA:0,(anonymous_9)
FNDA:0,(anonymous_10)
FNDA:0,(anonymous_11)
DA:2,0
DA:16,0
DA:23,0
DA:24,0
DA:25,0
DA:26,0
DA:27,0
DA:28,0
DA:29,0
DA:47,0
DA:48,0
DA:50,0
DA:55,0
DA:59,0
DA:60,0
DA:61,0
DA:63,0
DA:74,0
DA:77,0
DA:78,0
DA:79,0
DA:81,0
DA:85,0
DA:91,0
DA:95,0
DA:101,0
DA:106,0
DA:112,0
DA:116,0
DA:122,0
DA:126,0
DA:134,0
DA:139,0
DA:141,0
DA:142,0
DA:147,0
LF:36
LH:0
BRDA:59,0,0,0
BRDA:77,1,0,0
BRDA:141,2,0,0
BRDA:141,3,0,0
BRDA:141,3,1,0
BRF:5
BRH:0
end_of_record
TN:
SF:src/modules/api/dto/api-key-response.dto.ts
FNF:0
FNH:0
DA:1,0
DA:3,0
DA:5,0
DA:8,0
DA:13,0
DA:16,0
DA:19,0
DA:22,0
DA:25,0
DA:28,0
DA:31,0
DA:34,0
DA:37,0
DA:39,0
LF:14
LH:0
BRF:0
BRH:0
end_of_record
TN:
SF:src/modules/api/dto/create-api-key.dto.ts
FNF:0
FNH:0
DA:1,0
DA:2,0
DA:4,0
DA:7,0
DA:12,0
DA:17,0
LF:6
LH:0
BRF:0
BRH:0
end_of_record
TN:
SF:src/modules/api/dto/update-api-key.dto.ts
FN:25,(anonymous_2)
FNF:1
FNH:0
FNDA:0,(anonymous_2)
DA:1,0
DA:8,0
DA:9,0
DA:11,0
DA:15,0
DA:20,0
DA:25,0
DA:26,0
DA:31,0
LF:9
LH:0
BRDA:25,0,0,0
BRDA:25,0,1,0
BRF:2
BRH:0
end_of_record
TN:
SF:src/modules/api/entities/api-key.entity.ts
FN:43,(anonymous_2)
FN:43,(anonymous_3)
FN:47,(anonymous_4)
FN:47,(anonymous_5)
FNF:4
FNH:0
FNDA:0,(anonymous_2)
FNDA:0,(anonymous_3)
FNDA:0,(anonymous_4)
FNDA:0,(anonymous_5)
DA:2,0
DA:12,0
DA:13,0
DA:16,0
DA:18,0
DA:22,0
DA:25,0
DA:28,0
DA:32,0
DA:35,0
DA:38,0
DA:41,0
DA:43,0
DA:45,0
DA:47,0
DA:49,0
DA:52,0
DA:55,0
LF:18
LH:0
BRF:0
BRH:0
end_of_record
TN:
SF:src/modules/api/services/api-keys.service.ts
FN:18,(anonymous_4)
FN:23,(anonymous_5)
FN:47,(anonymous_6)
FN:60,(anonymous_7)
FN:72,(anonymous_8)
FN:78,(anonymous_9)
FN:97,(anonymous_10)
FN:103,(anonymous_11)
FN:111,(anonymous_12)
FN:119,(anonymous_13)
FNF:10
FNH:0
FNDA:0,(anonymous_4)
FNDA:0,(anonymous_5)
FNDA:0,(anonymous_6)
FNDA:0,(anonymous_7)
FNDA:0,(anonymous_8)
FNDA:0,(anonymous_9)
FNDA:0,(anonymous_10)
FNDA:0,(anonymous_11)
FNDA:0,(anonymous_12)
FNDA:0,(anonymous_13)
DA:2,0
DA:9,0
DA:10,0
DA:11,0
DA:12,0
DA:15,0
DA:16,0
DA:20,0
DA:29,0
DA:30,0
DA:31,0
DA:33,0
DA:35,0
DA:44,0
DA:48,0
DA:49,0
DA:50,0
DA:52,0
DA:54,0
DA:61,0
DA:65,0
DA:66,0
DA:69,0
DA:73,0
DA:84,0
DA:87,0
DA:88,0
DA:92,0
DA:94,0
DA:98,0
DA:99,0
DA:100,0
DA:104,0
DA:106,0
DA:107,0
DA:108,0
DA:113,0
DA:116,0
DA:123,0
DA:125,0
DA:126,0
DA:130,0
DA:131,0
DA:132,0
DA:136,0
LF:45
LH:0
BRDA:27,0,0,0
BRDA:29,1,0,0
BRDA:37,2,0,0
BRDA:37,2,1,0
BRDA:48,3,0,0
BRDA:65,4,0,0
BRDA:87,5,0,0
BRDA:125,6,0,0
BRDA:131,7,0,0
BRF:9
BRH:0
end_of_record
TN:
SF:src/modules/auth/auth.module.ts
FN:49,(anonymous_1)
FNF:1
FNH:0
FNDA:0,(anonymous_1)
DA:2,0
DA:3,0
DA:4,0
DA:5,0
DA:6,0
DA:9,0
DA:12,0
DA:13,0
DA:14,0
DA:15,0
DA:16,0
DA:17,0
DA:20,0
DA:21,0
DA:22,0
DA:25,0
DA:26,0
DA:27,0
DA:28,0
DA:29,0
DA:30,0
DA:31,0
DA:34,0
DA:35,0
DA:36,0
DA:39,0
DA:40,0
DA:41,0
DA:49,0
DA:95,0
LF:30
LH:0
BRF:0
BRH:0
end_of_record
TN:
SF:src/modules/auth/controllers/auth.controller.ts
FN:60,(anonymous_4)
FN:78,(anonymous_5)
FN:116,(anonymous_6)
FN:157,(anonymous_7)
FN:214,(anonymous_8)
FN:252,(anonymous_9)
FN:259,(anonymous_10)
FN:276,(anonymous_11)
FN:310,(anonymous_12)
FN:355,(anonymous_13)
FN:374,(anonymous_14)
FN:391,(anonymous_15)
FN:417,(anonymous_16)
FN:448,(anonymous_17)
FN:486,(anonymous_18)
FN:521,(anonymous_19)
FN:581,(anonymous_20)
FN:644,(anonymous_21)
FN:662,(anonymous_22)
FN:667,(anonymous_23)
FN:708,(anonymous_24)
FN:714,(anonymous_25)
FNF:22
FNH:0
FNDA:0,(anonymous_4)
FNDA:0,(anonymous_5)
FNDA:0,(anonymous_6)
FNDA:0,(anonymous_7)
FNDA:0,(anonymous_8)
FNDA:0,(anonymous_9)
FNDA:0,(anonymous_10)
FNDA:0,(anonymous_11)
FNDA:0,(anonymous_12)
FNDA:0,(anonymous_13)
FNDA:0,(anonymous_14)
FNDA:0,(anonymous_15)
FNDA:0,(anonymous_16)
FNDA:0,(anonymous_17)
FNDA:0,(anonymous_18)
FNDA:0,(anonymous_19)
FNDA:0,(anonymous_20)
FNDA:0,(anonymous_21)
FNDA:0,(anonymous_22)
FNDA:0,(anonymous_23)
FNDA:0,(anonymous_24)
FNDA:0,(anonymous_25)
DA:3,0
DA:17,0
DA:24,0
DA:25,0
DA:26,0
DA:27,0
DA:28,0
DA:29,0
DA:30,0
DA:31,0
DA:32,0
DA:33,0
DA:34,0
DA:35,0
DA:36,0
DA:37,0
DA:38,0
DA:44,0
DA:52,0
DA:53,0
DA:54,0
DA:55,0
DA:56,0
DA:59,0
DA:61,0
DA:62,0
DA:63,0
DA:64,0
DA:78,0
DA:84,0
DA:88,0
DA:91,0
DA:94,0
DA:97,0
DA:116,0
DA:120,0
DA:121,0
DA:122,0
DA:128,0
DA:130,0
DA:132,0
DA:140,0
DA:142,0
DA:157,0
DA:161,0
DA:162,0
DA:163,0
DA:166,0
DA:169,0
DA:170,0
DA:177,0
DA:178,0
DA:182,0
DA:189,0
DA:196,0
DA:214,0
DA:218,0
DA:219,0
DA:222,0
DA:227,0
DA:228,0
DA:237,0
DA:239,0
DA:252,0
DA:255,0
DA:256,0
DA:258,0
DA:259,0
DA:276,0
DA:280,0
DA:283,0
DA:284,0
DA:285,0
DA:289,0
DA:295,0
DA:310,0
DA:316,0
DA:320,0
DA:323,0
DA:326,0
DA:355,0
DA:359,0
DA:360,0
DA:374,0
DA:378,0
DA:379,0
DA:391,0
DA:394,0
DA:399,0
DA:417,0
DA:423,0
DA:426,0
DA:427,0
DA:429,0
DA:448,0
DA:453,0
DA:460,0
DA:461,0
DA:463,0
DA:486,0
DA:491,0
DA:492,0
DA:498,0
DA:499,0
DA:500,0
DA:521,0
DA:529,0
DA:530,0
DA:531,0
DA:534,0
DA:535,0
DA:538,0
DA:544,0
DA:545,0
DA:549,0
DA:551,0
DA:581,0
DA:586,0
DA:587,0
DA:588,0
DA:592,0
DA:593,0
DA:594,0
DA:595,0
DA:597,0
DA:601,0
DA:602,0
DA:603,0
DA:604,0
DA:607,0
DA:614,0
DA:616,0
DA:617,0
DA:618,0
DA:624,0
DA:626,0
DA:644,0
DA:645,0
DA:662,0
DA:663,0
DA:671,0
DA:675,0
DA:681,0
DA:690,0
DA:699,0
DA:709,0
DA:710,0
DA:711,0
DA:715,0
LF:149
LH:0
BRDA:120,0,0,0
BRDA:130,1,0,0
BRDA:169,2,0,0
BRDA:177,3,0,0
BRDA:218,4,0,0
BRDA:218,4,1,0
BRDA:219,5,0,0
BRDA:219,5,1,0
BRDA:227,6,0,0
BRDA:263,7,0,0
BRDA:263,7,1,0
BRDA:284,8,0,0
BRDA:284,9,0,0
BRDA:284,9,1,0
BRDA:427,10,0,0
BRDA:427,10,1,0
BRDA:461,11,0,0
BRDA:461,11,1,0
BRDA:530,12,0,0
BRDA:530,13,0,0
BRDA:530,13,1,0
BRDA:530,13,2,0
BRDA:534,14,0,0
BRDA:534,15,0,0
BRDA:534,15,1,0
BRDA:544,16,0,0
BRDA:554,17,0,0
BRDA:554,17,1,0
BRDA:586,18,0,0
BRDA:586,18,1,0
BRDA:587,19,0,0
BRDA:592,20,0,0
BRDA:594,21,0,0
BRDA:603,22,0,0
BRDA:614,23,0,0
BRDA:614,23,1,0
BRDA:616,24,0,0
BRDA:672,25,0,0
BRDA:672,25,1,0
BRDA:676,26,0,0
BRDA:676,26,1,0
BRDA:716,27,0,0
BRDA:716,27,1,0
BRDA:717,28,0,0
BRDA:717,28,1,0
BRF:45
BRH:0
end_of_record
TN:
SF:src/modules/auth/controllers/refresh-token.controller.ts
FN:17,(anonymous_4)
FN:26,(anonymous_5)
FN:38,(anonymous_6)
FN:51,(anonymous_7)
FNF:4
FNH:0
FNDA:0,(anonymous_4)
FNDA:0,(anonymous_5)
FNDA:0,(anonymous_6)
FNDA:0,(anonymous_7)
DA:1,0
DA:2,0
DA:8,0
DA:9,0
DA:10,0
DA:11,0
DA:16,0
DA:17,0
DA:26,0
DA:29,0
DA:38,0
DA:41,0
DA:51,0
DA:55,0
LF:14
LH:0
BRF:0
BRH:0
end_of_record
TN:
SF:src/modules/auth/controllers/session.controller.ts
FN:11,(anonymous_4)
FN:16,(anonymous_5)
FN:23,(anonymous_6)
FN:34,(anonymous_7)
FNF:4
FNH:0
FNDA:0,(anonymous_4)
FNDA:0,(anonymous_5)
FNDA:0,(anonymous_6)
FNDA:0,(anonymous_7)
DA:1,0
DA:2,0
DA:3,0
DA:4,0
DA:5,0
DA:6,0
DA:10,0
DA:11,0
DA:16,0
DA:17,0
DA:23,0
DA:24,0
DA:34,0
DA:35,0
LF:14
LH:0
BRF:0
BRH:0
end_of_record
TN:
SF:src/modules/auth/dto/change-password.dto.ts
FNF:0
FNH:0
DA:1,0
DA:2,0
DA:4,0
DA:14,0
DA:29,0
LF:5
LH:0
BRF:0
BRH:0
end_of_record
TN:
SF:src/modules/auth/dto/complete-account-recovery.dto.ts
FNF:0
FNH:0
DA:1,0
DA:9,0
DA:11,0
DA:18,0
DA:31,0
DA:41,0
LF:6
LH:0
BRF:0
BRH:0
end_of_record
TN:
SF:src/modules/auth/dto/create-refresh-token.dto.ts
FNF:0
FNH:0
DA:1,0
DA:3,0
DA:5,0
DA:9,0
DA:12,0
DA:15,0
DA:19,0
DA:23,0
LF:8
LH:0
BRF:0
BRH:0
end_of_record
TN:
SF:src/modules/auth/dto/create-session.dto.ts
FNF:0
FNH:0
DA:1,0
DA:3,0
DA:5,0
DA:9,0
DA:13,0
DA:17,0
LF:6
LH:0
BRF:0
BRH:0
end_of_record
TN:
SF:src/modules/auth/dto/forgot-password.dto.ts
FNF:0
FNH:0
DA:2,0
DA:3,0
DA:5,0
DA:8,0
LF:4
LH:0
BRF:0
BRH:0
end_of_record
TN:
SF:src/modules/auth/dto/login-response.dto.ts
FNF:0
FNH:0
DA:1,0
DA:3,0
DA:5,0
DA:8,0
DA:11,0
DA:14,0
DA:17,0
DA:23,0
DA:26,0
DA:29,0
DA:31,0
DA:34,0
DA:37,0
DA:40,0
DA:43,0
DA:50,0
LF:16
LH:0
BRF:0
BRH:0
end_of_record
TN:
SF:src/modules/auth/dto/login.dto.ts
FNF:0
FNH:0
DA:2,0
DA:3,0
DA:5,0
DA:8,0
DA:13,0
LF:5
LH:0
BRF:0
BRH:0
end_of_record
TN:
SF:src/modules/auth/dto/register.dto.ts
FNF:0
FNH:0
DA:2,0
DA:9,0
DA:11,0
DA:14,0
DA:31,0
DA:35,0
DA:39,0
DA:47,0
LF:8
LH:0
BRF:0
BRH:0
end_of_record
TN:
SF:src/modules/auth/dto/request-account-recovery.dto.ts
FNF:0
FNH:0
DA:1,0
DA:2,0
DA:4,0
DA:11,0
LF:4
LH:0
BRF:0
BRH:0
end_of_record
TN:
SF:src/modules/auth/dto/reset-password.dto.ts
FNF:0
FNH:0
DA:2,0
DA:4,0
DA:6,0
DA:17,0
DA:21,0
LF:5
LH:0
BRF:0
BRH:0
end_of_record
TN:
SF:src/modules/auth/dto/revoke-refresh-token.dto.ts
FNF:0
FNH:0
DA:1,0
DA:3,0
DA:5,0
DA:9,0
DA:13,0
LF:5
LH:0
BRF:0
BRH:0
end_of_record
TN:
SF:src/modules/auth/dto/revoke-session.dto.ts
FNF:0
FNH:0
DA:2,0
DA:4,0
DA:6,0
DA:10,0
LF:4
LH:0
BRF:0
BRH:0
end_of_record
TN:
SF:src/modules/auth/dto/session-list-response.dto.ts
FNF:0
FNH:0
DA:1,0
DA:5,0
DA:8,0
DA:11,0
DA:14,0
DA:17,0
DA:19,0
LF:7
LH:0
BRF:0
BRH:0
end_of_record
TN:
SF:src/modules/auth/dto/session-status-response.dto.ts
FNF:0
FNH:0
DA:1,0
DA:3,0
DA:5,0
DA:8,0
DA:11,0
LF:5
LH:0
BRF:0
BRH:0
end_of_record
TN:
SF:src/modules/auth/dto/success-response.dto.ts
FNF:0
FNH:0
DA:1,0
DA:3,0
DA:5,0
LF:3
LH:0
BRF:0
BRH:0
end_of_record
TN:
SF:src/modules/auth/dto/token-response.dto.ts
FNF:0
FNH:0
DA:1,0
DA:2,0
DA:4,0
DA:6,0
DA:9,0
DA:12,0
DA:15,0
LF:7
LH:0
BRF:0
BRH:0
end_of_record
TN:
SF:src/modules/auth/entities/mfa-recovery-code.entity.ts
FN:33,(anonymous_2)
FN:33,(anonymous_3)
FNF:2
FNH:0
FNDA:0,(anonymous_2)
FNDA:0,(anonymous_3)
DA:2,0
DA:12,0
DA:15,0
DA:17,0
DA:21,0
DA:25,0
DA:28,0
DA:31,0
DA:33,0
DA:35,0
DA:38,0
DA:41,0
LF:12
LH:0
BRF:0
BRH:0
end_of_record
TN:
SF:src/modules/auth/entities/password-history.entity.ts
FN:22,(anonymous_2)
FN:22,(anonymous_3)
FNF:2
FNH:0
FNDA:0,(anonymous_2)
FNDA:0,(anonymous_3)
DA:1,0
DA:10,0
DA:11,0
DA:14,0
DA:16,0
DA:20,0
DA:22,0
DA:24,0
DA:28,0
DA:31,0
LF:10
LH:0
BRF:0
BRH:0
end_of_record
TN:
SF:src/modules/auth/entities/refresh-token.entity.ts
FN:27,(anonymous_2)
FN:27,(anonymous_3)
FN:34,(anonymous_4)
FN:34,(anonymous_5)
FNF:4
FNH:0
FNDA:0,(anonymous_2)
FNDA:0,(anonymous_3)
FNDA:0,(anonymous_4)
FNDA:0,(anonymous_5)
DA:2,0
DA:14,0
DA:15,0
DA:23,0
DA:25,0
DA:27,0
DA:32,0
DA:34,0
DA:38,0
DA:42,0
DA:46,0
DA:50,0
DA:53,0
DA:56,0
DA:59,0
DA:62,0
DA:65,0
DA:68,0
DA:71,0
DA:74,0
LF:20
LH:0
BRF:0
BRH:0
end_of_record
TN:
SF:src/modules/auth/entities/session.entity.ts
FN:26,(anonymous_2)
FN:26,(anonymous_3)
FN:33,(anonymous_4)
FN:33,(anonymous_5)
FNF:4
FNH:0
FNDA:0,(anonymous_2)
FNDA:0,(anonymous_3)
FNDA:0,(anonymous_4)
FNDA:0,(anonymous_5)
DA:1,0
DA:12,0
DA:13,0
DA:18,0
DA:20,0
DA:24,0
DA:26,0
DA:31,0
DA:33,0
DA:34,0
DA:37,0
DA:40,0
DA:43,0
DA:47,0
DA:51,0
DA:55,0
DA:58,0
DA:61,0
DA:64,0
DA:67,0
DA:70,0
DA:73,0
LF:22
LH:0
BRF:0
BRH:0
end_of_record
TN:
SF:src/modules/auth/entities/user-device.entity.ts
FN:51,(anonymous_2)
FN:51,(anonymous_3)
FNF:2
FNH:0
FNDA:0,(anonymous_2)
FNDA:0,(anonymous_3)
DA:2,0
DA:12,0
DA:15,0
DA:17,0
DA:21,0
DA:25,0
DA:28,0
DA:31,0
DA:34,0
DA:37,0
DA:40,0
DA:43,0
DA:46,0
DA:49,0
DA:51,0
DA:53,0
DA:56,0
DA:59,0
LF:18
LH:0
BRF:0
BRH:0
end_of_record
TN:
SF:src/modules/auth/entities/webauthn-credential.entity.ts
FN:38,(anonymous_2)
FN:38,(anonymous_3)
FNF:2
FNH:0
FNDA:0,(anonymous_2)
FNDA:0,(anonymous_3)
DA:2,0
DA:13,0
DA:17,0
DA:19,0
DA:23,0
DA:27,0
DA:30,0
DA:33,0
DA:36,0
DA:38,0
DA:40,0
DA:43,0
DA:46,0
LF:13
LH:0
BRF:0
BRH:0
end_of_record
TN:
SF:src/modules/auth/guards/jwt-auth.guard.ts
FN:12,(anonymous_2)
FN:16,(anonymous_3)
FN:31,(anonymous_4)
FNF:3
FNH:0
FNDA:0,(anonymous_2)
FNDA:0,(anonymous_3)
FNDA:0,(anonymous_4)
DA:1,0
DA:6,0
DA:7,0
DA:8,0
DA:11,0
DA:12,0
DA:13,0
DA:18,0
DA:22,0
DA:24,0
DA:25,0
DA:27,0
DA:32,0
DA:34,0
DA:36,0
DA:40,0
LF:16
LH:0
BRDA:24,0,0,0
BRDA:34,1,0,0
BRDA:34,2,0,0
BRDA:34,2,1,0
BRF:4
BRH:0
end_of_record
TN:
SF:src/modules/auth/guards/jwt-refresh.guard.ts
FNF:0
FNH:0
DA:1,0
DA:2,0
DA:5,0
LF:3
LH:0
BRF:0
BRH:0
end_of_record
TN:
SF:src/modules/auth/guards/local-auth.guard.ts
FNF:0
FNH:0
DA:1,0
DA:2,0
DA:5,0
LF:3
LH:0
BRF:0
BRH:0
end_of_record
TN:
SF:src/modules/auth/repositories/refresh-token.repository.ts
FN:7,(anonymous_1)
FN:18,(anonymous_2)
FN:25,(anonymous_3)
FNF:3
FNH:0
FNDA:0,(anonymous_1)
FNDA:0,(anonymous_2)
FNDA:0,(anonymous_3)
DA:2,0
DA:3,0
DA:6,0
DA:8,0
DA:15,0
DA:19,0
DA:27,0
DA:28,0
DA:30,0
LF:9
LH:0
BRDA:15,0,0,0
BRDA:15,0,1,0
BRF:2
BRH:0
end_of_record
TN:
SF:src/modules/auth/repositories/session.repository.ts
FN:6,(anonymous_1)
FNF:1
FNH:0
FNDA:0,(anonymous_1)
DA:1,0
DA:2,0
DA:5,0
DA:7,0
LF:4
LH:0
BRF:0
BRH:0
end_of_record
TN:
SF:src/modules/auth/services/audit-log.service.ts
FN:21,(anonymous_4)
FN:35,(anonymous_5)
FN:63,(anonymous_6)
FNF:3
FNH:0
FNDA:0,(anonymous_4)
FNDA:0,(anonymous_5)
FNDA:0,(anonymous_6)
DA:1,0
DA:2,0
DA:3,0
DA:4,0
DA:20,0
DA:23,0
DA:37,0
DA:38,0
DA:42,0
DA:52,0
DA:70,0
DA:71,0
DA:80,0
LF:13
LH:0
BRDA:37,0,0,0
BRF:1
BRH:0
end_of_record
TN:
SF:src/modules/auth/services/auth.service.ts
FN:50,hasValidMfaConfig
FN:63,(anonymous_3)
FN:83,(anonymous_4)
FN:95,(anonymous_5)
FN:148,(anonymous_6)
FN:226,(anonymous_7)
FN:241,(anonymous_8)
FN:263,(anonymous_9)
FN:273,(anonymous_10)
FN:303,(anonymous_11)
FN:327,(anonymous_12)
FN:379,(anonymous_13)
FN:426,(anonymous_14)
FN:512,(anonymous_15)
FN:559,(anonymous_16)
FN:583,(anonymous_17)
FN:597,(anonymous_18)
FN:607,(anonymous_19)
FN:626,(anonymous_20)
FN:652,(anonymous_21)
FN:662,(anonymous_22)
FN:673,(anonymous_23)
FNF:22
FNH:0
FNDA:0,hasValidMfaConfig
FNDA:0,(anonymous_3)
FNDA:0,(anonymous_4)
FNDA:0,(anonymous_5)
FNDA:0,(anonymous_6)
FNDA:0,(anonymous_7)
FNDA:0,(anonymous_8)
FNDA:0,(anonymous_9)
FNDA:0,(anonymous_10)
FNDA:0,(anonymous_11)
FNDA:0,(anonymous_12)
FNDA:0,(anonymous_13)
FNDA:0,(anonymous_14)
FNDA:0,(anonymous_15)
FNDA:0,(anonymous_16)
FNDA:0,(anonymous_17)
FNDA:0,(anonymous_18)
FNDA:0,(anonymous_19)
FNDA:0,(anonymous_20)
FNDA:0,(anonymous_21)
FNDA:0,(anonymous_22)
FNDA:0,(anonymous_23)
DA:1,0
DA:9,0
DA:10,0
DA:11,0
DA:12,0
DA:13,0
DA:14,0
DA:15,0
DA:16,0
DA:17,0
DA:18,0
DA:19,0
DA:20,0
DA:24,0
DA:26,0
DA:51,0
DA:59,0
DA:60,0
DA:64,0
DA:65,0
DA:66,0
DA:67,0
DA:68,0
DA:69,0
DA:70,0
DA:71,0
DA:72,0
DA:73,0
DA:75,0
DA:84,0
DA:96,0
DA:99,0
DA:101,0
DA:104,0
DA:110,0
DA:113,0
DA:115,0
DA:117,0
DA:120,0
DA:121,0
DA:124,0
DA:131,0
DA:134,0
DA:135,0
DA:138,0
DA:152,0
DA:153,0
DA:155,0
DA:157,0
DA:165,0
DA:166,0
DA:168,0
DA:172,0
DA:173,0
DA:180,0
DA:188,0
DA:189,0
DA:197,0
DA:201,0
DA:202,0
DA:205,0
DA:209,0
DA:216,0
DA:232,0
DA:233,0
DA:243,0
DA:244,0
DA:246,0
DA:247,0
DA:248,0
DA:254,0
DA:264,0
DA:274,0
DA:275,0
DA:278,0
DA:281,0
DA:287,0
DA:288,0
DA:289,0
DA:294,0
DA:307,0
DA:311,0
DA:332,0
DA:335,0
DA:336,0
DA:337,0
DA:341,0
DA:345,0
DA:346,0
DA:350,0
DA:357,0
DA:358,0
DA:363,0
DA:364,0
DA:366,0
DA:369,0
DA:371,0
DA:382,0
DA:384,0
DA:387,0
DA:388,0
DA:390,0
DA:391,0
DA:395,0
DA:401,0
DA:409,0
DA:410,0
DA:431,0
DA:434,0
DA:435,0
DA:436,0
DA:440,0
DA:443,0
DA:449,0
DA:450,0
DA:451,0
DA:456,0
DA:457,0
DA:458,0
DA:462,0
DA:468,0
DA:472,0
DA:473,0
DA:477,0
DA:483,0
DA:484,0
DA:490,0
DA:491,0
DA:493,0
DA:496,0
DA:500,0
DA:517,0
DA:518,0
DA:520,0
DA:521,0
DA:522,0
DA:526,0
DA:530,0
DA:534,0
DA:535,0
DA:539,0
DA:543,0
DA:546,0
DA:548,0
DA:550,0
DA:560,0
DA:562,0
DA:563,0
DA:564,0
DA:570,0
DA:572,0
DA:573,0
DA:575,0
DA:584,0
DA:598,0
DA:599,0
DA:600,0
DA:608,0
DA:609,0
DA:612,0
DA:615,0
DA:618,0
DA:627,0
DA:628,0
DA:631,0
DA:632,0
DA:635,0
DA:636,0
DA:637,0
DA:641,0
DA:643,0
DA:653,0
DA:657,0
DA:658,0
DA:661,0
DA:662,0
DA:665,0
DA:666,0
DA:670,0
DA:673,0
DA:674,0
DA:676,0
DA:679,0
DA:685,0
DA:690,0
LF:185
LH:0
BRDA:52,0,0,0
BRDA:52,0,1,0
BRDA:52,0,2,0
BRDA:52,0,3,0
BRDA:99,1,0,0
BRDA:113,2,0,0
BRDA:113,3,0,0
BRDA:113,3,1,0
BRDA:120,4,0,0
BRDA:150,5,0,0
BRDA:153,6,0,0
BRDA:166,7,0,0
BRDA:229,8,0,0
BRDA:246,9,0,0
BRDA:275,10,0,0
BRDA:288,11,0,0
BRDA:336,12,0,0
BRDA:345,13,0,0
BRDA:387,14,0,0
BRDA:387,14,1,0
BRDA:409,15,0,0
BRDA:409,15,1,0
BRDA:412,16,0,0
BRDA:412,16,1,0
BRDA:412,16,2,0
BRDA:435,17,0,0
BRDA:440,18,0,0
BRDA:443,19,0,0
BRDA:443,19,1,0
BRDA:449,20,0,0
BRDA:450,21,0,0
BRDA:457,22,0,0
BRDA:472,23,0,0
BRDA:518,24,0,0
BRDA:521,25,0,0
BRDA:534,26,0,0
BRDA:560,27,0,0
BRDA:562,28,0,0
BRDA:562,28,1,0
BRDA:563,29,0,0
BRDA:570,30,0,0
BRDA:572,31,0,0
BRDA:599,32,0,0
BRDA:608,33,0,0
BRDA:627,34,0,0
BRDA:657,35,0,0
BRDA:657,36,0,0
BRDA:657,36,1,0
BRDA:662,37,0,0
BRDA:662,37,1,0
BRDA:665,38,0,0
BRDA:673,39,0,0
BRDA:673,39,1,0
BRDA:674,40,0,0
BRF:54
BRH:0
end_of_record
TN:
SF:src/modules/auth/services/notification.service.ts
FN:18,(anonymous_1)
FN:28,(anonymous_2)
FN:38,(anonymous_3)
FN:51,(anonymous_4)
FN:66,(anonymous_5)
FN:85,(anonymous_6)
FNF:6
FNH:0
FNDA:0,(anonymous_1)
FNDA:0,(anonymous_2)
FNDA:0,(anonymous_3)
FNDA:0,(anonymous_4)
FNDA:0,(anonymous_5)
FNDA:0,(anonymous_6)
DA:1,0
DA:11,0
DA:12,0
DA:20,0
DA:30,0
DA:40,0
DA:53,0
DA:67,0
DA:69,0
DA:70,0
DA:72,0
DA:76,0
DA:87,0
LF:13
LH:0
BRDA:67,0,0,0
BRDA:69,1,0,0
BRDA:69,1,1,0
BRDA:69,2,0,0
BRDA:69,2,1,0
BRF:5
BRH:0
end_of_record
TN:
SF:src/modules/auth/services/password-history.service.ts
FN:11,(anonymous_4)
FN:21,(anonymous_5)
FN:39,(anonymous_6)
FN:76,(anonymous_7)
FNF:4
FNH:0
FNDA:0,(anonymous_4)
FNDA:0,(anonymous_5)
FNDA:0,(anonymous_6)
FNDA:0,(anonymous_7)
DA:1,0
DA:2,0
DA:3,0
DA:4,0
DA:5,0
DA:8,0
DA:9,0
DA:13,0
DA:22,0
DA:25,0
DA:44,0
DA:49,0
DA:55,0
DA:56,0
DA:60,0
DA:61,0
DA:62,0
DA:63,0
DA:64,0
DA:68,0
DA:77,0
DA:82,0
DA:89,0
DA:90,0
DA:93,0
DA:96,0
LF:26
LH:0
BRDA:42,0,0,0
BRDA:55,1,0,0
BRDA:62,2,0,0
BRDA:89,3,0,0
BRF:4
BRH:0
end_of_record
TN:
SF:src/modules/auth/services/refresh-token.service.ts
FN:12,(anonymous_4)
FN:17,(anonymous_5)
FN:32,(anonymous_6)
FN:44,(anonymous_7)
FNF:4
FNH:0
FNDA:0,(anonymous_4)
FNDA:0,(anonymous_5)
FNDA:0,(anonymous_6)
FNDA:0,(anonymous_7)
DA:1,0
DA:2,0
DA:3,0
DA:6,0
DA:11,0
DA:14,0
DA:18,0
DA:29,0
DA:33,0
DA:45,0
LF:10
LH:0
BRDA:20,0,0,0
BRDA:20,0,1,0
BRF:2
BRH:0
end_of_record
TN:
SF:src/modules/auth/services/session.service.ts
FN:23,(anonymous_4)
FN:35,(anonymous_5)
FN:56,(anonymous_6)
FN:68,(anonymous_7)
FN:99,(anonymous_8)
FN:111,(anonymous_9)
FN:133,(anonymous_10)
FN:145,(anonymous_11)
FN:158,(anonymous_12)
FN:189,(anonymous_13)
FN:201,(anonymous_14)
FN:206,(anonymous_15)
FNF:12
FNH:0
FNDA:0,(anonymous_4)
FNDA:0,(anonymous_5)
FNDA:0,(anonymous_6)
FNDA:0,(anonymous_7)
FNDA:0,(anonymous_8)
FNDA:0,(anonymous_9)
FNDA:0,(anonymous_10)
FNDA:0,(anonymous_11)
FNDA:0,(anonymous_12)
FNDA:0,(anonymous_13)
FNDA:0,(anonymous_14)
FNDA:0,(anonymous_15)
DA:1,0
DA:2,0
DA:3,0
DA:4,0
DA:5,0
DA:6,0
DA:21,0
DA:22,0
DA:25,0
DA:26,0
DA:27,0
DA:36,0
DA:46,0
DA:47,0
DA:48,0
DA:57,0
DA:70,0
DA:77,0
DA:78,0
DA:81,0
DA:85,0
DA:86,0
DA:87,0
DA:89,0
DA:90,0
DA:92,0
DA:100,0
DA:112,0
DA:116,0
DA:117,0
DA:120,0
DA:124,0
DA:125,0
DA:126,0
DA:129,0
DA:130,0
DA:134,0
DA:147,0
DA:162,0
DA:174,0
DA:175,0
DA:177,0
DA:178,0
DA:207,0
LF:44
LH:0
BRDA:77,0,0,0
BRDA:85,1,0,0
BRDA:85,1,1,0
BRDA:87,2,0,0
BRDA:116,3,0,0
BRDA:124,4,0,0
BRDA:124,4,1,0
BRDA:152,5,0,0
BRDA:152,5,1,0
BRDA:174,6,0,0
BRF:10
BRH:0
end_of_record
TN:
SF:src/modules/auth/services/token.service.ts
FN:16,(anonymous_4)
FN:33,(anonymous_5)
FN:50,(anonymous_6)
FN:100,(anonymous_7)
FN:111,(anonymous_8)
FN:142,(anonymous_9)
FN:146,(anonymous_10)
FN:185,(anonymous_11)
FN:201,(anonymous_12)
FN:221,(anonymous_13)
FN:225,(anonymous_14)
FN:243,(anonymous_15)
FN:264,(anonymous_16)
FN:299,(anonymous_17)
FN:313,(anonymous_18)
FNF:15
FNH:0
FNDA:0,(anonymous_4)
FNDA:0,(anonymous_5)
FNDA:0,(anonymous_6)
FNDA:0,(anonymous_7)
FNDA:0,(anonymous_8)
FNDA:0,(anonymous_9)
FNDA:0,(anonymous_10)
FNDA:0,(anonymous_11)
FNDA:0,(anonymous_12)
FNDA:0,(anonymous_13)
FNDA:0,(anonymous_14)
FNDA:0,(anonymous_15)
FNDA:0,(anonymous_16)
FNDA:0,(anonymous_17)
FNDA:0,(anonymous_18)
DA:1,0
DA:2,0
DA:3,0
DA:4,0
DA:5,0
DA:6,0
DA:10,0
DA:11,0
DA:12,0
DA:15,0
DA:17,0
DA:18,0
DA:19,0
DA:20,0
DA:21,0
DA:23,0
DA:40,0
DA:41,0
DA:45,0
DA:47,0
DA:50,0
DA:53,0
DA:60,0
DA:71,0
DA:72,0
DA:77,0
DA:101,0
DA:102,0
DA:103,0
DA:104,0
DA:106,0
DA:108,0
DA:112,0
DA:113,0
DA:114,0
DA:115,0
DA:117,0
DA:118,0
DA:119,0
DA:127,0
DA:133,0
DA:143,0
DA:147,0
DA:148,0
DA:153,0
DA:154,0
DA:156,0
DA:160,0
DA:167,0
DA:169,0
DA:172,0
DA:174,0
DA:175,0
DA:178,0
DA:180,0
DA:181,0
DA:190,0
DA:207,0
DA:210,0
DA:222,0
DA:231,0
DA:234,0
DA:238,0
DA:240,0
DA:243,0
DA:246,0
DA:257,0
DA:268,0
DA:269,0
DA:270,0
DA:271,0
DA:273,0
DA:274,0
DA:276,0
DA:277,0
DA:279,0
DA:281,0
DA:284,0
DA:285,0
DA:288,0
DA:291,0
DA:292,0
DA:300,0
DA:314,0
DA:315,0
DA:316,0
DA:317,0
DA:319,0
DA:321,0
LF:89
LH:0
BRDA:35,0,0,0
BRDA:40,1,0,0
BRDA:40,1,1,0
BRDA:41,2,0,0
BRDA:47,3,0,0
BRDA:47,3,1,0
BRDA:103,4,0,0
BRDA:103,5,0,0
BRDA:103,5,1,0
BRDA:114,6,0,0
BRDA:114,7,0,0
BRDA:114,7,1,0
BRDA:154,8,0,0
BRDA:154,9,0,0
BRDA:154,9,1,0
BRDA:154,9,2,0
BRDA:167,10,0,0
BRDA:172,11,0,0
BRDA:195,12,0,0
BRDA:195,12,1,0
BRDA:196,13,0,0
BRDA:196,13,1,0
BRDA:215,14,0,0
BRDA:215,14,1,0
BRDA:216,15,0,0
BRDA:216,15,1,0
BRDA:240,16,0,0
BRDA:240,16,1,0
BRDA:270,17,0,0
BRDA:270,18,0,0
BRDA:270,18,1,0
BRDA:273,19,0,0
BRDA:273,20,0,0
BRDA:273,20,1,0
BRDA:276,21,0,0
BRDA:279,22,0,0
BRDA:284,23,0,0
BRDA:284,24,0,0
BRDA:284,24,1,0
BRDA:291,25,0,0
BRDA:291,25,1,0
BRDA:305,26,0,0
BRDA:305,26,1,0
BRDA:316,27,0,0
BRDA:316,28,0,0
BRDA:316,28,1,0
BRDA:316,28,2,0
BRF:47
BRH:0
end_of_record
TN:
SF:src/modules/auth/strategies/jwt-refresh.strategy.ts
FN:18,(anonymous_2)
FN:26,(anonymous_3)
FN:35,(anonymous_4)
FNF:3
FNH:0
FNDA:0,(anonymous_2)
FNDA:0,(anonymous_3)
FNDA:0,(anonymous_4)
DA:1,0
DA:2,0
DA:3,0
DA:4,0
DA:7,0
DA:9,0
DA:10,0
DA:14,0
DA:19,0
DA:20,0
DA:21,0
DA:22,0
DA:24,0
DA:27,0
DA:36,0
DA:37,0
DA:39,0
DA:40,0
DA:41,0
DA:44,0
DA:45,0
DA:46,0
DA:49,0
DA:50,0
DA:51,0
DA:53,0
DA:55,0
DA:56,0
DA:59,0
DA:63,0
DA:64,0
DA:67,0
DA:68,0
DA:69,0
DA:72,0
DA:81,0
LF:36
LH:0
BRDA:27,0,0,0
BRDA:27,0,1,0
BRDA:36,1,0,0
BRDA:39,2,0,0
BRDA:39,2,1,0
BRDA:40,3,0,0
BRDA:40,4,0,0
BRDA:40,4,1,0
BRDA:45,5,0,0
BRDA:55,6,0,0
BRDA:63,7,0,0
BRF:11
BRH:0
end_of_record
TN:
SF:src/modules/auth/strategies/jwt.strategy.ts
FN:17,(anonymous_2)
FN:25,(anonymous_3)
FN:41,(anonymous_4)
FNF:3
FNH:0
FNDA:0,(anonymous_2)
FNDA:0,(anonymous_3)
FNDA:0,(anonymous_4)
DA:2,0
DA:3,0
DA:4,0
DA:5,0
DA:8,0
DA:10,0
DA:14,0
DA:15,0
DA:18,0
DA:19,0
DA:20,0
DA:22,0
DA:27,0
DA:28,0
DA:29,0
DA:30,0
DA:32,0
DA:42,0
DA:43,0
DA:45,0
DA:47,0
DA:49,0
DA:50,0
DA:51,0
DA:52,0
DA:56,0
DA:57,0
DA:58,0
DA:61,0
DA:62,0
DA:63,0
DA:67,0
DA:68,0
DA:69,0
DA:71,0
DA:72,0
DA:73,0
DA:76,0
DA:77,0
DA:78,0
DA:81,0
DA:82,0
DA:83,0
DA:86,0
DA:87,0
DA:88,0
DA:93,0
DA:94,0
DA:95,0
DA:96,0
DA:98,0
DA:99,0
DA:102,0
DA:107,0
DA:108,0
DA:109,0
LF:56
LH:0
BRDA:27,0,0,0
BRDA:27,0,1,0
BRDA:28,1,0,0
BRDA:30,2,0,0
BRDA:30,2,1,0
BRDA:50,3,0,0
BRDA:56,4,0,0
BRDA:61,5,0,0
BRDA:61,6,0,0
BRDA:61,6,1,0
BRDA:67,7,0,0
BRDA:69,8,0,0
BRDA:69,8,1,0
BRDA:71,9,0,0
BRDA:76,10,0,0
BRDA:81,11,0,0
BRDA:81,12,0,0
BRDA:81,12,1,0
BRDA:86,13,0,0
BRDA:94,14,0,0
BRDA:94,14,1,0
BRDA:104,15,0,0
BRDA:104,15,1,0
BRF:23
BRH:0
end_of_record
TN:
SF:src/modules/auth/strategies/local.strategy.ts
FN:22,(anonymous_2)
FN:29,(anonymous_3)
FNF:2
FNH:0
FNDA:0,(anonymous_2)
FNDA:0,(anonymous_3)
DA:1,0
DA:2,0
DA:3,0
DA:5,0
DA:6,0
DA:21,0
DA:23,0
DA:24,0
DA:26,0
DA:34,0
DA:35,0
DA:37,0
DA:40,0
DA:41,0
DA:46,0
DA:47,0
DA:50,0
DA:51,0
DA:53,0
DA:54,0
DA:57,0
DA:58,0
DA:59,0
DA:60,0
DA:62,0
DA:63,0
DA:64,0
DA:68,0
DA:69,0
LF:29
LH:0
BRDA:35,0,0,0
BRDA:40,1,0,0
BRDA:40,2,0,0
BRDA:40,2,1,0
BRDA:46,3,0,0
BRDA:51,4,0,0
BRDA:57,5,0,0
BRDA:58,6,0,0
BRDA:58,6,1,0
BRDA:59,7,0,0
BRDA:63,8,0,0
BRF:11
BRH:0
end_of_record
TN:
SF:src/modules/database/database.module.ts
FNF:0
FNH:0
DA:2,0
DA:3,0
DA:4,0
DA:5,0
DA:6,0
DA:7,0
DA:8,0
DA:9,0
DA:10,0
DA:11,0
DA:12,0
DA:13,0
DA:14,0
DA:34,0
LF:14
LH:0
BRF:0
BRH:0
end_of_record
TN:
SF:src/modules/database/seeds/api-keys.seeder.ts
FN:8,seedApiKeys
FNF:1
FNH:0
FNDA:0,seedApiKeys
DA:5,0
DA:8,0
DA:14,0
DA:15,0
DA:16,0
DA:17,0
DA:18,0
DA:22,0
DA:23,0
DA:26,0
DA:29,0
DA:30,0
DA:38,0
DA:39,0
DA:41,0
DA:46,0
LF:16
LH:0
BRDA:12,0,0,0
BRDA:16,1,0,0
BRDA:16,1,1,0
BRDA:16,2,0,0
BRDA:16,2,1,0
BRDA:17,3,0,0
BRDA:17,4,0,0
BRDA:17,4,1,0
BRDA:29,5,0,0
BRDA:29,5,1,0
BRDA:29,6,0,0
BRDA:29,6,1,0
BRF:12
BRH:0
end_of_record
TN:
SF:src/modules/database/seeds/logs.seeder.ts
FN:8,seedLogs
FNF:1
FNH:0
FNDA:0,seedLogs
DA:5,0
DA:8,0
DA:14,0
DA:15,0
DA:16,0
DA:17,0
DA:18,0
DA:22,0
DA:23,0
DA:26,0
DA:29,0
DA:30,0
DA:39,0
DA:40,0
DA:42,0
DA:45,0
LF:16
LH:0
BRDA:12,0,0,0
BRDA:16,1,0,0
BRDA:16,1,1,0
BRDA:16,2,0,0
BRDA:16,2,1,0
BRDA:17,3,0,0
BRDA:17,4,0,0
BRDA:17,4,1,0
BRDA:29,5,0,0
BRDA:29,5,1,0
BRDA:29,6,0,0
BRDA:29,6,1,0
BRF:12
BRH:0
end_of_record
TN:
SF:src/modules/database/seeds/mfa-recovery-codes.seeder.ts
FN:7,seedMfaRecoveryCodes
FN:25,(anonymous_1)
FNF:2
FNH:0
FNDA:0,seedMfaRecoveryCodes
FNDA:0,(anonymous_1)
DA:4,0
DA:7,0
DA:12,0
DA:13,0
DA:14,0
DA:15,0
DA:16,0
DA:20,0
DA:21,0
DA:24,0
DA:25,0
DA:26,0
DA:32,0
DA:33,0
DA:35,0
DA:38,0
LF:16
LH:0
BRDA:10,0,0,0
BRDA:14,1,0,0
BRDA:14,1,1,0
BRDA:14,2,0,0
BRDA:14,2,1,0
BRDA:15,3,0,0
BRDA:15,4,0,0
BRDA:15,4,1,0
BRDA:24,5,0,0
BRDA:24,5,1,0
BRF:10
BRH:0
end_of_record
TN:
SF:src/modules/database/seeds/organization-invitations.seeder.ts
FN:9,seedTenantInvitations
FNF:1
FNH:0
FNDA:0,seedTenantInvitations
DA:5,0
DA:7,0
DA:9,0
DA:15,0
DA:16,0
DA:17,0
DA:18,0
DA:19,0
DA:23,0
DA:24,0
DA:27,0
DA:30,0
DA:31,0
DA:39,0
DA:40,0
DA:44,0
DA:49,0
LF:17
LH:0
BRDA:13,0,0,0
BRDA:17,1,0,0
BRDA:17,1,1,0
BRDA:17,2,0,0
BRDA:17,2,1,0
BRDA:18,3,0,0
BRDA:18,4,0,0
BRDA:18,4,1,0
BRDA:30,5,0,0
BRDA:30,5,1,0
BRDA:30,6,0,0
BRDA:30,6,1,0
BRF:12
BRH:0
end_of_record
TN:
SF:src/modules/database/seeds/seeder.service.ts
FN:28,(anonymous_4)
FN:53,(anonymous_5)
FN:90,(anonymous_6)
FN:110,(anonymous_7)
FN:134,(anonymous_8)
FN:154,(anonymous_9)
FN:188,(anonymous_10)
FN:231,(anonymous_11)
FN:243,(anonymous_12)
FNF:9
FNH:0
FNDA:0,(anonymous_4)
FNDA:0,(anonymous_5)
FNDA:0,(anonymous_6)
FNDA:0,(anonymous_7)
FNDA:0,(anonymous_8)
FNDA:0,(anonymous_9)
FNDA:0,(anonymous_10)
FNDA:0,(anonymous_11)
FNDA:0,(anonymous_12)
DA:2,0
DA:3,0
DA:4,0
DA:5,0
DA:12,0
DA:13,0
DA:14,0
DA:15,0
DA:16,0
DA:17,0
DA:18,0
DA:19,0
DA:20,0
DA:21,0
DA:22,0
DA:25,0
DA:26,0
DA:30,0
DA:32,0
DA:34,0
DA:36,0
DA:38,0
DA:40,0
DA:42,0
DA:44,0
DA:46,0
DA:48,0
DA:50,0
DA:54,0
DA:55,0
DA:57,0
DA:60,0
DA:63,0
DA:64,0
DA:68,0
DA:69,0
DA:73,0
DA:74,0
DA:78,0
DA:79,0
DA:83,0
DA:84,0
DA:87,0
DA:91,0
DA:93,0
DA:94,0
DA:95,0
DA:98,0
DA:99,0
DA:102,0
DA:103,0
DA:104,0
DA:107,0
DA:111,0
DA:113,0
DA:114,0
DA:115,0
DA:118,0
DA:119,0
DA:122,0
DA:123,0
DA:124,0
DA:128,0
DA:131,0
DA:135,0
DA:137,0
DA:138,0
DA:139,0
DA:142,0
DA:143,0
DA:146,0
DA:147,0
DA:148,0
DA:151,0
DA:155,0
DA:157,0
DA:158,0
DA:159,0
DA:162,0
DA:163,0
DA:166,0
DA:167,0
DA:171,0
DA:175,0
DA:176,0
DA:181,0
DA:185,0
DA:189,0
DA:190,0
DA:193,0
DA:195,0
DA:196,0
DA:197,0
DA:200,0
DA:201,0
DA:204,0
DA:205,0
DA:209,0
DA:215,0
DA:216,0
DA:224,0
DA:228,0
DA:233,0
DA:237,0
DA:238,0
DA:239,0
DA:243,0
DA:249,0
DA:250,0
DA:251,0
DA:255,0
DA:262,0
DA:265,0
DA:273,0
DA:276,0
DA:280,0
DA:281,0
DA:289,0
DA:292,0
LF:119
LH:0
BRDA:53,0,0,0
BRDA:54,1,0,0
BRDA:54,1,1,0
BRDA:54,1,2,0
BRDA:63,2,0,0
BRDA:68,3,0,0
BRDA:73,4,0,0
BRDA:78,5,0,0
BRDA:78,6,0,0
BRDA:78,6,1,0
BRDA:83,7,0,0
BRDA:93,8,0,0
BRDA:93,9,0,0
BRDA:93,9,1,0
BRDA:98,10,0,0
BRDA:113,11,0,0
BRDA:113,12,0,0
BRDA:113,12,1,0
BRDA:118,13,0,0
BRDA:137,14,0,0
BRDA:137,15,0,0
BRDA:137,15,1,0
BRDA:142,16,0,0
BRDA:157,17,0,0
BRDA:157,18,0,0
BRDA:157,18,1,0
BRDA:162,19,0,0
BRDA:175,20,0,0
BRDA:175,21,0,0
BRDA:175,21,1,0
BRDA:189,22,0,0
BRDA:189,23,0,0
BRDA:189,23,1,0
BRDA:195,24,0,0
BRDA:195,25,0,0
BRDA:195,25,1,0
BRDA:200,26,0,0
BRDA:209,27,0,0
BRDA:209,27,1,0
BRDA:215,28,0,0
BRDA:220,29,0,0
BRDA:220,29,1,0
BRDA:237,30,0,0
BRDA:280,31,0,0
BRF:44
BRH:0
end_of_record
TN:
SF:src/modules/database/seeds/system-settings.seeder.ts
FN:6,seedSystemSettings
FNF:1
FNH:0
FNDA:0,seedSystemSettings
DA:3,0
DA:6,0
DA:10,0
DA:11,0
DA:12,0
DA:13,0
DA:14,0
DA:18,0
DA:19,0
DA:367,0
DA:368,0
DA:370,0
LF:12
LH:0
BRDA:8,0,0,0
BRDA:12,1,0,0
BRDA:12,1,1,0
BRDA:12,2,0,0
BRDA:12,2,1,0
BRDA:13,3,0,0
BRDA:13,4,0,0
BRDA:13,4,1,0
BRF:8
BRH:0
end_of_record
TN:
SF:src/modules/database/seeds/tenant-invitations.seeder.ts
FN:9,seedTenantInvitations
FNF:1
FNH:0
FNDA:0,seedTenantInvitations
DA:5,0
DA:7,0
DA:9,0
DA:15,0
DA:16,0
DA:17,0
DA:18,0
DA:19,0
DA:23,0
DA:24,0
DA:27,0
DA:30,0
DA:31,0
DA:39,0
DA:40,0
DA:44,0
DA:49,0
LF:17
LH:0
BRDA:13,0,0,0
BRDA:17,1,0,0
BRDA:17,1,1,0
BRDA:17,2,0,0
BRDA:17,2,1,0
BRDA:18,3,0,0
BRDA:18,4,0,0
BRDA:18,4,1,0
BRDA:30,5,0,0
BRDA:30,5,1,0
BRDA:30,6,0,0
BRDA:30,6,1,0
BRF:12
BRH:0
end_of_record
TN:
SF:src/modules/database/seeds/tenant-memberships.seeder.ts
FN:8,seedTenantMemberships
FNF:1
FNH:0
FNDA:0,seedTenantMemberships
DA:5,0
DA:8,0
DA:14,0
DA:15,0
DA:16,0
DA:17,0
DA:18,0
DA:22,0
DA:23,0
DA:26,0
DA:29,0
DA:32,0
DA:33,0
DA:38,0
DA:39,0
DA:44,0
DA:45,0
DA:47,0
DA:52,0
LF:19
LH:0
BRDA:12,0,0,0
BRDA:16,1,0,0
BRDA:16,1,1,0
BRDA:16,2,0,0
BRDA:16,2,1,0
BRDA:17,3,0,0
BRDA:17,4,0,0
BRDA:17,4,1,0
BRDA:32,5,0,0
BRDA:32,5,1,0
BRDA:32,6,0,0
BRDA:32,6,1,0
BRDA:32,6,2,0
BRF:13
BRH:0
end_of_record
TN:
SF:src/modules/database/seeds/tenants.seeder.ts
FN:6,seedTenants
FNF:1
FNH:0
FNDA:0,seedTenants
DA:3,0
DA:6,0
DA:10,0
DA:11,0
DA:12,0
DA:13,0
DA:14,0
DA:18,0
DA:19,0
DA:28,0
DA:29,0
DA:31,0
LF:12
LH:0
BRDA:8,0,0,0
BRDA:12,1,0,0
BRDA:12,1,1,0
BRDA:12,2,0,0
BRDA:12,2,1,0
BRDA:13,3,0,0
BRDA:13,4,0,0
BRDA:13,4,1,0
BRF:8
BRH:0
end_of_record
TN:
SF:src/modules/database/seeds/user-devices.seeder.ts
FN:7,seedUserDevices
FNF:1
FNH:0
FNDA:0,seedUserDevices
DA:4,0
DA:7,0
DA:12,0
DA:13,0
DA:14,0
DA:15,0
DA:16,0
DA:20,0
DA:21,0
DA:24,0
DA:25,0
DA:32,0
DA:33,0
DA:35,0
DA:38,0
LF:15
LH:0
BRDA:10,0,0,0
BRDA:14,1,0,0
BRDA:14,1,1,0
BRDA:14,2,0,0
BRDA:14,2,1,0
BRDA:15,3,0,0
BRDA:15,4,0,0
BRDA:15,4,1,0
BRDA:24,5,0,0
BRDA:24,5,1,0
BRF:10
BRH:0
end_of_record
TN:
SF:src/modules/database/seeds/users.seeder.ts
FN:7,seedUsers
FNF:1
FNH:0
FNDA:0,seedUsers
DA:3,0
DA:4,0
DA:7,0
DA:11,0
DA:12,0
DA:13,0
DA:14,0
DA:15,0
DA:19,0
DA:20,0
DA:21,0
DA:31,0
DA:32,0
DA:42,0
DA:43,0
DA:45,0
LF:16
LH:0
BRDA:9,0,0,0
BRDA:13,1,0,0
BRDA:13,1,1,0
BRDA:13,2,0,0
BRDA:13,2,1,0
BRDA:14,3,0,0
BRDA:14,4,0,0
BRDA:14,4,1,0
BRF:8
BRH:0
end_of_record
TN:
SF:src/modules/database/seeds/webauthn-credentials.seeder.ts
FN:7,seedWebauthnCredentials
FNF:1
FNH:0
FNDA:0,seedWebauthnCredentials
DA:4,0
DA:7,0
DA:12,0
DA:13,0
DA:14,0
DA:15,0
DA:16,0
DA:20,0
DA:21,0
DA:24,0
DA:25,0
DA:32,0
DA:33,0
DA:35,0
DA:40,0
LF:15
LH:0
BRDA:10,0,0,0
BRDA:14,1,0,0
BRDA:14,1,1,0
BRDA:14,2,0,0
BRDA:14,2,1,0
BRDA:15,3,0,0
BRDA:15,4,0,0
BRDA:15,4,1,0
BRDA:24,5,0,0
BRDA:24,5,1,0
BRF:10
BRH:0
end_of_record
TN:
SF:src/modules/database/seeds/data/development.seed-data.ts
FNF:0
FNH:0
DA:8,0
LF:1
LH:0
BRF:0
BRH:0
end_of_record
TN:
SF:src/modules/database/seeds/data/index.ts
FN:20,getSeedDataForEnvironment
FNF:1
FNH:0
FNDA:0,getSeedDataForEnvironment
DA:5,0
DA:6,0
DA:7,0
DA:8,0
DA:10,0
DA:11,0
DA:12,0
DA:20,0
DA:23,0
DA:25,0
DA:28,0
DA:32,0
LF:12
LH:0
BRDA:21,0,0,0
BRDA:21,1,0,0
BRDA:21,1,1,0
BRDA:23,2,0,0
BRDA:23,2,1,0
BRDA:23,2,2,0
BRDA:23,2,3,0
BRDA:23,2,4,0
BRDA:23,2,5,0
BRF:9
BRH:0
end_of_record
TN:
SF:src/modules/database/seeds/data/production.seed-data.ts
FNF:0
FNH:0
DA:8,0
LF:1
LH:0
BRF:0
BRH:0
end_of_record
TN:
SF:src/modules/database/seeds/data/test.seed-data.ts
FNF:0
FNH:0
DA:9,0
LF:1
LH:0
BRF:0
BRH:0
end_of_record
TN:
SF:src/modules/logs/logs.module.ts
FNF:0
FNH:0
DA:2,0
DA:3,0
DA:4,0
DA:5,0
DA:6,0
DA:14,0
LF:6
LH:0
BRF:0
BRH:0
end_of_record
TN:
SF:src/modules/logs/controllers/logs.controller.ts
FN:43,(anonymous_4)
FN:50,(anonymous_5)
FN:66,(anonymous_6)
FN:84,(anonymous_7)
FN:105,(anonymous_8)
FNF:5
FNH:0
FNDA:0,(anonymous_4)
FNDA:0,(anonymous_5)
FNDA:0,(anonymous_6)
FNDA:0,(anonymous_7)
FNDA:0,(anonymous_8)
DA:2,0
DA:13,0
DA:20,0
DA:22,0
DA:23,0
DA:24,0
DA:25,0
DA:26,0
DA:42,0
DA:43,0
DA:50,0
DA:55,0
DA:66,0
DA:71,0
DA:84,0
DA:91,0
DA:93,0
DA:94,0
DA:95,0
DA:97,0
DA:105,0
DA:109,0
LF:22
LH:0
BRDA:52,0,0,0
BRDA:53,1,0,0
BRDA:68,2,0,0
BRDA:69,3,0,0
BRDA:88,4,0,0
BRDA:89,5,0,0
BRDA:93,6,0,0
BRDA:94,7,0,0
BRDA:95,8,0,0
BRF:9
BRH:0
end_of_record
TN:
SF:src/modules/logs/entities/log.entity.ts
FN:39,(anonymous_2)
FN:44,(anonymous_3)
FN:44,(anonymous_4)
FN:48,(anonymous_5)
FN:48,(anonymous_6)
FNF:5
FNH:0
FNDA:0,(anonymous_2)
FNDA:0,(anonymous_3)
FNDA:0,(anonymous_4)
FNDA:0,(anonymous_5)
FNDA:0,(anonymous_6)
DA:2,0
DA:10,0
DA:11,0
DA:14,0
DA:16,0
DA:19,0
DA:22,0
DA:26,0
DA:29,0
DA:32,0
DA:35,0
DA:39,0
DA:42,0
DA:44,0
DA:46,0
DA:48,0
DA:50,0
LF:17
LH:0
BRF:0
BRH:0
end_of_record
TN:
SF:src/modules/logs/services/logs.service.ts
FN:29,(anonymous_4)
FN:39,(anonymous_5)
FN:55,(anonymous_6)
FN:76,(anonymous_7)
FN:84,(anonymous_8)
FN:104,(anonymous_9)
FN:127,(anonymous_10)
FN:156,(anonymous_11)
FNF:8
FNH:0
FNDA:0,(anonymous_4)
FNDA:0,(anonymous_5)
FNDA:0,(anonymous_6)
FNDA:0,(anonymous_7)
FNDA:0,(anonymous_8)
FNDA:0,(anonymous_9)
FNDA:0,(anonymous_10)
FNDA:0,(anonymous_11)
DA:1,0
DA:2,0
DA:3,0
DA:5,0
DA:28,0
DA:31,0
DA:40,0
DA:45,0
DA:60,0
DA:63,0
DA:64,0
DA:65,0
DA:67,0
DA:81,0
DA:89,0
DA:90,0
DA:94,0
DA:110,0
DA:134,0
DA:135,0
DA:139,0
DA:162,0
LF:22
LH:0
BRDA:56,0,0,0
BRDA:57,1,0,0
BRDA:58,2,0,0
BRDA:63,3,0,0
BRDA:64,4,0,0
BRDA:65,5,0,0
BRDA:78,6,0,0
BRDA:79,7,0,0
BRDA:86,8,0,0
BRDA:87,9,0,0
BRDA:89,10,0,0
BRDA:107,11,0,0
BRDA:112,12,0,0
BRDA:112,12,1,0
BRDA:131,13,0,0
BRDA:134,14,0,0
BRDA:141,15,0,0
BRDA:141,15,1,0
BRDA:159,16,0,0
BRDA:164,17,0,0
BRDA:164,17,1,0
BRF:21
BRH:0
end_of_record
TN:
SF:src/modules/settings/settings.module.ts
FNF:0
FNH:0
DA:2,0
DA:3,0
DA:4,0
DA:5,0
DA:6,0
DA:14,0
LF:6
LH:0
BRF:0
BRH:0
end_of_record
TN:
SF:src/modules/settings/controllers/settings.controller.ts
FN:38,(anonymous_4)
FN:47,(anonymous_5)
FN:56,(anonymous_6)
FN:73,(anonymous_7)
FN:94,(anonymous_8)
FN:114,(anonymous_9)
FN:126,(anonymous_10)
FN:137,(anonymous_11)
FN:145,(anonymous_12)
FN:156,(anonymous_13)
FN:169,(anonymous_14)
FN:173,(anonymous_15)
FNF:12
FNH:0
FNDA:0,(anonymous_4)
FNDA:0,(anonymous_5)
FNDA:0,(anonymous_6)
FNDA:0,(anonymous_7)
FNDA:0,(anonymous_8)
FNDA:0,(anonymous_9)
FNDA:0,(anonymous_10)
FNDA:0,(anonymous_11)
FNDA:0,(anonymous_12)
FNDA:0,(anonymous_13)
FNDA:0,(anonymous_14)
FNDA:0,(anonymous_15)
DA:2,0
DA:12,0
DA:13,0
DA:14,0
DA:15,0
DA:16,0
DA:17,0
DA:18,0
DA:26,0
DA:27,0
DA:28,0
DA:29,0
DA:30,0
DA:37,0
DA:38,0
DA:47,0
DA:48,0
DA:56,0
DA:57,0
DA:58,0
DA:59,0
DA:61,0
DA:73,0
DA:76,0
DA:94,0
DA:98,0
DA:114,0
DA:115,0
DA:116,0
DA:126,0
DA:127,0
DA:137,0
DA:138,0
DA:145,0
DA:146,0
DA:156,0
DA:157,0
DA:169,0
DA:172,0
DA:173,0
LF:40
LH:0
BRDA:58,0,0,0
BRF:1
BRH:0
end_of_record
TN:
SF:src/modules/settings/dto/auth-settings.dto.ts
FNF:0
FNH:0
DA:1,0
DA:3,0
DA:5,0
DA:8,0
DA:11,0
DA:14,0
DA:20,0
DA:26,0
DA:29,0
DA:35,0
DA:41,0
DA:44,0
DA:50,0
DA:56,0
DA:62,0
LF:15
LH:0
BRF:0
BRH:0
end_of_record
TN:
SF:src/modules/settings/dto/bulk-setting.dto.ts
FNF:0
FNH:0
DA:1,0
DA:3,0
DA:5,0
DA:8,0
DA:11,0
DA:14,0
LF:6
LH:0
BRF:0
BRH:0
end_of_record
TN:
SF:src/modules/settings/dto/create-setting.dto.ts
FNF:0
FNH:0
DA:2,0
DA:3,0
DA:5,0
DA:9,0
DA:13,0
DA:18,0
DA:23,0
LF:7
LH:0
BRF:0
BRH:0
end_of_record
TN:
SF:src/modules/settings/dto/profile-settings.dto.ts
FNF:0
FNH:0
DA:1,0
DA:6,0
DA:13,0
DA:20,0
LF:4
LH:0
BRF:0
BRH:0
end_of_record
TN:
SF:src/modules/settings/dto/session-settings.dto.ts
FNF:0
FNH:0
DA:1,0
DA:3,0
DA:8,0
DA:14,0
DA:20,0
DA:26,0
DA:32,0
DA:38,0
DA:44,0
LF:9
LH:0
BRF:0
BRH:0
end_of_record
TN:
SF:src/modules/settings/dto/token-settings.dto.ts
FNF:0
FNH:0
DA:1,0
DA:3,0
DA:5,0
DA:11,0
LF:4
LH:0
BRF:0
BRH:0
end_of_record
TN:
SF:src/modules/settings/dto/update-setting.dto.ts
FNF:0
FNH:0
DA:2,0
DA:3,0
DA:5,0
LF:3
LH:0
BRF:0
BRH:0
end_of_record
TN:
SF:src/modules/settings/entities/system-setting.entity.ts
FNF:0
FNH:0
DA:2,0
DA:9,0
DA:12,0
DA:15,0
DA:19,0
DA:23,0
DA:27,0
DA:35,0
DA:43,0
LF:9
LH:0
BRF:0
BRH:0
end_of_record
TN:
SF:src/modules/settings/services/settings.service.ts
FN:59,(anonymous_4)
FN:68,(anonymous_5)
FN:77,(anonymous_6)
FN:87,(anonymous_7)
FN:127,(anonymous_8)
FN:178,(anonymous_9)
FN:215,(anonymous_10)
FN:259,(anonymous_11)
FN:289,(anonymous_12)
FN:307,(anonymous_13)
FN:331,(anonymous_14)
FNF:11
FNH:0
FNDA:0,(anonymous_4)
FNDA:0,(anonymous_5)
FNDA:0,(anonymous_6)
FNDA:0,(anonymous_7)
FNDA:0,(anonymous_8)
FNDA:0,(anonymous_9)
FNDA:0,(anonymous_10)
FNDA:0,(anonymous_11)
FNDA:0,(anonymous_12)
FNDA:0,(anonymous_13)
FNDA:0,(anonymous_14)
DA:1,0
DA:2,0
DA:3,0
DA:4,0
DA:56,0
DA:57,0
DA:61,0
DA:69,0
DA:78,0
DA:88,0
DA:90,0
DA:91,0
DA:94,0
DA:97,0
DA:98,0
DA:100,0
DA:102,0
DA:104,0
DA:106,0
DA:110,0
DA:111,0
DA:114,0
DA:136,0
DA:137,0
DA:138,0
DA:140,0
DA:144,0
DA:145,0
DA:148,0
DA:151,0
DA:153,0
DA:154,0
DA:155,0
DA:157,0
DA:158,0
DA:161,0
DA:163,0
DA:170,0
DA:179,0
DA:216,0
DA:260,0
DA:290,0
DA:310,0
DA:312,0
DA:313,0
DA:320,0
DA:323,0
DA:332,0
DA:333,0
LF:49
LH:0
BRDA:90,0,0,0
BRDA:98,1,0,0
BRDA:98,1,1,0
BRDA:98,1,2,0
BRDA:98,1,3,0
BRDA:110,2,0,0
BRDA:110,2,1,0
BRDA:130,3,0,0
BRDA:137,4,0,0
BRDA:137,4,1,0
BRDA:144,5,0,0
BRDA:144,5,1,0
BRDA:153,6,0,0
BRDA:153,6,1,0
BRDA:157,7,0,0
BRDA:316,8,0,0
BRDA:316,8,1,0
BRDA:333,9,0,0
BRDA:333,9,1,0
BRF:19
BRH:0
end_of_record
TN:
SF:src/modules/tenants/tenants.module.ts
FNF:0
FNH:0
DA:2,0
DA:3,0
DA:4,0
DA:5,0
DA:6,0
DA:7,0
DA:8,0
DA:18,0
LF:8
LH:0
BRF:0
BRH:0
end_of_record
TN:
SF:src/modules/tenants/controllers/tenants.controller.ts
FN:52,toTenantMembershipDto
FN:66,toTenantInvitationDto
FN:107,toTenantResponseDto
FN:123,(anonymous_7)
FN:136,(anonymous_8)
FN:185,(anonymous_9)
FN:206,(anonymous_10)
FN:241,(anonymous_11)
FN:262,(anonymous_12)
FN:274,(anonymous_13)
FN:299,(anonymous_14)
FN:317,(anonymous_15)
FN:332,(anonymous_16)
FN:343,(anonymous_17)
FN:359,(anonymous_18)
FN:375,(anonymous_19)
FN:393,(anonymous_20)
FNF:17
FNH:0
FNDA:0,toTenantMembershipDto
FNDA:0,toTenantInvitationDto
FNDA:0,toTenantResponseDto
FNDA:0,(anonymous_7)
FNDA:0,(anonymous_8)
FNDA:0,(anonymous_9)
FNDA:0,(anonymous_10)
FNDA:0,(anonymous_11)
FNDA:0,(anonymous_12)
FNDA:0,(anonymous_13)
FNDA:0,(anonymous_14)
FNDA:0,(anonymous_15)
FNDA:0,(anonymous_16)
FNDA:0,(anonymous_17)
FNDA:0,(anonymous_18)
FNDA:0,(anonymous_19)
FNDA:0,(anonymous_20)
DA:2,0
DA:16,0
DA:29,0
DA:30,0
DA:31,0
DA:32,0
DA:33,0
DA:34,0
DA:35,0
DA:36,0
DA:37,0
DA:39,0
DA:43,0
DA:44,0
DA:45,0
DA:46,0
DA:47,0
DA:48,0
DA:55,0
DA:69,0
DA:99,0
DA:104,0
DA:108,0
DA:122,0
DA:123,0
DA:136,0
DA:139,0
DA:140,0
DA:141,0
DA:148,0
DA:149,0
DA:185,0
DA:190,0
DA:195,0
DA:206,0
DA:209,0
DA:210,0
DA:211,0
DA:217,0
DA:241,0
DA:245,0
DA:246,0
DA:262,0
DA:263,0
DA:264,0
DA:274,0
DA:278,0
DA:279,0
DA:282,0
DA:284,0
DA:289,0
DA:299,0
DA:303,0
DA:307,0
DA:317,0
DA:321,0
DA:322,0
DA:324,0
DA:325,0
DA:332,0
DA:335,0
DA:336,0
DA:343,0
DA:347,0
DA:351,0
DA:359,0
DA:362,0
DA:363,0
DA:365,0
DA:366,0
DA:375,0
DA:379,0
DA:380,0
DA:382,0
DA:383,0
DA:393,0
DA:398,0
DA:399,0
DA:401,0
DA:406,0
LF:80
LH:0
BRDA:148,0,0,0
BRDA:148,0,1,0
BRDA:186,1,0,0
BRDA:187,2,0,0
BRDA:221,3,0,0
BRDA:221,3,1,0
BRDA:278,4,0,0
BRDA:321,5,0,0
BRDA:362,6,0,0
BRDA:379,7,0,0
BRDA:398,8,0,0
BRF:11
BRH:0
end_of_record
TN:
SF:src/modules/tenants/dto/add-user-to-tenant.dto.ts
FN:4,(anonymous_2)
FNF:1
FNH:0
FNDA:0,(anonymous_2)
DA:1,0
DA:2,0
DA:4,0
DA:5,0
DA:6,0
DA:7,0
DA:10,0
DA:16,0
DA:23,0
LF:9
LH:0
BRDA:4,0,0,0
BRDA:4,0,1,0
BRF:2
BRH:0
end_of_record
TN:
SF:src/modules/tenants/dto/api-response.dto.ts
FNF:0
FNH:0
DA:1,1
DA:3,1
DA:5,1
DA:8,1
DA:11,1
DA:14,1
DA:16,1
DA:19,1
DA:22,1
DA:25,1
DA:31,1
LF:11
LH:11
BRF:0
BRH:0
end_of_record
TN:
SF:src/modules/tenants/dto/create-tenant.dto.ts
FNF:0
FNH:0
DA:3,0
DA:4,0
DA:6,0
DA:10,0
DA:18,0
DA:26,0
DA:31,0
DA:40,0
LF:8
LH:0
BRF:0
BRH:0
end_of_record
TN:
SF:src/modules/tenants/dto/success-response.dto.ts
FNF:0
FNH:0
DA:1,0
DA:3,0
DA:5,0
LF:3
LH:0
BRF:0
BRH:0
end_of_record
TN:
SF:src/modules/tenants/dto/tenant-invitation.dto.ts
FN:3,(anonymous_2)
FNF:1
FNH:0
FNDA:0,(anonymous_2)
DA:1,0
DA:3,0
DA:4,0
DA:5,0
DA:6,0
DA:9,0
DA:11,0
DA:14,0
DA:17,0
DA:20,0
DA:23,0
DA:26,0
DA:29,0
DA:32,0
DA:35,0
DA:38,0
DA:41,0
LF:17
LH:0
BRDA:3,0,0,0
BRDA:3,0,1,0
BRF:2
BRH:0
end_of_record
TN:
SF:src/modules/tenants/dto/tenant-member.dto.ts
FNF:0
FNH:0
DA:1,0
DA:2,0
DA:4,0
DA:6,0
DA:9,0
DA:12,0
DA:15,0
DA:17,0
LF:8
LH:0
BRF:0
BRH:0
end_of_record
TN:
SF:src/modules/tenants/dto/tenant-membership.dto.ts
FNF:0
FNH:0
DA:1,0
DA:2,0
DA:4,0
DA:6,0
DA:9,0
DA:12,0
DA:15,0
DA:18,0
DA:21,0
DA:24,0
LF:10
LH:0
BRF:0
BRH:0
end_of_record
TN:
SF:src/modules/tenants/dto/tenant-response.dto.ts
FNF:0
FNH:0
DA:1,0
DA:3,0
DA:5,0
DA:8,0
DA:11,0
DA:14,0
DA:17,0
DA:24,0
DA:27,0
DA:30,0
LF:10
LH:0
BRF:0
BRH:0
end_of_record
TN:
SF:src/modules/tenants/dto/update-tenant-membership.dto.ts
FNF:0
FNH:0
DA:1,0
DA:2,0
DA:3,0
DA:5,0
DA:11,0
LF:5
LH:0
BRF:0
BRH:0
end_of_record
TN:
SF:src/modules/tenants/dto/update-tenant.dto.ts
FNF:0
FNH:0
DA:2,0
DA:3,0
DA:5,0
DA:8,0
DA:10,0
DA:12,0
DA:16,0
LF:7
LH:0
BRF:0
BRH:0
end_of_record
TN:
SF:src/modules/tenants/entities/tenant-invitation.entity.ts
FN:46,(anonymous_2)
FN:46,(anonymous_3)
FN:50,(anonymous_4)
FN:54,(anonymous_5)
FNF:4
FNH:0
FNDA:0,(anonymous_2)
FNDA:0,(anonymous_3)
FNDA:0,(anonymous_4)
FNDA:0,(anonymous_5)
DA:1,0
DA:11,0
DA:12,0
DA:13,0
DA:16,0
DA:18,0
DA:21,0
DA:24,0
DA:28,0
DA:31,0
DA:35,0
DA:38,0
DA:41,0
DA:44,0
DA:46,0
DA:48,0
DA:50,0
DA:52,0
DA:54,0
DA:56,0
DA:59,0
DA:62,0
LF:22
LH:0
BRF:0
BRH:0
end_of_record
TN:
SF:src/modules/tenants/entities/tenant-membership.entity.ts
FN:28,(anonymous_2)
FN:28,(anonymous_3)
FN:32,(anonymous_4)
FN:32,(anonymous_5)
FNF:4
FNH:0
FNDA:0,(anonymous_2)
FNDA:0,(anonymous_3)
FNDA:0,(anonymous_4)
FNDA:0,(anonymous_5)
DA:1,0
DA:11,0
DA:12,0
DA:15,0
DA:17,0
DA:20,0
DA:23,0
DA:26,0
DA:28,0
DA:30,0
DA:32,0
DA:34,0
DA:37,0
DA:40,0
DA:43,0
LF:15
LH:0
BRF:0
BRH:0
end_of_record
TN:
SF:src/modules/tenants/entities/tenant.entity.ts
FN:38,(anonymous_2)
FN:38,(anonymous_3)
FN:41,(anonymous_4)
FN:41,(anonymous_5)
FN:44,(anonymous_6)
FN:44,(anonymous_7)
FN:47,(anonymous_8)
FN:47,(anonymous_9)
FNF:8
FNH:0
FNDA:0,(anonymous_2)
FNDA:0,(anonymous_3)
FNDA:0,(anonymous_4)
FNDA:0,(anonymous_5)
FNDA:0,(anonymous_6)
FNDA:0,(anonymous_7)
FNDA:0,(anonymous_8)
FNDA:0,(anonymous_9)
DA:3,0
DA:12,0
DA:13,0
DA:14,0
DA:15,0
DA:18,0
DA:20,0
DA:23,0
DA:26,0
DA:29,0
DA:32,0
DA:35,0
DA:38,0
DA:39,0
DA:41,0
DA:42,0
DA:44,0
DA:45,0
DA:47,0
DA:48,0
DA:51,0
DA:54,0
DA:57,0
LF:23
LH:0
BRF:0
BRH:0
end_of_record
TN:
SF:src/modules/tenants/services/tenants.service.ts
FN:75,(anonymous_4)
FN:90,(anonymous_5)
FN:106,(anonymous_6)
FN:112,(anonymous_7)
FN:124,(anonymous_8)
FN:144,(anonymous_9)
FN:162,(anonymous_10)
FN:167,(anonymous_11)
FN:183,(anonymous_12)
FN:209,(anonymous_13)
FN:225,(anonymous_14)
FN:241,(anonymous_15)
FN:264,(anonymous_16)
FN:282,(anonymous_17)
FN:306,(anonymous_18)
FN:347,(anonymous_19)
FN:379,(anonymous_20)
FN:403,(anonymous_21)
FN:416,(anonymous_22)
FN:433,(anonymous_23)
FN:437,(anonymous_24)
FN:441,(anonymous_25)
FN:463,(anonymous_26)
FN:467,(anonymous_27)
FN:471,(anonymous_28)
FN:481,(anonymous_29)
FN:498,(anonymous_30)
FN:519,(anonymous_31)
FN:546,(anonymous_32)
FN:565,(anonymous_33)
FN:586,(anonymous_34)
FN:607,(anonymous_35)
FNF:32
FNH:0
FNDA:0,(anonymous_4)
FNDA:0,(anonymous_5)
FNDA:0,(anonymous_6)
FNDA:0,(anonymous_7)
FNDA:0,(anonymous_8)
FNDA:0,(anonymous_9)
FNDA:0,(anonymous_10)
FNDA:0,(anonymous_11)
FNDA:0,(anonymous_12)
FNDA:0,(anonymous_13)
FNDA:0,(anonymous_14)
FNDA:0,(anonymous_15)
FNDA:0,(anonymous_16)
FNDA:0,(anonymous_17)
FNDA:0,(anonymous_18)
FNDA:0,(anonymous_19)
FNDA:0,(anonymous_20)
FNDA:0,(anonymous_21)
FNDA:0,(anonymous_22)
FNDA:0,(anonymous_23)
FNDA:0,(anonymous_24)
FNDA:0,(anonymous_25)
FNDA:0,(anonymous_26)
FNDA:0,(anonymous_27)
FNDA:0,(anonymous_28)
FNDA:0,(anonymous_29)
FNDA:0,(anonymous_30)
FNDA:0,(anonymous_31)
FNDA:0,(anonymous_32)
FNDA:0,(anonymous_33)
FNDA:0,(anonymous_34)
FNDA:0,(anonymous_35)
DA:1,0
DA:8,0
DA:9,0
DA:10,0
DA:11,0
DA:12,0
DA:13,0
DA:14,0
DA:72,0
DA:73,0
DA:77,0
DA:79,0
DA:81,0
DA:92,0
DA:93,0
DA:97,0
DA:98,0
DA:102,0
DA:103,0
DA:107,0
DA:113,0
DA:117,0
DA:118,0
DA:121,0
DA:125,0
DA:129,0
DA:130,0
DA:133,0
DA:145,0
DA:148,0
DA:149,0
DA:153,0
DA:154,0
DA:158,0
DA:159,0
DA:163,0
DA:164,0
DA:168,0
DA:169,0
DA:170,0
DA:189,0
DA:193,0
DA:194,0
DA:198,0
DA:200,0
DA:206,0
DA:213,0
DA:214,0
DA:217,0
DA:219,0
DA:226,0
DA:246,0
DA:247,0
DA:250,0
DA:252,0
DA:256,0
DA:257,0
DA:260,0
DA:261,0
DA:265,0
DA:266,0
DA:269,0
DA:271,0
DA:275,0
DA:276,0
DA:279,0
DA:283,0
DA:284,0
DA:287,0
DA:289,0
DA:313,0
DA:316,0
DA:324,0
DA:325,0
DA:331,0
DA:332,0
DA:333,0
DA:335,0
DA:344,0
DA:348,0
DA:353,0
DA:354,0
DA:358,0
DA:359,0
DA:363,0
DA:364,0
DA:367,0
DA:383,0
DA:386,0
DA:390,0
DA:391,0
DA:395,0
DA:396,0
DA:397,0
DA:400,0
DA:404,0
DA:405,0
DA:408,0
DA:410,0
DA:417,0
DA:421,0
DA:422,0
DA:425,0
DA:434,0
DA:438,0
DA:442,0
DA:443,0
DA:444,0
DA:445,0
DA:448,0
DA:449,0
DA:453,0
DA:454,0
DA:464,0
DA:468,0
DA:472,0
DA:473,0
DA:476,0
DA:478,0
DA:482,0
DA:483,0
DA:486,0
DA:488,0
DA:502,0
DA:505,0
DA:506,0
DA:508,0
DA:509,0
DA:523,0
DA:524,0
DA:527,0
DA:529,0
DA:551,0
DA:552,0
DA:555,0
DA:557,0
DA:558,0
DA:559,0
DA:561,0
DA:562,0
DA:566,0
DA:567,0
DA:570,0
DA:572,0
DA:587,0
DA:588,0
DA:589,0
DA:591,0
DA:611,0
DA:612,0
DA:613,0
DA:615,0
DA:619,0
DA:620,0
LF:154
LH:0
BRDA:92,0,0,0
BRDA:97,1,0,0
BRDA:117,2,0,0
BRDA:129,3,0,0
BRDA:148,4,0,0
BRDA:148,5,0,0
BRDA:148,5,1,0
BRDA:153,6,0,0
BRDA:186,7,0,0
BRDA:193,8,0,0
BRDA:213,9,0,0
BRDA:246,10,0,0
BRDA:256,11,0,0
BRDA:265,12,0,0
BRDA:275,13,0,0
BRDA:283,14,0,0
BRDA:310,15,0,0
BRDA:324,16,0,0
BRDA:353,17,0,0
BRDA:358,18,0,0
BRDA:363,19,0,0
BRDA:390,20,0,0
BRDA:404,21,0,0
BRDA:421,22,0,0
BRDA:442,23,0,0
BRDA:442,23,1,0
BRDA:443,24,0,0
BRDA:443,24,1,0
BRDA:448,25,0,0
BRDA:472,26,0,0
BRDA:482,27,0,0
BRDA:505,28,0,0
BRDA:523,29,0,0
BRDA:551,30,0,0
BRDA:558,31,0,0
BRDA:566,32,0,0
BRDA:588,33,0,0
BRDA:591,34,0,0
BRDA:591,34,1,0
BRDA:612,35,0,0
BRDA:616,36,0,0
BRDA:616,36,1,0
BRF:42
BRH:0
end_of_record
TN:
SF:src/modules/users/users.module.ts
FN:18,(anonymous_1)
FNF:1
FNH:0
FNDA:0,(anonymous_1)
DA:2,0
DA:3,0
DA:4,0
DA:5,0
DA:6,0
DA:7,0
DA:8,0
DA:9,0
DA:10,0
DA:11,0
DA:12,0
DA:13,0
DA:18,0
DA:26,0
LF:14
LH:0
BRF:0
BRH:0
end_of_record
TN:
SF:src/modules/users/controllers/users.controller.ts
FN:47,(anonymous_4)
FN:57,(anonymous_5)
FN:67,(anonymous_6)
FN:78,(anonymous_7)
FN:112,(anonymous_8)
FN:141,(anonymous_9)
FN:180,(anonymous_10)
FN:213,(anonymous_11)
FN:229,(anonymous_12)
FN:245,(anonymous_13)
FN:253,(anonymous_14)
FN:271,(anonymous_15)
FNF:12
FNH:0
FNDA:0,(anonymous_4)
FNDA:0,(anonymous_5)
FNDA:0,(anonymous_6)
FNDA:0,(anonymous_7)
FNDA:0,(anonymous_8)
FNDA:0,(anonymous_9)
FNDA:0,(anonymous_10)
FNDA:0,(anonymous_11)
FNDA:0,(anonymous_12)
FNDA:0,(anonymous_13)
FNDA:0,(anonymous_14)
FNDA:0,(anonymous_15)
DA:2,0
DA:16,0
DA:17,0
DA:18,0
DA:19,0
DA:20,0
DA:21,0
DA:22,0
DA:23,0
DA:24,0
DA:25,0
DA:26,0
DA:27,0
DA:28,0
DA:35,0
DA:36,0
DA:38,0
DA:39,0
DA:46,0
DA:47,0
DA:57,0
DA:58,0
DA:67,0
DA:68,0
DA:78,0
DA:80,0
DA:82,0
DA:85,0
DA:86,0
DA:87,0
DA:90,0
DA:112,0
DA:117,0
DA:122,0
DA:141,0
DA:142,0
DA:144,0
DA:180,0
DA:188,0
DA:190,0
DA:195,0
DA:203,0
DA:213,0
DA:214,0
DA:229,0
DA:230,0
DA:245,0
DA:246,0
DA:253,0
DA:256,0
DA:260,0
DA:261,0
DA:262,0
DA:264,0
DA:271,0
DA:275,0
DA:280,0
DA:281,0
LF:58
LH:0
BRDA:68,0,0,0
BRDA:68,0,1,0
BRDA:85,1,0,0
BRDA:188,2,0,0
BRDA:261,3,0,0
BRF:5
BRH:0
end_of_record
TN:
SF:src/modules/users/dto/create-user.dto.ts
FNF:0
FNH:0
DA:2,0
DA:10,0
DA:12,0
DA:15,0
DA:27,0
DA:31,0
DA:35,0
DA:40,0
DA:45,0
DA:50,0
DA:55,0
DA:61,0
DA:66,0
DA:71,0
DA:76,0
DA:81,0
DA:86,0
DA:91,0
DA:96,0
DA:101,0
LF:20
LH:0
BRF:0
BRH:0
end_of_record
TN:
SF:src/modules/users/dto/search-users.dto.ts
FNF:0
FNH:0
DA:1,0
DA:2,0
DA:4,0
DA:8,0
DA:13,0
DA:18,0
DA:23,0
DA:28,0
DA:33,0
LF:9
LH:0
BRF:0
BRH:0
end_of_record
TN:
SF:src/modules/users/dto/update-user-profile.dto.ts
FNF:0
FNH:0
DA:1,0
DA:2,0
DA:9,0
DA:14,0
DA:20,0
DA:25,0
DA:31,0
DA:37,0
DA:43,0
DA:49,0
DA:55,0
DA:61,0
DA:67,0
DA:73,0
DA:79,0
LF:15
LH:0
BRF:0
BRH:0
end_of_record
TN:
SF:src/modules/users/dto/update-user.dto.ts
FNF:0
FNH:0
DA:2,0
DA:3,0
DA:4,0
DA:12,0
DA:14,0
DA:18,0
DA:31,0
DA:36,0
DA:41,0
DA:46,0
DA:51,0
DA:56,0
DA:61,0
DA:66,0
DA:71,0
DA:76,0
DA:81,0
DA:86,0
DA:91,0
DA:96,0
DA:101,0
DA:106,0
LF:22
LH:0
BRF:0
BRH:0
end_of_record
TN:
SF:src/modules/users/dto/user-profile.dto.ts
FNF:0
FNH:0
DA:1,0
DA:3,0
DA:4,0
DA:5,0
DA:6,0
DA:7,0
DA:8,0
DA:9,0
DA:10,0
DA:11,0
DA:12,0
LF:11
LH:0
BRF:0
BRH:0
end_of_record
TN:
SF:src/modules/users/dto/user-response.dto.ts
FNF:0
FNH:0
DA:1,0
DA:3,0
DA:4,0
DA:5,0
DA:6,0
DA:7,0
DA:8,0
DA:9,0
DA:10,0
DA:11,0
DA:12,0
DA:13,0
DA:14,0
DA:15,0
DA:16,0
DA:17,0
DA:18,0
DA:19,0
DA:20,0
DA:21,0
DA:22,0
DA:23,0
DA:24,0
DA:25,0
DA:26,0
DA:27,0
LF:26
LH:0
BRF:0
BRH:0
end_of_record
TN:
SF:src/modules/users/entities/user.entity.ts
FN:140,(anonymous_2)
FN:140,(anonymous_3)
FN:143,(anonymous_4)
FN:143,(anonymous_5)
FN:146,(anonymous_6)
FN:146,(anonymous_7)
FN:149,(anonymous_8)
FN:149,(anonymous_9)
FN:152,(anonymous_10)
FN:152,(anonymous_11)
FN:155,(anonymous_12)
FN:155,(anonymous_13)
FN:158,(anonymous_14)
FN:158,(anonymous_15)
FN:161,(anonymous_16)
FN:161,(anonymous_17)
FN:164,(anonymous_18)
FN:164,(anonymous_19)
FNF:18
FNH:0
FNDA:0,(anonymous_2)
FNDA:0,(anonymous_3)
FNDA:0,(anonymous_4)
FNDA:0,(anonymous_5)
FNDA:0,(anonymous_6)
FNDA:0,(anonymous_7)
FNDA:0,(anonymous_8)
FNDA:0,(anonymous_9)
FNDA:0,(anonymous_10)
FNDA:0,(anonymous_11)
FNDA:0,(anonymous_12)
FNDA:0,(anonymous_13)
FNDA:0,(anonymous_14)
FNDA:0,(anonymous_15)
FNDA:0,(anonymous_16)
FNDA:0,(anonymous_17)
FNDA:0,(anonymous_18)
FNDA:0,(anonymous_19)
DA:2,0
DA:10,0
DA:11,0
DA:12,0
DA:13,0
DA:14,0
DA:15,0
DA:16,0
DA:17,0
DA:18,0
DA:19,0
DA:22,0
DA:24,0
DA:27,0
DA:31,0
DA:34,0
DA:37,0
DA:40,0
DA:43,0
DA:46,0
DA:49,0
DA:52,0
DA:55,0
DA:59,0
DA:63,0
DA:67,0
DA:71,0
DA:75,0
DA:79,0
DA:83,0
DA:87,0
DA:91,0
DA:95,0
DA:98,0
DA:102,0
DA:105,0
DA:108,0
DA:111,0
DA:114,0
DA:117,0
DA:120,0
DA:123,0
DA:126,0
DA:130,0
DA:134,0
DA:137,0
DA:140,0
DA:141,0
DA:143,0
DA:144,0
DA:146,0
DA:147,0
DA:149,0
DA:150,0
DA:152,0
DA:153,0
DA:155,0
DA:156,0
DA:158,0
DA:159,0
DA:161,0
DA:162,0
DA:164,0
DA:165,0
DA:168,0
DA:171,0
LF:66
LH:0
BRF:0
BRH:0
end_of_record
TN:
SF:src/modules/users/guards/profile-update.guard.ts
FN:19,(anonymous_2)
FN:24,(anonymous_3)
FN:69,(anonymous_4)
FNF:3
FNH:0
FNDA:0,(anonymous_2)
FNDA:0,(anonymous_3)
FNDA:0,(anonymous_4)
DA:1,0
DA:7,0
DA:8,0
DA:18,0
DA:20,0
DA:21,0
DA:26,0
DA:27,0
DA:30,0
DA:34,0
DA:35,0
DA:39,0
DA:44,0
DA:45,0
DA:49,0
DA:68,0
DA:69,0
DA:72,0
DA:73,0
DA:78,0
LF:20
LH:0
BRDA:34,0,0,0
BRDA:34,1,0,0
BRDA:34,1,1,0
BRDA:34,1,2,0
BRDA:44,2,0,0
BRDA:72,3,0,0
BRF:6
BRH:0
end_of_record
TN:
SF:src/modules/users/services/users.service.ts
FN:54,(anonymous_4)
FN:65,(anonymous_5)
FN:75,(anonymous_6)
FN:88,(anonymous_7)
FN:99,(anonymous_8)
FN:110,(anonymous_9)
FN:116,(anonymous_10)
FN:134,(anonymous_11)
FN:163,(anonymous_12)
FN:220,(anonymous_13)
FN:264,(anonymous_14)
FN:269,(anonymous_15)
FN:274,(anonymous_16)
FN:294,(anonymous_17)
FN:331,(anonymous_18)
FN:338,(anonymous_19)
FN:344,(anonymous_20)
FN:354,(anonymous_21)
FN:369,(anonymous_22)
FN:387,(anonymous_23)
FN:405,(anonymous_24)
FN:412,(anonymous_25)
FN:474,(anonymous_26)
FN:482,(anonymous_27)
FN:492,(anonymous_28)
FN:499,(anonymous_29)
FN:511,(anonymous_30)
FN:516,(anonymous_31)
FN:525,(anonymous_32)
FN:599,(anonymous_33)
FN:630,(anonymous_34)
FNF:31
FNH:0
FNDA:0,(anonymous_4)
FNDA:0,(anonymous_5)
FNDA:0,(anonymous_6)
FNDA:0,(anonymous_7)
FNDA:0,(anonymous_8)
FNDA:0,(anonymous_9)
FNDA:0,(anonymous_10)
FNDA:0,(anonymous_11)
FNDA:0,(anonymous_12)
FNDA:0,(anonymous_13)
FNDA:0,(anonymous_14)
FNDA:0,(anonymous_15)
FNDA:0,(anonymous_16)
FNDA:0,(anonymous_17)
FNDA:0,(anonymous_18)
FNDA:0,(anonymous_19)
FNDA:0,(anonymous_20)
FNDA:0,(anonymous_21)
FNDA:0,(anonymous_22)
FNDA:0,(anonymous_23)
FNDA:0,(anonymous_24)
FNDA:0,(anonymous_25)
FNDA:0,(anonymous_26)
FNDA:0,(anonymous_27)
FNDA:0,(anonymous_28)
FNDA:0,(anonymous_29)
FNDA:0,(anonymous_30)
FNDA:0,(anonymous_31)
FNDA:0,(anonymous_32)
FNDA:0,(anonymous_33)
FNDA:0,(anonymous_34)
DA:31,0
DA:38,0
DA:39,0
DA:40,0
DA:41,0
DA:42,0
DA:43,0
DA:44,0
DA:45,0
DA:46,0
DA:47,0
DA:51,0
DA:52,0
DA:56,0
DA:58,0
DA:59,0
DA:60,0
DA:61,0
DA:62,0
DA:66,0
DA:76,0
DA:81,0
DA:82,0
DA:85,0
DA:89,0
DA:100,0
DA:111,0
DA:118,0
DA:119,0
DA:120,0
DA:121,0
DA:126,0
DA:127,0
DA:130,0
DA:131,0
DA:135,0
DA:138,0
DA:139,0
DA:140,0
DA:141,0
DA:146,0
DA:147,0
DA:151,0
DA:152,0
DA:170,0
DA:173,0
DA:178,0
DA:179,0
DA:182,0
DA:200,0
DA:216,0
DA:219,0
DA:221,0
DA:222,0
DA:223,0
DA:226,0
DA:232,0
DA:237,0
DA:244,0
DA:245,0
DA:249,0
DA:250,0
DA:253,0
DA:261,0
DA:265,0
DA:266,0
DA:270,0
DA:271,0
DA:279,0
DA:282,0
DA:283,0
DA:284,0
DA:288,0
DA:289,0
DA:291,0
DA:296,0
DA:300,0
DA:302,0
DA:303,0
DA:307,0
DA:310,0
DA:314,0
DA:315,0
DA:319,0
DA:320,0
DA:321,0
DA:323,0
DA:328,0
DA:332,0
DA:339,0
DA:345,0
DA:347,0
DA:351,0
DA:355,0
DA:359,0
DA:360,0
DA:363,0
DA:364,0
DA:366,0
DA:370,0
DA:371,0
DA:372,0
DA:373,0
DA:375,0
DA:376,0
DA:378,0
DA:384,0
DA:388,0
DA:389,0
DA:390,0
DA:391,0
DA:397,0
DA:402,0
DA:406,0
DA:407,0
DA:408,0
DA:409,0
DA:417,0
DA:419,0
DA:423,0
DA:425,0
DA:426,0
DA:428,0
DA:430,0
DA:434,0
DA:437,0
DA:438,0
DA:439,0
DA:443,0
DA:446,0
DA:447,0
DA:451,0
DA:453,0
DA:454,0
DA:458,0
DA:461,0
DA:462,0
DA:463,0
DA:464,0
DA:465,0
DA:466,0
DA:467,0
DA:468,0
DA:471,0
DA:475,0
DA:479,0
DA:483,0
DA:493,0
DA:494,0
DA:495,0
DA:500,0
DA:503,0
DA:504,0
DA:506,0
DA:507,0
DA:508,0
DA:513,0
DA:518,0
DA:519,0
DA:520,0
DA:522,0
DA:529,0
DA:532,0
DA:536,0
DA:538,0
DA:542,0
DA:545,0
DA:550,0
DA:554,0
DA:557,0
DA:558,0
DA:562,0
DA:566,0
DA:567,0
DA:568,0
DA:570,0
DA:572,0
DA:573,0
DA:574,0
DA:575,0
DA:576,0
DA:578,0
DA:580,0
DA:584,0
DA:585,0
DA:587,0
DA:588,0
DA:590,0
DA:601,0
DA:604,0
DA:605,0
DA:606,0
DA:607,0
DA:609,0
DA:610,0
DA:611,0
DA:616,0
DA:618,0
DA:619,0
DA:621,0
DA:631,0
LF:201
LH:0
BRDA:81,0,0,0
BRDA:118,1,0,0
BRDA:120,2,0,0
BRDA:126,3,0,0
BRDA:138,4,0,0
BRDA:138,5,0,0
BRDA:138,5,1,0
BRDA:140,6,0,0
BRDA:146,7,0,0
BRDA:178,8,0,0
BRDA:221,9,0,0
BRDA:221,10,0,0
BRDA:221,10,1,0
BRDA:232,11,0,0
BRDA:233,12,0,0
BRDA:233,12,1,0
BRDA:233,12,2,0
BRDA:244,13,0,0
BRDA:283,14,0,0
BRDA:296,15,0,0
BRDA:296,15,1,0
BRDA:302,16,0,0
BRDA:314,17,0,0
BRDA:359,18,0,0
BRDA:406,19,0,0
BRDA:406,20,0,0
BRDA:406,20,1,0
BRDA:407,21,0,0
BRDA:408,22,0,0
BRDA:423,23,0,0
BRDA:428,24,0,0
BRDA:428,25,0,0
BRDA:428,25,1,0
BRDA:437,26,0,0
BRDA:437,27,0,0
BRDA:437,27,1,0
BRDA:438,28,0,0
BRDA:438,29,0,0
BRDA:438,29,1,0
BRDA:446,30,0,0
BRDA:453,31,0,0
BRDA:453,32,0,0
BRDA:453,32,1,0
BRDA:494,33,0,0
BRDA:503,34,0,0
BRDA:519,35,0,0
BRDA:519,36,0,0
BRDA:519,36,1,0
BRDA:536,37,0,0
BRDA:545,38,0,0
BRDA:546,39,0,0
BRDA:546,39,1,0
BRDA:557,40,0,0
BRDA:604,41,0,0
BRF:54
BRH:0
end_of_record
